🔧 WORKING ON: Loading Train data
🔧 WORKING ON: Loading Validation data
🔧 WORKING ON: Loading Test data
ℹ INFO: Using the entire dataset for training and validation.
🔧 WORKING ON: Training model
ℹ INFO: Epoch 1/50 - Train Loss: 1.0537 (Cls: 0.3487, Reg: 0.7050) - Val Loss: 
0.6241 (Cls: 0.1171, Reg: 0.5070)
ℹ INFO: Epoch 2/50 - Train Loss: 0.8310 (Cls: 0.2739, Reg: 0.5571) - Val Loss: 
0.6055 (Cls: 0.1156, Reg: 0.4899)
ℹ INFO: Epoch 3/50 - Train Loss: 0.7726 (Cls: 0.2499, Reg: 0.5227) - Val Loss: 
0.5902 (Cls: 0.1089, Reg: 0.4813)
ℹ INFO: Epoch 4/50 - Train Loss: 0.7281 (Cls: 0.2274, Reg: 0.5007) - Val Loss: 
0.5637 (Cls: 0.0994, Reg: 0.4643)
ℹ INFO: Epoch 5/50 - Train Loss: 0.6927 (Cls: 0.2113, Reg: 0.4814) - Val Loss: 
0.5691 (Cls: 0.1120, Reg: 0.4571)
ℹ INFO: Epoch 6/50 - Train Loss: 0.6660 (Cls: 0.2036, Reg: 0.4624) - Val Loss: 
0.5905 (Cls: 0.1233, Reg: 0.4672)
ℹ INFO: Epoch 7/50 - Train Loss: 0.6357 (Cls: 0.1884, Reg: 0.4473) - Val Loss: 
0.5499 (Cls: 0.0978, Reg: 0.4521)
ℹ INFO: Epoch 8/50 - Train Loss: 0.6074 (Cls: 0.1755, Reg: 0.4318) - Val Loss: 
0.5643 (Cls: 0.1065, Reg: 0.4578)
ℹ INFO: Epoch 9/50 - Train Loss: 0.5799 (Cls: 0.1658, Reg: 0.4142) - Val Loss: 
0.5493 (Cls: 0.0984, Reg: 0.4509)
ℹ INFO: Epoch 10/50 - Train Loss: 0.5538 (Cls: 0.1509, Reg: 0.4029) - Val Loss: 
0.5703 (Cls: 0.0967, Reg: 0.4736)
ℹ INFO: Epoch 11/50 - Train Loss: 0.5353 (Cls: 0.1450, Reg: 0.3903) - Val Loss: 
0.5746 (Cls: 0.1206, Reg: 0.4539)
ℹ INFO: Epoch 12/50 - Train Loss: 0.5205 (Cls: 0.1392, Reg: 0.3813) - Val Loss: 
0.5469 (Cls: 0.1023, Reg: 0.4446)
ℹ INFO: Epoch 13/50 - Train Loss: 0.4994 (Cls: 0.1301, Reg: 0.3693) - Val Loss: 
0.5736 (Cls: 0.1211, Reg: 0.4525)
ℹ INFO: Epoch 14/50 - Train Loss: 0.4744 (Cls: 0.1201, Reg: 0.3543) - Val Loss: 
0.5474 (Cls: 0.1032, Reg: 0.4442)
ℹ INFO: Epoch 15/50 - Train Loss: 0.4658 (Cls: 0.1168, Reg: 0.3489) - Val Loss: 
0.5756 (Cls: 0.1438, Reg: 0.4319)
ℹ INFO: Epoch 16/50 - Train Loss: 0.4517 (Cls: 0.1075, Reg: 0.3442) - Val Loss: 
0.5617 (Cls: 0.1099, Reg: 0.4518)
ℹ INFO: Epoch 17/50 - Train Loss: 0.4356 (Cls: 0.1064, Reg: 0.3291) - Val Loss: 
0.5743 (Cls: 0.1234, Reg: 0.4509)
ℹ INFO: Epoch 18/50 - Train Loss: 0.4083 (Cls: 0.0936, Reg: 0.3147) - Val Loss: 
0.5700 (Cls: 0.1100, Reg: 0.4600)
ℹ INFO: Epoch 19/50 - Train Loss: 0.4027 (Cls: 0.0925, Reg: 0.3102) - Val Loss: 
0.5798 (Cls: 0.1202, Reg: 0.4596)
ℹ INFO: Epoch 20/50 - Train Loss: 0.3892 (Cls: 0.0890, Reg: 0.3002) - Val Loss: 
0.5826 (Cls: 0.1393, Reg: 0.4433)
ℹ INFO: Epoch 21/50 - Train Loss: 0.3776 (Cls: 0.0804, Reg: 0.2972) - Val Loss: 
0.5642 (Cls: 0.1310, Reg: 0.4331)
ℹ INFO: Epoch 22/50 - Train Loss: 0.3669 (Cls: 0.0786, Reg: 0.2883) - Val Loss: 
0.5753 (Cls: 0.1350, Reg: 0.4403)
ℹ INFO: Early stopping triggered.
🔧 WORKING ON: Visualizing predictions
Image ID: 565
Number of Proposals: 500
Predictions of potholes before NMS: 10
Predictions of potholes after NMS: 2
Image ID: 498
Number of Proposals: 500
Predictions of potholes before NMS: 2
Predictions of potholes after NMS: 1
Image ID: 11
Number of Proposals: 500
Predictions of potholes before NMS: 9
Predictions of potholes after NMS: 4
Image ID: 143
Number of Proposals: 500
Predictions of potholes before NMS: 1
Predictions of potholes after NMS: 1
Image ID: 65
Number of Proposals: 500
Predictions of potholes before NMS: 0
Predictions of potholes after NMS: 0
Image ID: 641
Number of Proposals: 500
Predictions of potholes before NMS: 0
Predictions of potholes after NMS: 0
Image ID: 627
Number of Proposals: 500
Predictions of potholes before NMS: 21
Predictions of potholes after NMS: 6
Image ID: 248
Number of Proposals: 500
Predictions of potholes before NMS: 1
Predictions of potholes after NMS: 1
Image ID: 611
Number of Proposals: 500
Predictions of potholes before NMS: 28
Predictions of potholes after NMS: 10
Image ID: 114
Number of Proposals: 500
Predictions of potholes before NMS: 8
Predictions of potholes after NMS: 2
Image Index: [196]
Number of Proposals: 12
Ground Truth Boxes: 3
Predictions Before NMS: 0
Predictions After NMS: 0
Image Index: [354]
Number of Proposals: 20
Ground Truth Boxes: 5
Predictions Before NMS: 3
Predictions After NMS: 1
Image Index: [77]
Number of Proposals: 24
Ground Truth Boxes: 6
Predictions Before NMS: 0
Predictions After NMS: 0
Image Index: [392]
Number of Proposals: 28
Ground Truth Boxes: 7
Predictions Before NMS: 2
Predictions After NMS: 1
Image Index: [88]
Number of Proposals: 40
Ground Truth Boxes: 10
Predictions Before NMS: 0
Predictions After NMS: 0
🔧 WORKING ON: Saving model
ℹ INFO: Model state_dict saved to 
saved_models/model_state_dict_EXPERIMENT4Reg15.pth
ℹ INFO: Entire model saved to saved_models/model_full_EXPERIMENT4Reg15.pth
🔧 WORKING ON: Evaluating model on Validation split
ℹ INFO: Precision-Recall curve saved as 
figures/png/EXPERIMENT4Reg15/precision_recall_curve_val_EXPERIMENT4Reg15_2024111
9-165201.png and 
figures/svg/EXPERIMENT4Reg15/precision_recall_curve_val_EXPERIMENT4Reg15_2024111
9-165201.svg
precision: [1.         1.         0.66666667 0.75       0.6        0.5
 0.42857143 0.375      0.44444444 0.4        0.45454545 0.41666667
 0.46153846 0.5        0.53333333 0.5625     0.58823529 0.61111111
 0.63157895 0.6        0.61904762 0.63636364 0.65217391 0.66666667
 0.64       0.61538462 0.59259259 0.57142857 0.5862069  0.6
 0.58064516 0.59375    0.57575758 0.55882353 0.54285714 0.52777778
 0.54054054 0.52631579 0.51282051 0.525      0.53658537 0.54761905
 0.53488372 0.52272727 0.51111111 0.5        0.5106383  0.5
 0.48979592 0.5        0.49019608 0.48076923 0.47169811 0.46296296
 0.47272727 0.46428571 0.47368421 0.46551724 0.45762712 0.46666667
 0.45901639 0.46774194 0.47619048 0.46875    0.46153846 0.45454545
 0.44776119 0.45588235 0.46376812 0.45714286 0.45070423 0.44444444
 0.45205479 0.45945946 0.45333333 0.44736842 0.44155844 0.43589744
 0.43037975 0.425      0.41975309 0.41463415 0.42168675 0.41666667
 0.41176471 0.40697674 0.40229885 0.40909091 0.40449438 0.41111111
 0.40659341 0.40217391 0.39784946 0.39361702 0.38947368 0.38541667
 0.3814433  0.37755102 0.37373737 0.37       0.37623762 0.38235294
 0.37864078 0.375      0.37142857 0.36792453 0.36448598 0.36111111
 0.35779817 0.35454545 0.36036036 0.35714286 0.36283186 0.36842105
 0.37391304 0.37068966 0.37606838 0.37288136 0.37815126 0.38333333
 0.38016529 0.37704918 0.38211382 0.37903226 0.384      0.38095238
 0.37795276 0.375      0.37209302 0.36923077 0.3740458  0.37121212
 0.36842105 0.36567164 0.36296296 0.36029412 0.3649635  0.36956522
 0.36690647 0.36428571 0.36170213 0.36619718 0.37062937 0.36805556
 0.36551724 0.3630137  0.36734694 0.36486486 0.36241611 0.36666667
 0.36423841 0.36184211 0.35947712 0.35714286 0.35483871 0.3525641
 0.35031847 0.34810127 0.34591195 0.34375    0.34161491 0.34567901
 0.34969325 0.35365854 0.35757576 0.36144578 0.36526946 0.36309524
 0.36094675 0.35882353 0.35672515 0.36046512 0.3583815  0.35632184
 0.35428571 0.35227273 0.3559322  0.35393258 0.3575419  0.35555556
 0.35359116 0.35164835 0.34972678 0.35326087 0.35135135 0.34946237
 0.34759358 0.34574468 0.34391534 0.34210526 0.34031414 0.33854167
 0.33678756 0.33505155 0.33846154 0.33673469 0.33502538 0.33838384
 0.33668342 0.34       0.33830846 0.33663366 0.33990148 0.33823529
 0.34146341 0.34466019 0.34299517 0.34134615 0.34449761 0.34285714
 0.34123223 0.34433962 0.342723   0.34579439 0.34418605 0.34259259
 0.34101382 0.33944954 0.33789954 0.33636364 0.33484163 0.33333333
 0.33183857 0.33035714 0.32888889 0.32743363 0.32599119 0.32894737
 0.32751092 0.32608696 0.32467532 0.32327586 0.32188841 0.32051282
 0.32340426 0.3220339  0.32067511 0.31932773 0.31799163 0.31666667
 0.3153527  0.31818182 0.31687243 0.31557377 0.31428571 0.31300813
 0.31174089 0.31048387 0.30923695 0.308      0.30677291 0.30555556
 0.30434783 0.30314961 0.30196078 0.30078125 0.29961089 0.29844961
 0.2972973  0.29615385 0.29501916 0.29770992 0.29657795 0.29545455
 0.29433962 0.29323308 0.29213483 0.29104478 0.28996283 0.28888889
 0.28782288 0.29044118 0.28937729 0.28832117 0.28727273 0.28623188
 0.28519856 0.28417266 0.28315412 0.28214286 0.28113879 0.28014184
 0.27915194 0.28169014 0.28070175 0.27972028 0.28222997 0.28125
 0.28027682 0.27931034 0.27835052 0.27739726 0.27645051 0.2755102
 0.27457627 0.27364865 0.27272727 0.27181208 0.27090301 0.27
 0.26910299 0.26821192 0.26732673 0.26644737 0.26557377 0.26797386
 0.26710098 0.26623377 0.26537217 0.26451613 0.26366559 0.26602564
 0.26517572 0.26433121 0.26349206 0.26265823 0.26182965 0.26100629
 0.26018809 0.259375   0.25856698 0.26086957 0.26315789 0.26234568
 0.26153846 0.26380368 0.26299694 0.26219512 0.26443769 0.26363636
 0.26283988 0.26204819 0.26126126 0.26047904 0.25970149 0.25892857
 0.25816024 0.25739645 0.25663717 0.25588235 0.25513196 0.25730994
 0.25655977 0.25581395 0.25507246 0.25433526 0.25648415 0.25574713
 0.25501433 0.25428571 0.25356125 0.25284091 0.25212465 0.25141243
 0.25070423 0.25       0.24929972 0.25139665 0.25069638 0.25
 0.24930748 0.24861878 0.24793388 0.25       0.25205479 0.25409836
 0.25340599 0.25543478 0.25474255 0.25405405 0.25606469 0.25537634
 0.25469169 0.25668449 0.256      0.25531915 0.25464191 0.25396825
 0.25329815 0.25263158 0.2519685  0.2513089  0.25065274 0.25
 0.25194805 0.25129534 0.25064599 0.25       0.24935733 0.24871795
 0.24808184 0.24744898 0.24681934 0.24619289 0.24810127 0.24747475
 0.24685139 0.24623116 0.24561404 0.245      0.24438903 0.24378109
 0.24317618 0.24257426 0.24444444 0.24384236 0.24324324 0.24509804
 0.24449878 0.24390244 0.243309   0.24271845 0.24213075 0.24154589
 0.24096386 0.24038462 0.24220624 0.24401914 0.24343675 0.24285714
 0.24228029 0.24170616 0.24113475 0.24056604 0.24       0.23943662
 0.23887588 0.23831776 0.24009324 0.23953488 0.23897912 0.23842593
 0.23787529 0.23732719 0.23678161 0.23853211 0.23798627 0.23972603
 0.23917995 0.23863636 0.23809524 0.23755656 0.23702032 0.23648649
 0.23595506 0.23542601 0.23489933 0.234375   0.23385301 0.23333333
 0.23503326 0.23451327 0.23399558 0.23568282 0.23516484 0.23464912
 0.23413567 0.23362445 0.23311547 0.2326087  0.23427332 0.23376623
 0.23326134 0.23275862 0.23225806 0.23175966 0.23126338 0.23290598
 0.23240938 0.23191489 0.23354565 0.23305085 0.23255814 0.23206751
 0.23157895 0.23109244 0.23060797 0.23012552 0.22964509 0.22916667
 0.22869023 0.22821577 0.22774327 0.22727273 0.22886598 0.22839506
 0.22792608 0.22745902 0.22903885 0.22857143 0.22810591 0.22764228
 0.22718053 0.22672065 0.22626263 0.22782258 0.22736419 0.22690763
 0.22645291 0.226      0.2255489  0.22709163 0.22664016 0.22619048
 0.22574257 0.22529644 0.22485207]
recall: [0.00877193 0.01754386 0.01754386 0.02631579 0.02631579 0.02631579
 0.02631579 0.02631579 0.03508772 0.03508772 0.04385965 0.04385965
 0.05263158 0.06140351 0.07017544 0.07894737 0.0877193  0.09649123
 0.10526316 0.10526316 0.11403509 0.12280702 0.13157895 0.14035088
 0.14035088 0.14035088 0.14035088 0.14035088 0.14912281 0.15789474
 0.15789474 0.16666667 0.16666667 0.16666667 0.16666667 0.16666667
 0.1754386  0.1754386  0.1754386  0.18421053 0.19298246 0.20175439
 0.20175439 0.20175439 0.20175439 0.20175439 0.21052632 0.21052632
 0.21052632 0.21929825 0.21929825 0.21929825 0.21929825 0.21929825
 0.22807018 0.22807018 0.23684211 0.23684211 0.23684211 0.24561404
 0.24561404 0.25438596 0.26315789 0.26315789 0.26315789 0.26315789
 0.26315789 0.27192982 0.28070175 0.28070175 0.28070175 0.28070175
 0.28947368 0.29824561 0.29824561 0.29824561 0.29824561 0.29824561
 0.29824561 0.29824561 0.29824561 0.29824561 0.30701754 0.30701754
 0.30701754 0.30701754 0.30701754 0.31578947 0.31578947 0.3245614
 0.3245614  0.3245614  0.3245614  0.3245614  0.3245614  0.3245614
 0.3245614  0.3245614  0.3245614  0.3245614  0.33333333 0.34210526
 0.34210526 0.34210526 0.34210526 0.34210526 0.34210526 0.34210526
 0.34210526 0.34210526 0.35087719 0.35087719 0.35964912 0.36842105
 0.37719298 0.37719298 0.38596491 0.38596491 0.39473684 0.40350877
 0.40350877 0.40350877 0.4122807  0.4122807  0.42105263 0.42105263
 0.42105263 0.42105263 0.42105263 0.42105263 0.42982456 0.42982456
 0.42982456 0.42982456 0.42982456 0.42982456 0.43859649 0.44736842
 0.44736842 0.44736842 0.44736842 0.45614035 0.46491228 0.46491228
 0.46491228 0.46491228 0.47368421 0.47368421 0.47368421 0.48245614
 0.48245614 0.48245614 0.48245614 0.48245614 0.48245614 0.48245614
 0.48245614 0.48245614 0.48245614 0.48245614 0.48245614 0.49122807
 0.5        0.50877193 0.51754386 0.52631579 0.53508772 0.53508772
 0.53508772 0.53508772 0.53508772 0.54385965 0.54385965 0.54385965
 0.54385965 0.54385965 0.55263158 0.55263158 0.56140351 0.56140351
 0.56140351 0.56140351 0.56140351 0.57017544 0.57017544 0.57017544
 0.57017544 0.57017544 0.57017544 0.57017544 0.57017544 0.57017544
 0.57017544 0.57017544 0.57894737 0.57894737 0.57894737 0.5877193
 0.5877193  0.59649123 0.59649123 0.59649123 0.60526316 0.60526316
 0.61403509 0.62280702 0.62280702 0.62280702 0.63157895 0.63157895
 0.63157895 0.64035088 0.64035088 0.64912281 0.64912281 0.64912281
 0.64912281 0.64912281 0.64912281 0.64912281 0.64912281 0.64912281
 0.64912281 0.64912281 0.64912281 0.64912281 0.64912281 0.65789474
 0.65789474 0.65789474 0.65789474 0.65789474 0.65789474 0.65789474
 0.66666667 0.66666667 0.66666667 0.66666667 0.66666667 0.66666667
 0.66666667 0.6754386  0.6754386  0.6754386  0.6754386  0.6754386
 0.6754386  0.6754386  0.6754386  0.6754386  0.6754386  0.6754386
 0.6754386  0.6754386  0.6754386  0.6754386  0.6754386  0.6754386
 0.6754386  0.6754386  0.6754386  0.68421053 0.68421053 0.68421053
 0.68421053 0.68421053 0.68421053 0.68421053 0.68421053 0.68421053
 0.68421053 0.69298246 0.69298246 0.69298246 0.69298246 0.69298246
 0.69298246 0.69298246 0.69298246 0.69298246 0.69298246 0.69298246
 0.69298246 0.70175439 0.70175439 0.70175439 0.71052632 0.71052632
 0.71052632 0.71052632 0.71052632 0.71052632 0.71052632 0.71052632
 0.71052632 0.71052632 0.71052632 0.71052632 0.71052632 0.71052632
 0.71052632 0.71052632 0.71052632 0.71052632 0.71052632 0.71929825
 0.71929825 0.71929825 0.71929825 0.71929825 0.71929825 0.72807018
 0.72807018 0.72807018 0.72807018 0.72807018 0.72807018 0.72807018
 0.72807018 0.72807018 0.72807018 0.73684211 0.74561404 0.74561404
 0.74561404 0.75438596 0.75438596 0.75438596 0.76315789 0.76315789
 0.76315789 0.76315789 0.76315789 0.76315789 0.76315789 0.76315789
 0.76315789 0.76315789 0.76315789 0.76315789 0.76315789 0.77192982
 0.77192982 0.77192982 0.77192982 0.77192982 0.78070175 0.78070175
 0.78070175 0.78070175 0.78070175 0.78070175 0.78070175 0.78070175
 0.78070175 0.78070175 0.78070175 0.78947368 0.78947368 0.78947368
 0.78947368 0.78947368 0.78947368 0.79824561 0.80701754 0.81578947
 0.81578947 0.8245614  0.8245614  0.8245614  0.83333333 0.83333333
 0.83333333 0.84210526 0.84210526 0.84210526 0.84210526 0.84210526
 0.84210526 0.84210526 0.84210526 0.84210526 0.84210526 0.84210526
 0.85087719 0.85087719 0.85087719 0.85087719 0.85087719 0.85087719
 0.85087719 0.85087719 0.85087719 0.85087719 0.85964912 0.85964912
 0.85964912 0.85964912 0.85964912 0.85964912 0.85964912 0.85964912
 0.85964912 0.85964912 0.86842105 0.86842105 0.86842105 0.87719298
 0.87719298 0.87719298 0.87719298 0.87719298 0.87719298 0.87719298
 0.87719298 0.87719298 0.88596491 0.89473684 0.89473684 0.89473684
 0.89473684 0.89473684 0.89473684 0.89473684 0.89473684 0.89473684
 0.89473684 0.89473684 0.90350877 0.90350877 0.90350877 0.90350877
 0.90350877 0.90350877 0.90350877 0.9122807  0.9122807  0.92105263
 0.92105263 0.92105263 0.92105263 0.92105263 0.92105263 0.92105263
 0.92105263 0.92105263 0.92105263 0.92105263 0.92105263 0.92105263
 0.92982456 0.92982456 0.92982456 0.93859649 0.93859649 0.93859649
 0.93859649 0.93859649 0.93859649 0.93859649 0.94736842 0.94736842
 0.94736842 0.94736842 0.94736842 0.94736842 0.94736842 0.95614035
 0.95614035 0.95614035 0.96491228 0.96491228 0.96491228 0.96491228
 0.96491228 0.96491228 0.96491228 0.96491228 0.96491228 0.96491228
 0.96491228 0.96491228 0.96491228 0.96491228 0.97368421 0.97368421
 0.97368421 0.97368421 0.98245614 0.98245614 0.98245614 0.98245614
 0.98245614 0.98245614 0.98245614 0.99122807 0.99122807 0.99122807
 0.99122807 0.99122807 0.99122807 1.         1.         1.
 1.         1.         1.        ]
ℹ INFO: Experiment EXPERIMENT4Reg15 - mAP: 0.4012
🔧 WORKING ON: Evaluating model on Test split
ℹ INFO: Precision-Recall curve saved as 
figures/png/EXPERIMENT4Reg15/precision_recall_curve_test_EXPERIMENT4Reg15_202411
19-165415.png and 
figures/svg/EXPERIMENT4Reg15/precision_recall_curve_test_EXPERIMENT4Reg15_202411
19-165415.svg
precision: [1.         0.5        0.66666667 0.75       0.6        0.5
 0.42857143 0.5        0.44444444 0.5        0.54545455 0.58333333
 0.61538462 0.64285714 0.66666667 0.625      0.64705882 0.66666667
 0.68421053 0.7        0.71428571 0.72727273 0.73913043 0.75
 0.72       0.73076923 0.7037037  0.71428571 0.68965517 0.7
 0.67741935 0.6875     0.6969697  0.67647059 0.65714286 0.66666667
 0.67567568 0.68421053 0.69230769 0.675      0.68292683 0.66666667
 0.65116279 0.63636364 0.62222222 0.63043478 0.61702128 0.625
 0.6122449  0.6        0.58823529 0.57692308 0.56603774 0.57407407
 0.56363636 0.55357143 0.54385965 0.53448276 0.54237288 0.53333333
 0.52459016 0.51612903 0.52380952 0.53125    0.52307692 0.53030303
 0.53731343 0.54411765 0.53623188 0.54285714 0.53521127 0.54166667
 0.54794521 0.54054054 0.53333333 0.52631579 0.53246753 0.53846154
 0.53164557 0.525      0.51851852 0.52439024 0.53012048 0.53571429
 0.52941176 0.53488372 0.54022989 0.53409091 0.52808989 0.52222222
 0.51648352 0.51086957 0.50537634 0.5106383  0.50526316 0.5
 0.49484536 0.48979592 0.49494949 0.5        0.4950495  0.5
 0.49514563 0.5        0.5047619  0.5        0.5046729  0.50925926
 0.50458716 0.50909091 0.5045045  0.5        0.50442478 0.5
 0.49565217 0.5        0.5042735  0.5        0.50420168 0.5
 0.49586777 0.49180328 0.49593496 0.49193548 0.488      0.48412698
 0.48031496 0.4765625  0.47286822 0.47692308 0.48091603 0.47727273
 0.47368421 0.47761194 0.48148148 0.48529412 0.48175182 0.48550725
 0.48201439 0.47857143 0.4751773  0.47183099 0.46853147 0.47222222
 0.46896552 0.46575342 0.46258503 0.45945946 0.45637584 0.45333333
 0.45033113 0.44736842 0.44444444 0.44155844 0.43870968 0.44230769
 0.43949045 0.44303797 0.44654088 0.45       0.45341615 0.45061728
 0.44785276 0.45121951 0.44848485 0.44578313 0.4491018  0.44642857
 0.44378698 0.44117647 0.43859649 0.44186047 0.44508671 0.44252874
 0.44       0.4375     0.43502825 0.43258427 0.4301676  0.42777778
 0.42541436 0.42307692 0.42076503 0.41847826 0.41621622 0.41397849
 0.4171123  0.41489362 0.41269841 0.41052632 0.40837696 0.41145833
 0.40932642 0.41237113 0.41025641 0.41326531 0.41624365 0.41414141
 0.4120603  0.41       0.4079602  0.40594059 0.40394089 0.40686275
 0.4097561  0.40776699 0.4057971  0.40865385 0.40669856 0.40952381
 0.40758294 0.40566038 0.40375587 0.40654206 0.40930233 0.40740741
 0.40552995 0.40366972 0.40182648 0.4        0.39819005 0.4009009
 0.39910314 0.40178571 0.4        0.39823009 0.39647577 0.39473684
 0.39737991 0.4        0.3982684  0.39655172 0.39484979 0.39316239
 0.39148936 0.38983051 0.38818565 0.3907563  0.38912134 0.3875
 0.38589212 0.38842975 0.38683128 0.38934426 0.3877551  0.38617886
 0.38461538 0.38306452 0.3815261  0.38       0.37848606 0.37698413
 0.37944664 0.37795276 0.37647059 0.375      0.37354086 0.37209302
 0.37065637 0.36923077 0.36781609 0.36641221 0.36501901 0.36742424
 0.36981132 0.36842105 0.3670412  0.36567164 0.36802974 0.36666667
 0.36900369 0.36764706 0.36996337 0.36861314 0.37090909 0.36956522
 0.37184116 0.3705036  0.36917563 0.36785714 0.36654804 0.36524823
 0.3639576  0.36267606 0.36140351 0.36013986 0.35888502 0.36111111
 0.35986159 0.35862069 0.35738832 0.35616438 0.35836177 0.35714286
 0.3559322  0.35472973 0.35353535 0.35234899 0.35451505 0.35333333
 0.35215947 0.35099338 0.34983498 0.34868421 0.34754098 0.3496732
 0.3485342  0.35064935 0.35275081 0.3516129  0.35048232 0.34935897
 0.3514377  0.35031847 0.34920635 0.34810127 0.35015773 0.3490566
 0.35109718 0.353125   0.35202492 0.35093168 0.35294118 0.35493827
 0.35384615 0.35276074 0.35168196 0.35060976 0.34954407 0.34848485
 0.34743202 0.34638554 0.34534535 0.34431138 0.34328358 0.3422619
 0.34124629 0.34023669 0.33923304 0.33823529 0.3372434  0.33625731
 0.33527697 0.33430233 0.33333333 0.33236994 0.3314121  0.33333333
 0.33237822 0.33142857 0.33048433 0.32954545 0.3286119  0.32768362
 0.32676056 0.3258427  0.32492997 0.32402235 0.32311978 0.32222222
 0.32132964 0.32320442 0.32231405 0.32417582 0.32328767 0.32240437
 0.32152589 0.32065217 0.3197832  0.31891892 0.3180593  0.3172043
 0.31635389 0.31550802 0.31733333 0.31648936 0.31830239 0.31746032
 0.31926121 0.31842105 0.3175853  0.31675393 0.31592689 0.31510417
 0.31428571 0.3134715  0.3126615  0.31185567 0.31105398 0.31025641
 0.30946292 0.30867347 0.31043257 0.31218274 0.31139241 0.31313131
 0.31234257 0.31155779 0.31077694 0.31       0.3117207  0.31094527
 0.31265509 0.31188119 0.31111111 0.31034483 0.30958231 0.30882353
 0.30806846 0.30731707 0.30656934 0.30582524 0.30508475 0.30434783
 0.30361446 0.30288462 0.30215827 0.30143541 0.30071599 0.3
 0.29928741 0.30094787 0.30023641 0.2995283  0.29882353 0.29812207
 0.29742389 0.29672897 0.2960373  0.29767442 0.29698376 0.2962963
 0.29561201 0.29723502 0.29655172 0.29587156 0.29519451 0.29452055
 0.29384966 0.29318182 0.29251701 0.2918552  0.29119639 0.29054054
 0.29213483 0.29147982 0.29082774 0.29017857 0.29175947 0.29111111
 0.29046563 0.28982301 0.28918322 0.28854626 0.28791209 0.2872807
 0.28665208 0.2860262  0.28540305 0.28478261 0.28416486 0.28354978
 0.28293737 0.28232759 0.28172043 0.28111588 0.28051392 0.27991453
 0.2793177  0.28085106 0.28025478 0.28177966 0.28118393 0.28059072
 0.28210526 0.28151261 0.28092243 0.28033473 0.27974948 0.27916667
 0.27858628 0.2780083  0.27743271 0.2768595  0.27628866 0.27572016
 0.275154   0.27459016 0.27402863 0.27346939 0.27291242 0.27235772
 0.27180527 0.27125506 0.27070707 0.27016129 0.26961771 0.26907631
 0.26853707 0.268      0.26746507 0.26693227 0.26640159 0.26587302
 0.26534653 0.26482213 0.2642998  0.26377953 0.2632613  0.2627451
 0.26223092 0.26171875 0.26120858 0.26264591 0.26213592 0.26356589
 0.26305609 0.26254826 0.26396917 0.26346154 0.26295585 0.26436782
 0.26386233 0.26335878 0.26285714 0.26235741 0.26185958 0.26136364
 0.26275992 0.26226415 0.26177024 0.2612782  0.26078799 0.26029963
 0.25981308 0.25932836 0.25884544 0.25836431 0.25788497 0.25740741
 0.25693161 0.25645756 0.25598527 0.25551471 0.25504587]
recall: [0.00719424 0.00719424 0.01438849 0.02158273 0.02158273 0.02158273
 0.02158273 0.02877698 0.02877698 0.03597122 0.04316547 0.05035971
 0.05755396 0.0647482  0.07194245 0.07194245 0.07913669 0.08633094
 0.09352518 0.10071942 0.10791367 0.11510791 0.12230216 0.1294964
 0.1294964  0.13669065 0.13669065 0.14388489 0.14388489 0.15107914
 0.15107914 0.15827338 0.16546763 0.16546763 0.16546763 0.17266187
 0.17985612 0.18705036 0.1942446  0.1942446  0.20143885 0.20143885
 0.20143885 0.20143885 0.20143885 0.20863309 0.20863309 0.21582734
 0.21582734 0.21582734 0.21582734 0.21582734 0.21582734 0.22302158
 0.22302158 0.22302158 0.22302158 0.22302158 0.23021583 0.23021583
 0.23021583 0.23021583 0.23741007 0.24460432 0.24460432 0.25179856
 0.25899281 0.26618705 0.26618705 0.27338129 0.27338129 0.28057554
 0.28776978 0.28776978 0.28776978 0.28776978 0.29496403 0.30215827
 0.30215827 0.30215827 0.30215827 0.30935252 0.31654676 0.32374101
 0.32374101 0.33093525 0.3381295  0.3381295  0.3381295  0.3381295
 0.3381295  0.3381295  0.3381295  0.34532374 0.34532374 0.34532374
 0.34532374 0.34532374 0.35251799 0.35971223 0.35971223 0.36690647
 0.36690647 0.37410072 0.38129496 0.38129496 0.38848921 0.39568345
 0.39568345 0.4028777  0.4028777  0.4028777  0.41007194 0.41007194
 0.41007194 0.41726619 0.42446043 0.42446043 0.43165468 0.43165468
 0.43165468 0.43165468 0.43884892 0.43884892 0.43884892 0.43884892
 0.43884892 0.43884892 0.43884892 0.44604317 0.45323741 0.45323741
 0.45323741 0.46043165 0.4676259  0.47482014 0.47482014 0.48201439
 0.48201439 0.48201439 0.48201439 0.48201439 0.48201439 0.48920863
 0.48920863 0.48920863 0.48920863 0.48920863 0.48920863 0.48920863
 0.48920863 0.48920863 0.48920863 0.48920863 0.48920863 0.49640288
 0.49640288 0.50359712 0.51079137 0.51798561 0.52517986 0.52517986
 0.52517986 0.5323741  0.5323741  0.5323741  0.53956835 0.53956835
 0.53956835 0.53956835 0.53956835 0.54676259 0.55395683 0.55395683
 0.55395683 0.55395683 0.55395683 0.55395683 0.55395683 0.55395683
 0.55395683 0.55395683 0.55395683 0.55395683 0.55395683 0.55395683
 0.56115108 0.56115108 0.56115108 0.56115108 0.56115108 0.56834532
 0.56834532 0.57553957 0.57553957 0.58273381 0.58992806 0.58992806
 0.58992806 0.58992806 0.58992806 0.58992806 0.58992806 0.5971223
 0.60431655 0.60431655 0.60431655 0.61151079 0.61151079 0.61870504
 0.61870504 0.61870504 0.61870504 0.62589928 0.63309353 0.63309353
 0.63309353 0.63309353 0.63309353 0.63309353 0.63309353 0.64028777
 0.64028777 0.64748201 0.64748201 0.64748201 0.64748201 0.64748201
 0.65467626 0.6618705  0.6618705  0.6618705  0.6618705  0.6618705
 0.6618705  0.6618705  0.6618705  0.66906475 0.66906475 0.66906475
 0.66906475 0.67625899 0.67625899 0.68345324 0.68345324 0.68345324
 0.68345324 0.68345324 0.68345324 0.68345324 0.68345324 0.68345324
 0.69064748 0.69064748 0.69064748 0.69064748 0.69064748 0.69064748
 0.69064748 0.69064748 0.69064748 0.69064748 0.69064748 0.69784173
 0.70503597 0.70503597 0.70503597 0.70503597 0.71223022 0.71223022
 0.71942446 0.71942446 0.72661871 0.72661871 0.73381295 0.73381295
 0.74100719 0.74100719 0.74100719 0.74100719 0.74100719 0.74100719
 0.74100719 0.74100719 0.74100719 0.74100719 0.74100719 0.74820144
 0.74820144 0.74820144 0.74820144 0.74820144 0.75539568 0.75539568
 0.75539568 0.75539568 0.75539568 0.75539568 0.76258993 0.76258993
 0.76258993 0.76258993 0.76258993 0.76258993 0.76258993 0.76978417
 0.76978417 0.77697842 0.78417266 0.78417266 0.78417266 0.78417266
 0.79136691 0.79136691 0.79136691 0.79136691 0.79856115 0.79856115
 0.8057554  0.81294964 0.81294964 0.81294964 0.82014388 0.82733813
 0.82733813 0.82733813 0.82733813 0.82733813 0.82733813 0.82733813
 0.82733813 0.82733813 0.82733813 0.82733813 0.82733813 0.82733813
 0.82733813 0.82733813 0.82733813 0.82733813 0.82733813 0.82733813
 0.82733813 0.82733813 0.82733813 0.82733813 0.82733813 0.83453237
 0.83453237 0.83453237 0.83453237 0.83453237 0.83453237 0.83453237
 0.83453237 0.83453237 0.83453237 0.83453237 0.83453237 0.83453237
 0.83453237 0.84172662 0.84172662 0.84892086 0.84892086 0.84892086
 0.84892086 0.84892086 0.84892086 0.84892086 0.84892086 0.84892086
 0.84892086 0.84892086 0.85611511 0.85611511 0.86330935 0.86330935
 0.8705036  0.8705036  0.8705036  0.8705036  0.8705036  0.8705036
 0.8705036  0.8705036  0.8705036  0.8705036  0.8705036  0.8705036
 0.8705036  0.8705036  0.87769784 0.88489209 0.88489209 0.89208633
 0.89208633 0.89208633 0.89208633 0.89208633 0.89928058 0.89928058
 0.90647482 0.90647482 0.90647482 0.90647482 0.90647482 0.90647482
 0.90647482 0.90647482 0.90647482 0.90647482 0.90647482 0.90647482
 0.90647482 0.90647482 0.90647482 0.90647482 0.90647482 0.90647482
 0.90647482 0.91366906 0.91366906 0.91366906 0.91366906 0.91366906
 0.91366906 0.91366906 0.91366906 0.92086331 0.92086331 0.92086331
 0.92086331 0.92805755 0.92805755 0.92805755 0.92805755 0.92805755
 0.92805755 0.92805755 0.92805755 0.92805755 0.92805755 0.92805755
 0.9352518  0.9352518  0.9352518  0.9352518  0.94244604 0.94244604
 0.94244604 0.94244604 0.94244604 0.94244604 0.94244604 0.94244604
 0.94244604 0.94244604 0.94244604 0.94244604 0.94244604 0.94244604
 0.94244604 0.94244604 0.94244604 0.94244604 0.94244604 0.94244604
 0.94244604 0.94964029 0.94964029 0.95683453 0.95683453 0.95683453
 0.96402878 0.96402878 0.96402878 0.96402878 0.96402878 0.96402878
 0.96402878 0.96402878 0.96402878 0.96402878 0.96402878 0.96402878
 0.96402878 0.96402878 0.96402878 0.96402878 0.96402878 0.96402878
 0.96402878 0.96402878 0.96402878 0.96402878 0.96402878 0.96402878
 0.96402878 0.96402878 0.96402878 0.96402878 0.96402878 0.96402878
 0.96402878 0.96402878 0.96402878 0.96402878 0.96402878 0.96402878
 0.96402878 0.96402878 0.96402878 0.97122302 0.97122302 0.97841727
 0.97841727 0.97841727 0.98561151 0.98561151 0.98561151 0.99280576
 0.99280576 0.99280576 0.99280576 0.99280576 0.99280576 0.99280576
 1.         1.         1.         1.         1.         1.
 1.         1.         1.         1.         1.         1.
 1.         1.         1.         1.         1.        ]
ℹ INFO: Experiment EXPERIMENT4Reg15 - mAP: 0.4859
✅ SUCCESS: Predictions saved to 'figures/'

------------------------------------------------------------
Sender: LSF System <lsfadmin@hpc.dtu.dk>
Subject: Job 23209958: <REG_15_CLF_1> in cluster <dcc> Done

Job <REG_15_CLF_1> was submitted from host <n-62-20-1> by user <s240466> in cluster <dcc> at Tue Nov 19 15:48:46 2024
Job was executed on host(s) <4*n-62-18-8>, in queue <c02516>, as user <s240466> in cluster <dcc> at Tue Nov 19 15:48:48 2024
</zhome/26/8/209207> was used as the home directory.
</zhome/26/8/209207/02516-intro-to-dl-in-cv/poster-3-object-detection> was used as the working directory.
Started at Tue Nov 19 15:48:48 2024
Terminated at Tue Nov 19 16:54:18 2024
Results reported at Tue Nov 19 16:54:18 2024

Your job looked like:

------------------------------------------------------------
# LSBATCH: User input
#!/bin/bash
#BSUB -q c02516
#BSUB -n 4
#BSUB -gpu "num=1:mode=exclusive_process" 
#BSUB -J REG_15_CLF_1
#BSUB -R "span[hosts=1]"
#BSUB -R "rusage[mem=20GB]"
#BSUB -W 12:00
#BSUB -o job_outputs/REG_15_CLF_1%J.out
#BSUB -e job_outputs/REG_15_CLF_1%J.err

EXPERIMENT="EXPERIMENT4Reg15"
EPOCHS=50
LEARNING_RATE=1e-4
IOU_THRESHOLD=0.3
CONFIDENCE_THRESHOLD=0.5
WEIGHT_DECAY=1e-5
NUM_IMAGES=10

source ~/venv/project2_venv/bin/activate
#conda activate project-3

python main.py \
    --experiment_name $EXPERIMENT \
    --num_images $NUM_IMAGES \
    --learning_rate $LEARNING_RATE \
    --num_epochs $EPOCHS \
    --iou_threshold $IOU_THRESHOLD \
    --confidence_threshold $CONFIDENCE_THRESHOLD \
    --weight_decay $WEIGHT_DECAY \
    --cls_weight 1.0 \
    --reg_weight 15.0
------------------------------------------------------------

Successfully completed.

Resource usage summary:

    CPU time :                                   5081.45 sec.
    Max Memory :                                 5380 MB
    Average Memory :                             3410.18 MB
    Total Requested Memory :                     81920.00 MB
    Delta Memory :                               76540.00 MB
    Max Swap :                                   -
    Max Processes :                              10
    Max Threads :                                87
    Run time :                                   3990 sec.
    Turnaround time :                            3932 sec.

The output (if any) is above this job summary.



PS:

Read file <job_outputs/REG_15_CLF_123209958.err> for stderr output of this job.

