🔧 WORKING ON: Loading Train data
🔧 WORKING ON: Loading Validation data
🔧 WORKING ON: Loading Test data
ℹ INFO: Using the entire dataset for training and validation.
🔧 WORKING ON: Training model
ℹ INFO: Epoch 1/50 - Train Loss: 0.5672 (Cls: 0.3347, Reg: 0.2325) - Val Loss: 
0.2673 (Cls: 0.0968, Reg: 0.1705)
ℹ INFO: Epoch 2/50 - Train Loss: 0.4439 (Cls: 0.2605, Reg: 0.1834) - Val Loss: 
0.2872 (Cls: 0.1197, Reg: 0.1675)
ℹ INFO: Epoch 3/50 - Train Loss: 0.4072 (Cls: 0.2328, Reg: 0.1744) - Val Loss: 
0.2625 (Cls: 0.1019, Reg: 0.1605)
ℹ INFO: Epoch 4/50 - Train Loss: 0.3748 (Cls: 0.2065, Reg: 0.1683) - Val Loss: 
0.2603 (Cls: 0.1039, Reg: 0.1564)
ℹ INFO: Epoch 5/50 - Train Loss: 0.3542 (Cls: 0.1939, Reg: 0.1602) - Val Loss: 
0.2814 (Cls: 0.1276, Reg: 0.1538)
ℹ INFO: Epoch 6/50 - Train Loss: 0.3275 (Cls: 0.1721, Reg: 0.1554) - Val Loss: 
0.2427 (Cls: 0.0933, Reg: 0.1493)
ℹ INFO: Epoch 7/50 - Train Loss: 0.3166 (Cls: 0.1632, Reg: 0.1534) - Val Loss: 
0.2609 (Cls: 0.1090, Reg: 0.1519)
ℹ INFO: Epoch 8/50 - Train Loss: 0.2867 (Cls: 0.1438, Reg: 0.1429) - Val Loss: 
0.2523 (Cls: 0.1034, Reg: 0.1488)
ℹ INFO: Epoch 9/50 - Train Loss: 0.2740 (Cls: 0.1337, Reg: 0.1403) - Val Loss: 
0.2678 (Cls: 0.1166, Reg: 0.1512)
ℹ INFO: Epoch 10/50 - Train Loss: 0.2613 (Cls: 0.1255, Reg: 0.1358) - Val Loss: 
0.2626 (Cls: 0.1124, Reg: 0.1502)
ℹ INFO: Epoch 11/50 - Train Loss: 0.2407 (Cls: 0.1101, Reg: 0.1306) - Val Loss: 
0.2895 (Cls: 0.1427, Reg: 0.1467)
ℹ INFO: Epoch 12/50 - Train Loss: 0.2258 (Cls: 0.0987, Reg: 0.1270) - Val Loss: 
0.2809 (Cls: 0.1339, Reg: 0.1469)
ℹ INFO: Epoch 13/50 - Train Loss: 0.2136 (Cls: 0.0908, Reg: 0.1227) - Val Loss: 
0.2637 (Cls: 0.1166, Reg: 0.1471)
ℹ INFO: Epoch 14/50 - Train Loss: 0.2063 (Cls: 0.0864, Reg: 0.1198) - Val Loss: 
0.2752 (Cls: 0.1216, Reg: 0.1535)
ℹ INFO: Epoch 15/50 - Train Loss: 0.1958 (Cls: 0.0788, Reg: 0.1170) - Val Loss: 
0.2724 (Cls: 0.1255, Reg: 0.1469)
ℹ INFO: Epoch 16/50 - Train Loss: 0.1874 (Cls: 0.0729, Reg: 0.1145) - Val Loss: 
0.3035 (Cls: 0.1578, Reg: 0.1457)
ℹ INFO: Early stopping triggered.
🔧 WORKING ON: Visualizing predictions
Image ID: 565
Number of Proposals: 500
Predictions of potholes before NMS: 13
Predictions of potholes after NMS: 3
Image ID: 498
Number of Proposals: 500
Predictions of potholes before NMS: 3
Predictions of potholes after NMS: 1
Image ID: 11
Number of Proposals: 500
Predictions of potholes before NMS: 11
Predictions of potholes after NMS: 6
Image ID: 143
Number of Proposals: 500
Predictions of potholes before NMS: 6
Predictions of potholes after NMS: 4
Image ID: 65
Number of Proposals: 500
Predictions of potholes before NMS: 0
Predictions of potholes after NMS: 0
Image ID: 641
Number of Proposals: 500
Predictions of potholes before NMS: 0
Predictions of potholes after NMS: 0
Image ID: 627
Number of Proposals: 500
Predictions of potholes before NMS: 19
Predictions of potholes after NMS: 9
Image ID: 248
Number of Proposals: 500
Predictions of potholes before NMS: 5
Predictions of potholes after NMS: 5
Image ID: 611
Number of Proposals: 500
Predictions of potholes before NMS: 52
Predictions of potholes after NMS: 23
Image ID: 114
Number of Proposals: 500
Predictions of potholes before NMS: 8
Predictions of potholes after NMS: 4
Image Index: [96]
Number of Proposals: 8
Ground Truth Boxes: 2
Predictions Before NMS: 1
Predictions After NMS: 1
Image Index: [194]
Number of Proposals: 8
Ground Truth Boxes: 2
Predictions Before NMS: 0
Predictions After NMS: 0
Image Index: [354]
Number of Proposals: 8
Ground Truth Boxes: 2
Predictions Before NMS: 3
Predictions After NMS: 3
Image Index: [134]
Number of Proposals: 28
Ground Truth Boxes: 7
Predictions Before NMS: 4
Predictions After NMS: 1
Image Index: [309]
Number of Proposals: 32
Ground Truth Boxes: 8
Predictions Before NMS: 1
Predictions After NMS: 1
🔧 WORKING ON: Saving model
ℹ INFO: Model state_dict saved to 
saved_models/model_state_dict_EXPERIMENT2Reg5.pth
ℹ INFO: Entire model saved to saved_models/model_full_EXPERIMENT2Reg5.pth
🔧 WORKING ON: Evaluating model on Validation split
ℹ INFO: Precision-Recall curve saved as 
figures/png/EXPERIMENT2Reg5/precision_recall_curve_val_EXPERIMENT2Reg5_20241119-
161738.png and 
figures/svg/EXPERIMENT2Reg5/precision_recall_curve_val_EXPERIMENT2Reg5_20241119-
161738.svg
precision: [1.         1.         1.         1.         1.         0.83333333
 0.71428571 0.75       0.66666667 0.6        0.63636364 0.66666667
 0.61538462 0.64285714 0.66666667 0.6875     0.70588235 0.72222222
 0.73684211 0.7        0.66666667 0.63636364 0.65217391 0.66666667
 0.68       0.65384615 0.62962963 0.64285714 0.65517241 0.63333333
 0.64516129 0.65625    0.63636364 0.61764706 0.62857143 0.61111111
 0.62162162 0.60526316 0.61538462 0.6        0.58536585 0.5952381
 0.58139535 0.56818182 0.55555556 0.54347826 0.53191489 0.54166667
 0.53061224 0.54       0.52941176 0.51923077 0.52830189 0.51851852
 0.52727273 0.51785714 0.52631579 0.53448276 0.52542373 0.53333333
 0.52459016 0.53225806 0.53968254 0.546875   0.53846154 0.53030303
 0.52238806 0.52941176 0.53623188 0.52857143 0.52112676 0.51388889
 0.50684932 0.51351351 0.52       0.51315789 0.50649351 0.5
 0.49367089 0.4875     0.48148148 0.48780488 0.48192771 0.47619048
 0.47058824 0.47674419 0.47126437 0.46590909 0.46067416 0.46666667
 0.46153846 0.45652174 0.4516129  0.44680851 0.45263158 0.44791667
 0.45360825 0.45918367 0.45454545 0.45       0.44554455 0.44117647
 0.44660194 0.44230769 0.43809524 0.43396226 0.42990654 0.42592593
 0.42201835 0.41818182 0.41441441 0.41071429 0.4159292  0.42105263
 0.4173913  0.4137931  0.41025641 0.41525424 0.41176471 0.40833333
 0.40495868 0.40163934 0.39837398 0.39516129 0.4        0.4047619
 0.4015748  0.3984375  0.39534884 0.39230769 0.38931298 0.38636364
 0.38345865 0.38059701 0.37777778 0.375      0.37226277 0.36956522
 0.36690647 0.36428571 0.36879433 0.36619718 0.37062937 0.36805556
 0.36551724 0.3630137  0.36734694 0.36486486 0.36241611 0.36
 0.35761589 0.36184211 0.35947712 0.35714286 0.35483871 0.3525641
 0.35031847 0.34810127 0.34591195 0.34375    0.34161491 0.33950617
 0.34355828 0.34146341 0.33939394 0.3373494  0.34131737 0.33928571
 0.33727811 0.34117647 0.33918129 0.3372093  0.33526012 0.33333333
 0.33142857 0.32954545 0.32768362 0.3258427  0.32960894 0.32777778
 0.33149171 0.32967033 0.32786885 0.33152174 0.32972973 0.33333333
 0.3368984  0.33510638 0.33333333 0.33157895 0.32984293 0.328125
 0.33160622 0.32989691 0.32820513 0.32653061 0.32994924 0.32828283
 0.32663317 0.33       0.33333333 0.33168317 0.33004926 0.32843137
 0.32682927 0.32524272 0.3236715  0.32692308 0.32535885 0.32380952
 0.32227488 0.32075472 0.31924883 0.31775701 0.32093023 0.31944444
 0.32258065 0.32110092 0.3196347  0.32272727 0.32126697 0.31981982
 0.31838565 0.31696429 0.31555556 0.31415929 0.31277533 0.31140351
 0.31004367 0.31304348 0.31601732 0.31465517 0.31330472 0.31623932
 0.31489362 0.31355932 0.31223629 0.31092437 0.30962343 0.3125
 0.31120332 0.30991736 0.30864198 0.30737705 0.30612245 0.30487805
 0.30364372 0.30241935 0.30522088 0.304      0.30278884 0.3015873
 0.30039526 0.2992126  0.29803922 0.296875   0.29571984 0.29457364
 0.2972973  0.29615385 0.29501916 0.29389313 0.29277567 0.29545455
 0.29433962 0.29323308 0.29213483 0.29477612 0.2936803  0.29259259
 0.29151292 0.29044118 0.28937729 0.28832117 0.28727273 0.28623188
 0.28519856 0.28417266 0.28315412 0.28214286 0.28113879 0.28368794
 0.28268551 0.28169014 0.28070175 0.27972028 0.27874564 0.27777778
 0.27681661 0.27586207 0.27491409 0.2739726  0.27303754 0.2755102
 0.27457627 0.27702703 0.27946128 0.27852349 0.27759197 0.27666667
 0.27574751 0.27483444 0.27392739 0.27302632 0.27213115 0.27124183
 0.27361564 0.27272727 0.27184466 0.27096774 0.2733119  0.2724359
 0.27476038 0.27388535 0.27301587 0.2721519  0.27129338 0.27044025
 0.26959248 0.26875    0.26791277 0.26708075 0.26625387 0.2654321
 0.26461538 0.26380368 0.26299694 0.26219512 0.26139818 0.26060606
 0.25981873 0.26204819 0.26126126 0.26047904 0.26268657 0.26190476
 0.2611276  0.26035503 0.25958702 0.25882353 0.25806452 0.25730994
 0.25655977 0.25581395 0.25507246 0.25433526 0.25648415 0.25862069
 0.25787966 0.26       0.25925926 0.25852273 0.25779037 0.25706215
 0.25633803 0.25561798 0.25770308 0.25698324 0.25626741 0.25833333
 0.25761773 0.25690608 0.25619835 0.25549451 0.25479452 0.25409836
 0.25340599 0.25271739 0.25203252 0.25135135 0.25067385 0.25
 0.24932976 0.2486631  0.248      0.24734043 0.24668435 0.24603175
 0.24538259 0.24473684 0.24409449 0.2434555  0.24543081 0.24479167
 0.24415584 0.24611399 0.24547804 0.24742268 0.24678663 0.24871795
 0.24808184 0.24744898 0.24681934 0.24619289 0.24556962 0.24494949
 0.24433249 0.24371859 0.24310777 0.2425     0.24438903 0.24378109
 0.24317618 0.24257426 0.24197531 0.24137931 0.24078624 0.24264706
 0.24205379 0.24146341 0.24087591 0.24029126 0.23970944 0.24154589
 0.24096386 0.24038462 0.23980815 0.23923445 0.23866348 0.23809524
 0.23752969 0.23696682 0.23640662 0.23584906 0.23529412 0.23474178
 0.23419204 0.23364486 0.23310023 0.23488372 0.23433875 0.2337963
 0.23325635 0.23502304 0.23448276 0.23394495 0.23340961 0.23287671
 0.23234624 0.23181818 0.23129252 0.23076923 0.23024831 0.22972973
 0.22921348 0.22869955 0.22818792 0.22767857 0.22939866 0.22888889
 0.22838137 0.22787611 0.22737307 0.22907489 0.22857143 0.22807018
 0.22757112 0.22707424 0.22875817 0.22826087 0.22776573 0.22727273
 0.22678186 0.2262931  0.22580645 0.22532189 0.2248394  0.22435897
 0.2238806  0.22340426 0.22292994 0.22245763 0.22198732 0.22151899
 0.22105263 0.22268908 0.22431866 0.22384937 0.22338205 0.22291667
 0.22245322 0.2219917  0.22360248 0.2231405  0.22268041 0.22222222
 0.22176591 0.22131148 0.2208589  0.22040816 0.21995927 0.2195122
 0.21906694 0.21862348 0.22020202 0.21975806 0.2193159  0.22088353
 0.22044088 0.22       0.22155689 0.22111554 0.22067594 0.2202381
 0.21980198 0.21936759 0.21893491 0.21850394 0.21807466 0.21960784
 0.21917808 0.21875    0.21832359 0.21984436 0.21941748 0.21899225
 0.21856867 0.21814672 0.2177264  0.21730769 0.2168906  0.2164751
 0.21606119 0.21564885 0.2152381  0.2148289  0.21631879 0.21590909
 0.21550095 0.21698113 0.2165725  0.21616541 0.21575985 0.21535581
 0.21682243 0.21641791 0.2160149  0.21561338 0.21706865 0.21666667
 0.21626617 0.21586716 0.21546961 0.21507353 0.2146789  0.21428571
 0.21389397 0.21350365 0.21311475 0.21272727 0.2123412  0.21376812
 0.21518987 0.21480144 0.21441441 0.21402878 0.21364452 0.21326165
 0.21288014 0.2125     0.21212121 0.21174377 0.21314387 0.21276596
 0.21238938 0.21201413 0.21164021 0.21126761 0.21089631 0.21052632
 0.21015762 0.20979021 0.21116928 0.21254355 0.21217391 0.21180556
 0.21143847 0.21107266 0.21070812 0.21034483 0.20998279 0.20962199
 0.20926244 0.20890411 0.20854701 0.20819113 0.20783646 0.20748299
 0.20713073 0.20677966 0.20642978 0.20608108 0.20573356 0.20538721
 0.20504202 0.20469799 0.20435511 0.20568562 0.20534224 0.205
 0.2046589  0.20431894 0.2039801  0.20364238 0.20330579 0.2029703
 0.20263591 0.20230263 0.20197044 0.20163934 0.20130933 0.20098039
 0.20065253 0.20032573 0.2        0.19967532 0.1993517  0.19902913
 0.19870759 0.1983871  0.19806763 0.1977492  0.19743178 0.19711538
 0.1968     0.19648562 0.19617225 0.19585987 0.19713831 0.1968254
 0.19651347 0.19620253 0.19589258 0.1955836  0.19527559 0.19496855
 0.19466248 0.19435737 0.19405321 0.19375    0.19344774 0.19314642
 0.19284603 0.19254658 0.19224806 0.19195046 0.19319938 0.19290123
 0.19260401 0.19230769 0.19201229 0.19171779 0.1914242  0.1911315
 0.19083969 0.19054878 0.19178082 0.19148936 0.19119879 0.19090909
 0.19062027 0.19033233 0.19004525 0.18975904 0.18947368 0.19069069
 0.1904048  0.19011976 0.19133034 0.19104478 0.19076006 0.19047619
 0.19019316 0.18991098 0.18962963 0.18934911 0.18906942 0.18879056
 0.18851252 0.18823529 0.18795888 0.18768328 0.18740849 0.1871345
 0.18686131 0.18658892 0.18631732 0.18604651 0.18577649 0.18550725
 0.18523878 0.1849711  0.18470418 0.18587896 0.18561151 0.18534483
 0.18507891 0.18481375 0.18454936 0.18428571 0.18402282 0.18376068
 0.18349929 0.18323864 0.18297872 0.18271955 0.1824611  0.18220339
 0.1819464  0.18169014 0.18284107 0.18398876 0.18513324 0.18487395
 0.18461538 0.18435754 0.18410042 0.18384401 0.18358832 0.18333333
 0.18307906 0.18282548 0.18257261 0.18370166 0.18344828 0.18319559
 0.1829436  0.18269231 0.18381344 0.18356164 0.18331053 0.18306011
 0.18281037 0.18256131 0.18231293 0.18206522 0.18181818 0.18157182
 0.18132612 0.18108108 0.18083671 0.1819407  0.18304172 0.18413978
 0.18389262 0.1849866  0.18473896 0.18449198 0.18558077 0.18533333
 0.18508655 0.18484043 0.18459495 0.18435013 0.18410596 0.18386243
 0.18361955 0.18337731 0.1831357  0.18289474 0.1826544  0.1824147
 0.18348624 0.18324607 0.18300654 0.18276762 0.18252934 0.18229167
 0.18205462 0.18181818 0.18158236 0.18134715 0.18111255 0.18087855
 0.18064516 0.18041237 0.18018018 0.17994859 0.17971759 0.17948718
 0.17925736 0.17902813 0.17879949 0.17857143 0.17834395 0.17938931
 0.17916137 0.17893401 0.17870722 0.17848101 0.17825537 0.1780303
 0.1778058  0.17758186 0.17735849 0.17713568 0.17816813 0.17794486
 0.17772215 0.1775     0.1772784  0.17705736 0.17683686 0.17661692
 0.17639752 0.17617866 0.17596035 0.17574257 0.17552534 0.17530864
 0.17509248 0.17487685 0.17466175 0.17567568 0.17546012 0.1752451
 0.1750306  0.17481663 0.17460317 0.17439024 0.17417783 0.17396594
 0.17375456 0.17354369 0.17333333 0.17312349 0.17291415 0.17270531
 0.17249698 0.17228916 0.17208183 0.171875   0.17166867 0.17146283
 0.17125749 0.17105263 0.17084827 0.17064439 0.170441   0.1702381
 0.17003567 0.16983373 0.16963227 0.16943128 0.16923077 0.16903073]
recall: [0.00699301 0.01398601 0.02097902 0.02797203 0.03496503 0.03496503
 0.03496503 0.04195804 0.04195804 0.04195804 0.04895105 0.05594406
 0.05594406 0.06293706 0.06993007 0.07692308 0.08391608 0.09090909
 0.0979021  0.0979021  0.0979021  0.0979021  0.1048951  0.11188811
 0.11888112 0.11888112 0.11888112 0.12587413 0.13286713 0.13286713
 0.13986014 0.14685315 0.14685315 0.14685315 0.15384615 0.15384615
 0.16083916 0.16083916 0.16783217 0.16783217 0.16783217 0.17482517
 0.17482517 0.17482517 0.17482517 0.17482517 0.17482517 0.18181818
 0.18181818 0.18881119 0.18881119 0.18881119 0.1958042  0.1958042
 0.2027972  0.2027972  0.20979021 0.21678322 0.21678322 0.22377622
 0.22377622 0.23076923 0.23776224 0.24475524 0.24475524 0.24475524
 0.24475524 0.25174825 0.25874126 0.25874126 0.25874126 0.25874126
 0.25874126 0.26573427 0.27272727 0.27272727 0.27272727 0.27272727
 0.27272727 0.27272727 0.27272727 0.27972028 0.27972028 0.27972028
 0.27972028 0.28671329 0.28671329 0.28671329 0.28671329 0.29370629
 0.29370629 0.29370629 0.29370629 0.29370629 0.3006993  0.3006993
 0.30769231 0.31468531 0.31468531 0.31468531 0.31468531 0.31468531
 0.32167832 0.32167832 0.32167832 0.32167832 0.32167832 0.32167832
 0.32167832 0.32167832 0.32167832 0.32167832 0.32867133 0.33566434
 0.33566434 0.33566434 0.33566434 0.34265734 0.34265734 0.34265734
 0.34265734 0.34265734 0.34265734 0.34265734 0.34965035 0.35664336
 0.35664336 0.35664336 0.35664336 0.35664336 0.35664336 0.35664336
 0.35664336 0.35664336 0.35664336 0.35664336 0.35664336 0.35664336
 0.35664336 0.35664336 0.36363636 0.36363636 0.37062937 0.37062937
 0.37062937 0.37062937 0.37762238 0.37762238 0.37762238 0.37762238
 0.37762238 0.38461538 0.38461538 0.38461538 0.38461538 0.38461538
 0.38461538 0.38461538 0.38461538 0.38461538 0.38461538 0.38461538
 0.39160839 0.39160839 0.39160839 0.39160839 0.3986014  0.3986014
 0.3986014  0.40559441 0.40559441 0.40559441 0.40559441 0.40559441
 0.40559441 0.40559441 0.40559441 0.40559441 0.41258741 0.41258741
 0.41958042 0.41958042 0.41958042 0.42657343 0.42657343 0.43356643
 0.44055944 0.44055944 0.44055944 0.44055944 0.44055944 0.44055944
 0.44755245 0.44755245 0.44755245 0.44755245 0.45454545 0.45454545
 0.45454545 0.46153846 0.46853147 0.46853147 0.46853147 0.46853147
 0.46853147 0.46853147 0.46853147 0.47552448 0.47552448 0.47552448
 0.47552448 0.47552448 0.47552448 0.47552448 0.48251748 0.48251748
 0.48951049 0.48951049 0.48951049 0.4965035  0.4965035  0.4965035
 0.4965035  0.4965035  0.4965035  0.4965035  0.4965035  0.4965035
 0.4965035  0.5034965  0.51048951 0.51048951 0.51048951 0.51748252
 0.51748252 0.51748252 0.51748252 0.51748252 0.51748252 0.52447552
 0.52447552 0.52447552 0.52447552 0.52447552 0.52447552 0.52447552
 0.52447552 0.52447552 0.53146853 0.53146853 0.53146853 0.53146853
 0.53146853 0.53146853 0.53146853 0.53146853 0.53146853 0.53146853
 0.53846154 0.53846154 0.53846154 0.53846154 0.53846154 0.54545455
 0.54545455 0.54545455 0.54545455 0.55244755 0.55244755 0.55244755
 0.55244755 0.55244755 0.55244755 0.55244755 0.55244755 0.55244755
 0.55244755 0.55244755 0.55244755 0.55244755 0.55244755 0.55944056
 0.55944056 0.55944056 0.55944056 0.55944056 0.55944056 0.55944056
 0.55944056 0.55944056 0.55944056 0.55944056 0.55944056 0.56643357
 0.56643357 0.57342657 0.58041958 0.58041958 0.58041958 0.58041958
 0.58041958 0.58041958 0.58041958 0.58041958 0.58041958 0.58041958
 0.58741259 0.58741259 0.58741259 0.58741259 0.59440559 0.59440559
 0.6013986  0.6013986  0.6013986  0.6013986  0.6013986  0.6013986
 0.6013986  0.6013986  0.6013986  0.6013986  0.6013986  0.6013986
 0.6013986  0.6013986  0.6013986  0.6013986  0.6013986  0.6013986
 0.6013986  0.60839161 0.60839161 0.60839161 0.61538462 0.61538462
 0.61538462 0.61538462 0.61538462 0.61538462 0.61538462 0.61538462
 0.61538462 0.61538462 0.61538462 0.61538462 0.62237762 0.62937063
 0.62937063 0.63636364 0.63636364 0.63636364 0.63636364 0.63636364
 0.63636364 0.63636364 0.64335664 0.64335664 0.64335664 0.65034965
 0.65034965 0.65034965 0.65034965 0.65034965 0.65034965 0.65034965
 0.65034965 0.65034965 0.65034965 0.65034965 0.65034965 0.65034965
 0.65034965 0.65034965 0.65034965 0.65034965 0.65034965 0.65034965
 0.65034965 0.65034965 0.65034965 0.65034965 0.65734266 0.65734266
 0.65734266 0.66433566 0.66433566 0.67132867 0.67132867 0.67832168
 0.67832168 0.67832168 0.67832168 0.67832168 0.67832168 0.67832168
 0.67832168 0.67832168 0.67832168 0.67832168 0.68531469 0.68531469
 0.68531469 0.68531469 0.68531469 0.68531469 0.68531469 0.69230769
 0.69230769 0.69230769 0.69230769 0.69230769 0.69230769 0.6993007
 0.6993007  0.6993007  0.6993007  0.6993007  0.6993007  0.6993007
 0.6993007  0.6993007  0.6993007  0.6993007  0.6993007  0.6993007
 0.6993007  0.6993007  0.6993007  0.70629371 0.70629371 0.70629371
 0.70629371 0.71328671 0.71328671 0.71328671 0.71328671 0.71328671
 0.71328671 0.71328671 0.71328671 0.71328671 0.71328671 0.71328671
 0.71328671 0.71328671 0.71328671 0.71328671 0.72027972 0.72027972
 0.72027972 0.72027972 0.72027972 0.72727273 0.72727273 0.72727273
 0.72727273 0.72727273 0.73426573 0.73426573 0.73426573 0.73426573
 0.73426573 0.73426573 0.73426573 0.73426573 0.73426573 0.73426573
 0.73426573 0.73426573 0.73426573 0.73426573 0.73426573 0.73426573
 0.73426573 0.74125874 0.74825175 0.74825175 0.74825175 0.74825175
 0.74825175 0.74825175 0.75524476 0.75524476 0.75524476 0.75524476
 0.75524476 0.75524476 0.75524476 0.75524476 0.75524476 0.75524476
 0.75524476 0.75524476 0.76223776 0.76223776 0.76223776 0.76923077
 0.76923077 0.76923077 0.77622378 0.77622378 0.77622378 0.77622378
 0.77622378 0.77622378 0.77622378 0.77622378 0.77622378 0.78321678
 0.78321678 0.78321678 0.78321678 0.79020979 0.79020979 0.79020979
 0.79020979 0.79020979 0.79020979 0.79020979 0.79020979 0.79020979
 0.79020979 0.79020979 0.79020979 0.79020979 0.7972028  0.7972028
 0.7972028  0.8041958  0.8041958  0.8041958  0.8041958  0.8041958
 0.81118881 0.81118881 0.81118881 0.81118881 0.81818182 0.81818182
 0.81818182 0.81818182 0.81818182 0.81818182 0.81818182 0.81818182
 0.81818182 0.81818182 0.81818182 0.81818182 0.81818182 0.82517483
 0.83216783 0.83216783 0.83216783 0.83216783 0.83216783 0.83216783
 0.83216783 0.83216783 0.83216783 0.83216783 0.83916084 0.83916084
 0.83916084 0.83916084 0.83916084 0.83916084 0.83916084 0.83916084
 0.83916084 0.83916084 0.84615385 0.85314685 0.85314685 0.85314685
 0.85314685 0.85314685 0.85314685 0.85314685 0.85314685 0.85314685
 0.85314685 0.85314685 0.85314685 0.85314685 0.85314685 0.85314685
 0.85314685 0.85314685 0.85314685 0.85314685 0.85314685 0.85314685
 0.85314685 0.85314685 0.85314685 0.86013986 0.86013986 0.86013986
 0.86013986 0.86013986 0.86013986 0.86013986 0.86013986 0.86013986
 0.86013986 0.86013986 0.86013986 0.86013986 0.86013986 0.86013986
 0.86013986 0.86013986 0.86013986 0.86013986 0.86013986 0.86013986
 0.86013986 0.86013986 0.86013986 0.86013986 0.86013986 0.86013986
 0.86013986 0.86013986 0.86013986 0.86013986 0.86713287 0.86713287
 0.86713287 0.86713287 0.86713287 0.86713287 0.86713287 0.86713287
 0.86713287 0.86713287 0.86713287 0.86713287 0.86713287 0.86713287
 0.86713287 0.86713287 0.86713287 0.86713287 0.87412587 0.87412587
 0.87412587 0.87412587 0.87412587 0.87412587 0.87412587 0.87412587
 0.87412587 0.87412587 0.88111888 0.88111888 0.88111888 0.88111888
 0.88111888 0.88111888 0.88111888 0.88111888 0.88111888 0.88811189
 0.88811189 0.88811189 0.8951049  0.8951049  0.8951049  0.8951049
 0.8951049  0.8951049  0.8951049  0.8951049  0.8951049  0.8951049
 0.8951049  0.8951049  0.8951049  0.8951049  0.8951049  0.8951049
 0.8951049  0.8951049  0.8951049  0.8951049  0.8951049  0.8951049
 0.8951049  0.8951049  0.8951049  0.9020979  0.9020979  0.9020979
 0.9020979  0.9020979  0.9020979  0.9020979  0.9020979  0.9020979
 0.9020979  0.9020979  0.9020979  0.9020979  0.9020979  0.9020979
 0.9020979  0.9020979  0.90909091 0.91608392 0.92307692 0.92307692
 0.92307692 0.92307692 0.92307692 0.92307692 0.92307692 0.92307692
 0.92307692 0.92307692 0.92307692 0.93006993 0.93006993 0.93006993
 0.93006993 0.93006993 0.93706294 0.93706294 0.93706294 0.93706294
 0.93706294 0.93706294 0.93706294 0.93706294 0.93706294 0.93706294
 0.93706294 0.93706294 0.93706294 0.94405594 0.95104895 0.95804196
 0.95804196 0.96503497 0.96503497 0.96503497 0.97202797 0.97202797
 0.97202797 0.97202797 0.97202797 0.97202797 0.97202797 0.97202797
 0.97202797 0.97202797 0.97202797 0.97202797 0.97202797 0.97202797
 0.97902098 0.97902098 0.97902098 0.97902098 0.97902098 0.97902098
 0.97902098 0.97902098 0.97902098 0.97902098 0.97902098 0.97902098
 0.97902098 0.97902098 0.97902098 0.97902098 0.97902098 0.97902098
 0.97902098 0.97902098 0.97902098 0.97902098 0.97902098 0.98601399
 0.98601399 0.98601399 0.98601399 0.98601399 0.98601399 0.98601399
 0.98601399 0.98601399 0.98601399 0.98601399 0.99300699 0.99300699
 0.99300699 0.99300699 0.99300699 0.99300699 0.99300699 0.99300699
 0.99300699 0.99300699 0.99300699 0.99300699 0.99300699 0.99300699
 0.99300699 0.99300699 0.99300699 1.         1.         1.
 1.         1.         1.         1.         1.         1.
 1.         1.         1.         1.         1.         1.
 1.         1.         1.         1.         1.         1.
 1.         1.         1.         1.         1.         1.
 1.         1.         1.         1.         1.         1.        ]
ℹ INFO: Experiment EXPERIMENT2Reg5 - mAP: 0.3862
🔧 WORKING ON: Evaluating model on Test split
ℹ INFO: Precision-Recall curve saved as 
figures/png/EXPERIMENT2Reg5/precision_recall_curve_test_EXPERIMENT2Reg5_20241119
-161951.png and 
figures/svg/EXPERIMENT2Reg5/precision_recall_curve_test_EXPERIMENT2Reg5_20241119
-161951.svg
precision: [1.         1.         1.         0.75       0.6        0.66666667
 0.71428571 0.75       0.66666667 0.6        0.54545455 0.58333333
 0.61538462 0.57142857 0.6        0.625      0.58823529 0.61111111
 0.57894737 0.6        0.57142857 0.54545455 0.56521739 0.54166667
 0.52       0.53846154 0.51851852 0.5        0.48275862 0.5
 0.48387097 0.5        0.48484848 0.47058824 0.45714286 0.44444444
 0.43243243 0.42105263 0.41025641 0.4        0.3902439  0.4047619
 0.41860465 0.43181818 0.42222222 0.41304348 0.40425532 0.39583333
 0.3877551  0.4        0.39215686 0.40384615 0.41509434 0.40740741
 0.4        0.39285714 0.38596491 0.39655172 0.38983051 0.4
 0.40983607 0.40322581 0.41269841 0.40625    0.41538462 0.40909091
 0.40298507 0.39705882 0.39130435 0.38571429 0.3943662  0.40277778
 0.4109589  0.40540541 0.4        0.40789474 0.41558442 0.41025641
 0.41772152 0.4125     0.40740741 0.41463415 0.40963855 0.41666667
 0.42352941 0.43023256 0.42528736 0.43181818 0.42696629 0.43333333
 0.42857143 0.42391304 0.43010753 0.42553191 0.42105263 0.41666667
 0.41237113 0.41836735 0.41414141 0.41       0.40594059 0.41176471
 0.40776699 0.41346154 0.40952381 0.40566038 0.40186916 0.39814815
 0.39449541 0.4        0.40540541 0.41071429 0.40707965 0.40350877
 0.4        0.39655172 0.4017094  0.39830508 0.40336134 0.4
 0.40495868 0.40983607 0.40650407 0.40322581 0.408      0.4047619
 0.4015748  0.3984375  0.39534884 0.39230769 0.38931298 0.38636364
 0.38345865 0.38059701 0.38518519 0.38235294 0.37956204 0.38405797
 0.38129496 0.37857143 0.37588652 0.37323944 0.37762238 0.375
 0.37931034 0.38356164 0.38095238 0.38513514 0.38926174 0.38666667
 0.39072848 0.39473684 0.39215686 0.38961039 0.38709677 0.38461538
 0.38216561 0.37974684 0.3836478  0.38125    0.37888199 0.37654321
 0.3803681  0.38414634 0.38181818 0.37951807 0.37724551 0.38095238
 0.38461538 0.38823529 0.38596491 0.38372093 0.38150289 0.37931034
 0.38285714 0.38636364 0.38418079 0.38202247 0.37988827 0.37777778
 0.38121547 0.37912088 0.37704918 0.375      0.37297297 0.37096774
 0.36898396 0.36702128 0.36507937 0.36315789 0.36125654 0.359375
 0.35751295 0.3556701  0.35384615 0.35714286 0.36040609 0.36363636
 0.36180905 0.36       0.36318408 0.36138614 0.35960591 0.35784314
 0.35609756 0.3592233  0.35748792 0.35576923 0.35885167 0.35714286
 0.35545024 0.35377358 0.35211268 0.35514019 0.35348837 0.35185185
 0.35023041 0.34862385 0.34703196 0.34545455 0.3438914  0.34234234
 0.34080717 0.33928571 0.33777778 0.34070796 0.33920705 0.3377193
 0.33624454 0.33478261 0.33333333 0.33189655 0.3304721  0.32905983
 0.32765957 0.33050847 0.32911392 0.32773109 0.32635983 0.32916667
 0.32780083 0.32644628 0.32921811 0.32786885 0.33061224 0.32926829
 0.33198381 0.33064516 0.32931727 0.328      0.32669323 0.32936508
 0.32806324 0.32677165 0.32941176 0.33203125 0.3307393  0.32945736
 0.32818533 0.32692308 0.3256705  0.32824427 0.3269962  0.32575758
 0.3245283  0.32330827 0.32209738 0.32089552 0.32342007 0.32222222
 0.32103321 0.31985294 0.31868132 0.31751825 0.31636364 0.31521739
 0.31407942 0.31294964 0.31182796 0.31071429 0.30960854 0.30851064
 0.30742049 0.30985915 0.30877193 0.30769231 0.30662021 0.30555556
 0.30795848 0.30689655 0.30584192 0.30479452 0.30375427 0.30272109
 0.30169492 0.30405405 0.3030303  0.30201342 0.30434783 0.30333333
 0.30232558 0.3013245  0.30033003 0.30263158 0.30163934 0.30065359
 0.29967427 0.2987013  0.29773463 0.29677419 0.29581994 0.29487179
 0.29392971 0.29617834 0.2952381  0.2943038  0.29337539 0.29245283
 0.29153605 0.290625   0.28971963 0.28881988 0.2879257  0.28703704
 0.28615385 0.28527607 0.28440367 0.28353659 0.28267477 0.28181818
 0.28096677 0.28012048 0.27927928 0.27844311 0.27761194 0.27678571
 0.27596439 0.27514793 0.27433628 0.27352941 0.27272727 0.27192982
 0.27113703 0.27034884 0.26956522 0.26878613 0.27089337 0.27011494
 0.26934097 0.26857143 0.26780627 0.26704545 0.26628895 0.26553672
 0.26478873 0.26404494 0.26330532 0.26256983 0.26183844 0.26111111
 0.26038781 0.25966851 0.25895317 0.25824176 0.25753425 0.2568306
 0.25885559 0.25815217 0.2601626  0.25945946 0.25876011 0.26075269
 0.26005362 0.26203209 0.26133333 0.2606383  0.25994695 0.25925926
 0.2585752  0.25789474 0.25984252 0.2617801  0.26109661 0.26041667
 0.26233766 0.26165803 0.26098191 0.26030928 0.2596401  0.25897436
 0.25831202 0.25765306 0.25699746 0.25634518 0.25822785 0.25757576
 0.25944584 0.25879397 0.26065163 0.26       0.25935162 0.25870647
 0.25806452 0.25742574 0.25679012 0.25615764 0.25552826 0.25490196
 0.25672372 0.25609756 0.25790754 0.25728155 0.2566586  0.25603865
 0.25542169 0.25480769 0.25419664 0.25358852 0.25298329 0.2547619
 0.25415677 0.2535545  0.25295508 0.25235849 0.25176471 0.25117371
 0.25058548 0.25       0.25174825 0.25116279 0.25290023 0.25231481
 0.2517321  0.25115207 0.25057471 0.25       0.24942792 0.24885845
 0.24829157 0.25       0.25170068 0.25113122 0.25282167 0.2545045
 0.25393258 0.25336323 0.25279642 0.25223214 0.25167038 0.25111111
 0.25055432 0.25221239 0.25165563 0.25110132 0.25274725 0.25219298
 0.25164114 0.25327511 0.25272331 0.25217391 0.2516269  0.25108225
 0.25053996 0.25       0.2516129  0.25107296 0.25267666 0.25213675
 0.25159915 0.25106383 0.25053079 0.25       0.24947146 0.24894515
 0.24842105 0.24789916 0.24947589 0.24895397 0.24843424 0.24791667
 0.24740125 0.24896266 0.2484472  0.24793388 0.24742268 0.24897119
 0.24845996 0.25       0.24948875 0.24897959 0.24847251 0.24796748
 0.2474645  0.24898785 0.24848485 0.24798387 0.24748491 0.24698795
 0.24649299 0.246      0.24550898 0.24501992 0.2445328  0.24404762
 0.24554455 0.24505929 0.24457594 0.24409449 0.24361493 0.24313725
 0.24266145 0.2421875  0.2417154  0.24319066 0.24271845 0.24224806
 0.2417795  0.24131274 0.24084778 0.24038462 0.23992322 0.2394636
 0.23900574 0.23854962 0.23809524 0.23764259 0.23908918 0.23863636
 0.24007561 0.23962264 0.23917137 0.2387218  0.23827392 0.23782772
 0.23925234 0.23880597 0.23836127 0.23791822 0.23747681 0.23703704
 0.23659889 0.23800738 0.23941068 0.23897059 0.23853211 0.23809524
 0.23765996 0.23905109 0.23861566 0.23818182 0.23774955 0.23731884
 0.23688969 0.23646209 0.23603604 0.23741007 0.23698384 0.23655914
 0.23613596 0.23571429 0.23529412 0.23487544 0.23445826 0.23404255
 0.23362832 0.23498233 0.23633157 0.23591549 0.23550088 0.23508772
 0.23467601 0.23426573 0.23385689 0.23344948 0.23304348 0.23263889
 0.2322357  0.23183391 0.23143351 0.23103448 0.23063683 0.23024055
 0.22984563 0.22945205 0.22905983 0.22866894 0.22998296 0.23129252
 0.23089983 0.23220339 0.23181049 0.23141892 0.23102867 0.23063973
 0.2302521  0.22986577 0.23115578 0.23076923 0.23038397 0.23
 0.2296173  0.22923588 0.22885572 0.22847682 0.22809917 0.22772277
 0.22734761 0.22697368 0.22660099 0.22622951 0.22585925 0.2254902
 0.22675367 0.22638436 0.22601626 0.22564935 0.22528363 0.22491909
 0.22617124 0.22741935 0.22705314 0.2266881  0.22632424 0.2275641
 0.2272     0.22683706 0.22647528 0.22611465 0.22575517 0.22539683
 0.22503962 0.22468354 0.22432859 0.22555205 0.22519685 0.22484277
 0.2244898  0.22413793 0.22378717 0.2234375  0.22308892 0.22274143
 0.22239502 0.22204969 0.22170543 0.22136223 0.22102009 0.22067901
 0.22187982 0.22153846 0.22119816 0.2208589  0.22052067 0.22171254
 0.22137405 0.22103659 0.22070015 0.22036474 0.2215478  0.22121212
 0.22087746 0.22054381 0.22021116 0.21987952 0.21954887 0.21921922
 0.21889055 0.21856287 0.21823617 0.21791045 0.21758569 0.2172619
 0.21693908 0.21661721 0.2162963  0.21597633 0.21565731 0.21681416
 0.21649485 0.21617647 0.21585903 0.21554252 0.21522694 0.21491228
 0.21459854 0.21428571 0.2139738  0.21366279 0.21335269 0.21304348
 0.21273517 0.21242775 0.21212121 0.21181556 0.21151079 0.2112069
 0.21090387 0.21203438 0.21173104 0.21285714 0.2125535  0.21367521
 0.21479374 0.21448864 0.2141844  0.21388102 0.2135785  0.21327684
 0.21297602 0.21267606 0.21237693 0.21207865 0.21178121 0.21148459
 0.21118881 0.21089385 0.21059972 0.21030641 0.21001391 0.20972222
 0.20943135 0.20914127 0.20885201 0.20856354 0.20827586 0.20798898
 0.20770289 0.20741758 0.20713306 0.20684932 0.20656635 0.20628415
 0.20600273 0.20572207 0.20680272 0.20652174 0.20624152 0.20731707
 0.20703654 0.20675676 0.20782726 0.20754717 0.20726783 0.20698925
 0.20671141 0.20643432 0.20615797 0.20588235 0.20560748 0.20533333
 0.20505992 0.20478723 0.20584329 0.20557029 0.20529801 0.20502646
 0.20475561 0.20448549 0.20421607 0.20394737 0.20367937 0.20341207
 0.20314548 0.20287958 0.20261438 0.20234987 0.20208605 0.20182292
 0.20156047 0.2012987  0.20103761 0.20207254 0.20181113 0.20155039
 0.20129032 0.20103093 0.2007722  0.20051414 0.20025674 0.2
 0.19974392 0.19948849 0.19923372 0.2002551  0.2        0.19974555
 0.19949174 0.19923858 0.19898606 0.19873418 0.19848293 0.19823232
 0.19798235 0.197733   0.19748428 0.19723618 0.19698871 0.19674185
 0.19649562 0.19625    0.19725343 0.19700748 0.19676214 0.19651741
 0.19627329 0.19602978 0.19578686 0.19678218 0.19653894 0.1962963
 0.19605425 0.19581281 0.19557196 0.1953317  0.19509202 0.19485294
 0.19461444 0.19437653 0.19413919 0.19390244 0.19366626 0.19343066
 0.19319563 0.19296117 0.19272727 0.19249395 0.19226119 0.19202899
 0.19179735 0.19156627 0.19133574 0.19110577 0.19087635 0.19064748
 0.19041916 0.19138756 0.1911589  0.19093079 0.19070322 0.19166667
 0.19143876 0.1912114  0.19098458 0.19075829 0.19053254 0.19030733
 0.19008264 0.18985849 0.18963486 0.18941176 0.19036428 0.19014085
 0.18991794 0.18969555 0.18947368 0.18925234 0.18903151 0.18881119
 0.18859139 0.18837209 0.18815331 0.18793503 0.18771727 0.1875
 0.18728324 0.18706697 0.18685121 0.18663594 0.18642117 0.1862069
 0.18599311 0.18577982 0.18556701 0.18535469 0.18628571 0.18607306
 0.18586089 0.18678815 0.18657565 0.18636364 0.1861521  0.18594104
 0.18573046 0.18552036 0.18531073 0.18510158 0.1848929  0.18468468
 0.18447694 0.18426966 0.18406285 0.18497758 0.18589026 0.18568233
 0.18659218 0.18638393 0.18617614 0.18596882 0.18576196 0.18555556
 0.18534961 0.18514412 0.18493909 0.18473451 0.18563536 0.18543046
 0.18522602 0.18502203 0.18591859 0.18571429 0.18551043 0.18530702
 0.18510405 0.18599562 0.18579235 0.18558952 0.18538713 0.18518519
 0.18498368 0.18478261 0.18458198 0.18438178 0.18526544 0.18506494
 0.18486486 0.18574514 0.18554477 0.18534483 0.18514532 0.18494624
 0.18474758 0.18454936 0.18435155 0.18415418]
recall: [0.00581395 0.01162791 0.01744186 0.01744186 0.01744186 0.02325581
 0.02906977 0.03488372 0.03488372 0.03488372 0.03488372 0.04069767
 0.04651163 0.04651163 0.05232558 0.05813953 0.05813953 0.06395349
 0.06395349 0.06976744 0.06976744 0.06976744 0.0755814  0.0755814
 0.0755814  0.08139535 0.08139535 0.08139535 0.08139535 0.0872093
 0.0872093  0.09302326 0.09302326 0.09302326 0.09302326 0.09302326
 0.09302326 0.09302326 0.09302326 0.09302326 0.09302326 0.09883721
 0.10465116 0.11046512 0.11046512 0.11046512 0.11046512 0.11046512
 0.11046512 0.11627907 0.11627907 0.12209302 0.12790698 0.12790698
 0.12790698 0.12790698 0.12790698 0.13372093 0.13372093 0.13953488
 0.14534884 0.14534884 0.15116279 0.15116279 0.15697674 0.15697674
 0.15697674 0.15697674 0.15697674 0.15697674 0.1627907  0.16860465
 0.1744186  0.1744186  0.1744186  0.18023256 0.18604651 0.18604651
 0.19186047 0.19186047 0.19186047 0.19767442 0.19767442 0.20348837
 0.20930233 0.21511628 0.21511628 0.22093023 0.22093023 0.22674419
 0.22674419 0.22674419 0.23255814 0.23255814 0.23255814 0.23255814
 0.23255814 0.23837209 0.23837209 0.23837209 0.23837209 0.24418605
 0.24418605 0.25       0.25       0.25       0.25       0.25
 0.25       0.25581395 0.26162791 0.26744186 0.26744186 0.26744186
 0.26744186 0.26744186 0.27325581 0.27325581 0.27906977 0.27906977
 0.28488372 0.29069767 0.29069767 0.29069767 0.29651163 0.29651163
 0.29651163 0.29651163 0.29651163 0.29651163 0.29651163 0.29651163
 0.29651163 0.29651163 0.30232558 0.30232558 0.30232558 0.30813953
 0.30813953 0.30813953 0.30813953 0.30813953 0.31395349 0.31395349
 0.31976744 0.3255814  0.3255814  0.33139535 0.3372093  0.3372093
 0.34302326 0.34883721 0.34883721 0.34883721 0.34883721 0.34883721
 0.34883721 0.34883721 0.35465116 0.35465116 0.35465116 0.35465116
 0.36046512 0.36627907 0.36627907 0.36627907 0.36627907 0.37209302
 0.37790698 0.38372093 0.38372093 0.38372093 0.38372093 0.38372093
 0.38953488 0.39534884 0.39534884 0.39534884 0.39534884 0.39534884
 0.40116279 0.40116279 0.40116279 0.40116279 0.40116279 0.40116279
 0.40116279 0.40116279 0.40116279 0.40116279 0.40116279 0.40116279
 0.40116279 0.40116279 0.40116279 0.40697674 0.4127907  0.41860465
 0.41860465 0.41860465 0.4244186  0.4244186  0.4244186  0.4244186
 0.4244186  0.43023256 0.43023256 0.43023256 0.43604651 0.43604651
 0.43604651 0.43604651 0.43604651 0.44186047 0.44186047 0.44186047
 0.44186047 0.44186047 0.44186047 0.44186047 0.44186047 0.44186047
 0.44186047 0.44186047 0.44186047 0.44767442 0.44767442 0.44767442
 0.44767442 0.44767442 0.44767442 0.44767442 0.44767442 0.44767442
 0.44767442 0.45348837 0.45348837 0.45348837 0.45348837 0.45930233
 0.45930233 0.45930233 0.46511628 0.46511628 0.47093023 0.47093023
 0.47674419 0.47674419 0.47674419 0.47674419 0.47674419 0.48255814
 0.48255814 0.48255814 0.48837209 0.49418605 0.49418605 0.49418605
 0.49418605 0.49418605 0.49418605 0.5        0.5        0.5
 0.5        0.5        0.5        0.5        0.50581395 0.50581395
 0.50581395 0.50581395 0.50581395 0.50581395 0.50581395 0.50581395
 0.50581395 0.50581395 0.50581395 0.50581395 0.50581395 0.50581395
 0.50581395 0.51162791 0.51162791 0.51162791 0.51162791 0.51162791
 0.51744186 0.51744186 0.51744186 0.51744186 0.51744186 0.51744186
 0.51744186 0.52325581 0.52325581 0.52325581 0.52906977 0.52906977
 0.52906977 0.52906977 0.52906977 0.53488372 0.53488372 0.53488372
 0.53488372 0.53488372 0.53488372 0.53488372 0.53488372 0.53488372
 0.53488372 0.54069767 0.54069767 0.54069767 0.54069767 0.54069767
 0.54069767 0.54069767 0.54069767 0.54069767 0.54069767 0.54069767
 0.54069767 0.54069767 0.54069767 0.54069767 0.54069767 0.54069767
 0.54069767 0.54069767 0.54069767 0.54069767 0.54069767 0.54069767
 0.54069767 0.54069767 0.54069767 0.54069767 0.54069767 0.54069767
 0.54069767 0.54069767 0.54069767 0.54069767 0.54651163 0.54651163
 0.54651163 0.54651163 0.54651163 0.54651163 0.54651163 0.54651163
 0.54651163 0.54651163 0.54651163 0.54651163 0.54651163 0.54651163
 0.54651163 0.54651163 0.54651163 0.54651163 0.54651163 0.54651163
 0.55232558 0.55232558 0.55813953 0.55813953 0.55813953 0.56395349
 0.56395349 0.56976744 0.56976744 0.56976744 0.56976744 0.56976744
 0.56976744 0.56976744 0.5755814  0.58139535 0.58139535 0.58139535
 0.5872093  0.5872093  0.5872093  0.5872093  0.5872093  0.5872093
 0.5872093  0.5872093  0.5872093  0.5872093  0.59302326 0.59302326
 0.59883721 0.59883721 0.60465116 0.60465116 0.60465116 0.60465116
 0.60465116 0.60465116 0.60465116 0.60465116 0.60465116 0.60465116
 0.61046512 0.61046512 0.61627907 0.61627907 0.61627907 0.61627907
 0.61627907 0.61627907 0.61627907 0.61627907 0.61627907 0.62209302
 0.62209302 0.62209302 0.62209302 0.62209302 0.62209302 0.62209302
 0.62209302 0.62209302 0.62790698 0.62790698 0.63372093 0.63372093
 0.63372093 0.63372093 0.63372093 0.63372093 0.63372093 0.63372093
 0.63372093 0.63953488 0.64534884 0.64534884 0.65116279 0.65697674
 0.65697674 0.65697674 0.65697674 0.65697674 0.65697674 0.65697674
 0.65697674 0.6627907  0.6627907  0.6627907  0.66860465 0.66860465
 0.66860465 0.6744186  0.6744186  0.6744186  0.6744186  0.6744186
 0.6744186  0.6744186  0.68023256 0.68023256 0.68604651 0.68604651
 0.68604651 0.68604651 0.68604651 0.68604651 0.68604651 0.68604651
 0.68604651 0.68604651 0.69186047 0.69186047 0.69186047 0.69186047
 0.69186047 0.69767442 0.69767442 0.69767442 0.69767442 0.70348837
 0.70348837 0.70930233 0.70930233 0.70930233 0.70930233 0.70930233
 0.70930233 0.71511628 0.71511628 0.71511628 0.71511628 0.71511628
 0.71511628 0.71511628 0.71511628 0.71511628 0.71511628 0.71511628
 0.72093023 0.72093023 0.72093023 0.72093023 0.72093023 0.72093023
 0.72093023 0.72093023 0.72093023 0.72674419 0.72674419 0.72674419
 0.72674419 0.72674419 0.72674419 0.72674419 0.72674419 0.72674419
 0.72674419 0.72674419 0.72674419 0.72674419 0.73255814 0.73255814
 0.73837209 0.73837209 0.73837209 0.73837209 0.73837209 0.73837209
 0.74418605 0.74418605 0.74418605 0.74418605 0.74418605 0.74418605
 0.74418605 0.75       0.75581395 0.75581395 0.75581395 0.75581395
 0.75581395 0.76162791 0.76162791 0.76162791 0.76162791 0.76162791
 0.76162791 0.76162791 0.76162791 0.76744186 0.76744186 0.76744186
 0.76744186 0.76744186 0.76744186 0.76744186 0.76744186 0.76744186
 0.76744186 0.77325581 0.77906977 0.77906977 0.77906977 0.77906977
 0.77906977 0.77906977 0.77906977 0.77906977 0.77906977 0.77906977
 0.77906977 0.77906977 0.77906977 0.77906977 0.77906977 0.77906977
 0.77906977 0.77906977 0.77906977 0.77906977 0.78488372 0.79069767
 0.79069767 0.79651163 0.79651163 0.79651163 0.79651163 0.79651163
 0.79651163 0.79651163 0.80232558 0.80232558 0.80232558 0.80232558
 0.80232558 0.80232558 0.80232558 0.80232558 0.80232558 0.80232558
 0.80232558 0.80232558 0.80232558 0.80232558 0.80232558 0.80232558
 0.80813953 0.80813953 0.80813953 0.80813953 0.80813953 0.80813953
 0.81395349 0.81976744 0.81976744 0.81976744 0.81976744 0.8255814
 0.8255814  0.8255814  0.8255814  0.8255814  0.8255814  0.8255814
 0.8255814  0.8255814  0.8255814  0.83139535 0.83139535 0.83139535
 0.83139535 0.83139535 0.83139535 0.83139535 0.83139535 0.83139535
 0.83139535 0.83139535 0.83139535 0.83139535 0.83139535 0.83139535
 0.8372093  0.8372093  0.8372093  0.8372093  0.8372093  0.84302326
 0.84302326 0.84302326 0.84302326 0.84302326 0.84883721 0.84883721
 0.84883721 0.84883721 0.84883721 0.84883721 0.84883721 0.84883721
 0.84883721 0.84883721 0.84883721 0.84883721 0.84883721 0.84883721
 0.84883721 0.84883721 0.84883721 0.84883721 0.84883721 0.85465116
 0.85465116 0.85465116 0.85465116 0.85465116 0.85465116 0.85465116
 0.85465116 0.85465116 0.85465116 0.85465116 0.85465116 0.85465116
 0.85465116 0.85465116 0.85465116 0.85465116 0.85465116 0.85465116
 0.85465116 0.86046512 0.86046512 0.86627907 0.86627907 0.87209302
 0.87790698 0.87790698 0.87790698 0.87790698 0.87790698 0.87790698
 0.87790698 0.87790698 0.87790698 0.87790698 0.87790698 0.87790698
 0.87790698 0.87790698 0.87790698 0.87790698 0.87790698 0.87790698
 0.87790698 0.87790698 0.87790698 0.87790698 0.87790698 0.87790698
 0.87790698 0.87790698 0.87790698 0.87790698 0.87790698 0.87790698
 0.87790698 0.87790698 0.88372093 0.88372093 0.88372093 0.88953488
 0.88953488 0.88953488 0.89534884 0.89534884 0.89534884 0.89534884
 0.89534884 0.89534884 0.89534884 0.89534884 0.89534884 0.89534884
 0.89534884 0.89534884 0.90116279 0.90116279 0.90116279 0.90116279
 0.90116279 0.90116279 0.90116279 0.90116279 0.90116279 0.90116279
 0.90116279 0.90116279 0.90116279 0.90116279 0.90116279 0.90116279
 0.90116279 0.90116279 0.90116279 0.90697674 0.90697674 0.90697674
 0.90697674 0.90697674 0.90697674 0.90697674 0.90697674 0.90697674
 0.90697674 0.90697674 0.90697674 0.9127907  0.9127907  0.9127907
 0.9127907  0.9127907  0.9127907  0.9127907  0.9127907  0.9127907
 0.9127907  0.9127907  0.9127907  0.9127907  0.9127907  0.9127907
 0.9127907  0.9127907  0.91860465 0.91860465 0.91860465 0.91860465
 0.91860465 0.91860465 0.91860465 0.9244186  0.9244186  0.9244186
 0.9244186  0.9244186  0.9244186  0.9244186  0.9244186  0.9244186
 0.9244186  0.9244186  0.9244186  0.9244186  0.9244186  0.9244186
 0.9244186  0.9244186  0.9244186  0.9244186  0.9244186  0.9244186
 0.9244186  0.9244186  0.9244186  0.9244186  0.9244186  0.9244186
 0.9244186  0.93023256 0.93023256 0.93023256 0.93023256 0.93604651
 0.93604651 0.93604651 0.93604651 0.93604651 0.93604651 0.93604651
 0.93604651 0.93604651 0.93604651 0.93604651 0.94186047 0.94186047
 0.94186047 0.94186047 0.94186047 0.94186047 0.94186047 0.94186047
 0.94186047 0.94186047 0.94186047 0.94186047 0.94186047 0.94186047
 0.94186047 0.94186047 0.94186047 0.94186047 0.94186047 0.94186047
 0.94186047 0.94186047 0.94186047 0.94186047 0.94767442 0.94767442
 0.94767442 0.95348837 0.95348837 0.95348837 0.95348837 0.95348837
 0.95348837 0.95348837 0.95348837 0.95348837 0.95348837 0.95348837
 0.95348837 0.95348837 0.95348837 0.95930233 0.96511628 0.96511628
 0.97093023 0.97093023 0.97093023 0.97093023 0.97093023 0.97093023
 0.97093023 0.97093023 0.97093023 0.97093023 0.97674419 0.97674419
 0.97674419 0.97674419 0.98255814 0.98255814 0.98255814 0.98255814
 0.98255814 0.98837209 0.98837209 0.98837209 0.98837209 0.98837209
 0.98837209 0.98837209 0.98837209 0.98837209 0.99418605 0.99418605
 0.99418605 1.         1.         1.         1.         1.
 1.         1.         1.         1.        ]
ℹ INFO: Experiment EXPERIMENT2Reg5 - mAP: 0.3443
✅ SUCCESS: Predictions saved to 'figures/'

------------------------------------------------------------
Sender: LSF System <lsfadmin@hpc.dtu.dk>
Subject: Job 23209896: <REG_1_CLF_1> in cluster <dcc> Done

Job <REG_1_CLF_1> was submitted from host <n-62-12-20> by user <s233498> in cluster <dcc> at Tue Nov 19 15:31:25 2024
Job was executed on host(s) <4*n-62-18-8>, in queue <c02516>, as user <s233498> in cluster <dcc> at Tue Nov 19 15:31:27 2024
</zhome/e3/f/203690> was used as the home directory.
</dtu/blackhole/0a/203690/02516-intro-to-dl-in-cv/poster-3-object-detection> was used as the working directory.
Started at Tue Nov 19 15:31:27 2024
Terminated at Tue Nov 19 16:19:55 2024
Results reported at Tue Nov 19 16:19:55 2024

Your job looked like:

------------------------------------------------------------
# LSBATCH: User input
#!/bin/bash
#BSUB -q c02516
#BSUB -n 4
#BSUB -gpu "num=1:mode=exclusive_process" 
#BSUB -J REG_1_CLF_1
#BSUB -R "span[hosts=1]"
#BSUB -R "rusage[mem=20GB]"
#BSUB -W 12:00
#BSUB -o job_outputs/REG_1_CLF_1_experiment%J.out
#BSUB -e job_outputs/REG_1_CLF_1_experiment%J.err

EXPERIMENT="EXPERIMENT2Reg5"
EPOCHS=50
LEARNING_RATE=1e-4
IOU_THRESHOLD=0.3
CONFIDENCE_THRESHOLD=0.5
WEIGHT_DECAY=1e-5
NUM_IMAGES=10

source /dtu/blackhole/0a/203690/miniconda3/bin/activate

conda activate project-3

python main.py \
    --experiment_name $EXPERIMENT \
    --num_images $NUM_IMAGES \
    --learning_rate $LEARNING_RATE \
    --num_epochs $EPOCHS \
    --iou_threshold $IOU_THRESHOLD \
    --confidence_threshold $CONFIDENCE_THRESHOLD \
    --weight_decay $WEIGHT_DECAY \
    --cls_weight 1.0 \
    --reg_weight 5.0



------------------------------------------------------------

Successfully completed.

Resource usage summary:

    CPU time :                                   3742.68 sec.
    Max Memory :                                 5346 MB
    Average Memory :                             2874.00 MB
    Total Requested Memory :                     81920.00 MB
    Delta Memory :                               76574.00 MB
    Max Swap :                                   -
    Max Processes :                              10
    Max Threads :                                40
    Run time :                                   3000 sec.
    Turnaround time :                            2910 sec.

The output (if any) is above this job summary.



PS:

Read file <job_outputs/REG_1_CLF_1_experiment23209896.err> for stderr output of this job.

