🔧 WORKING ON: Loading Train data
🔧 WORKING ON: Loading Validation data
🔧 WORKING ON: Loading Test data
ℹ INFO: Using the entire dataset for training and validation.
🔧 WORKING ON: Training model
ℹ INFO: Epoch 1/50 - Train Loss: 0.3712 (Cls: 0.3244, Reg: 0.0468) - Val Loss: 
0.1327 (Cls: 0.0984, Reg: 0.0343)
ℹ INFO: Epoch 2/50 - Train Loss: 0.2847 (Cls: 0.2475, Reg: 0.0372) - Val Loss: 
0.1519 (Cls: 0.1183, Reg: 0.0336)
ℹ INFO: Epoch 3/50 - Train Loss: 0.2553 (Cls: 0.2201, Reg: 0.0352) - Val Loss: 
0.1345 (Cls: 0.1023, Reg: 0.0322)
ℹ INFO: Epoch 4/50 - Train Loss: 0.2277 (Cls: 0.1933, Reg: 0.0344) - Val Loss: 
0.1319 (Cls: 0.1000, Reg: 0.0319)
ℹ INFO: Epoch 5/50 - Train Loss: 0.2105 (Cls: 0.1773, Reg: 0.0332) - Val Loss: 
0.1614 (Cls: 0.1304, Reg: 0.0310)
ℹ INFO: Epoch 6/50 - Train Loss: 0.1880 (Cls: 0.1560, Reg: 0.0320) - Val Loss: 
0.1245 (Cls: 0.0939, Reg: 0.0305)
ℹ INFO: Epoch 7/50 - Train Loss: 0.1746 (Cls: 0.1432, Reg: 0.0314) - Val Loss: 
0.1376 (Cls: 0.1075, Reg: 0.0302)
ℹ INFO: Epoch 8/50 - Train Loss: 0.1539 (Cls: 0.1237, Reg: 0.0302) - Val Loss: 
0.1321 (Cls: 0.1022, Reg: 0.0299)
ℹ INFO: Epoch 9/50 - Train Loss: 0.1428 (Cls: 0.1126, Reg: 0.0302) - Val Loss: 
0.1449 (Cls: 0.1150, Reg: 0.0299)
ℹ INFO: Epoch 10/50 - Train Loss: 0.1307 (Cls: 0.1017, Reg: 0.0290) - Val Loss: 
0.1455 (Cls: 0.1152, Reg: 0.0303)
ℹ INFO: Epoch 11/50 - Train Loss: 0.1210 (Cls: 0.0924, Reg: 0.0286) - Val Loss: 
0.1962 (Cls: 0.1665, Reg: 0.0297)
ℹ INFO: Epoch 12/50 - Train Loss: 0.1055 (Cls: 0.0777, Reg: 0.0277) - Val Loss: 
0.1757 (Cls: 0.1460, Reg: 0.0297)
ℹ INFO: Epoch 13/50 - Train Loss: 0.0975 (Cls: 0.0703, Reg: 0.0272) - Val Loss: 
0.1902 (Cls: 0.1607, Reg: 0.0295)
ℹ INFO: Epoch 14/50 - Train Loss: 0.0967 (Cls: 0.0697, Reg: 0.0269) - Val Loss: 
0.1669 (Cls: 0.1372, Reg: 0.0297)
ℹ INFO: Epoch 15/50 - Train Loss: 0.0879 (Cls: 0.0619, Reg: 0.0260) - Val Loss: 
0.1581 (Cls: 0.1289, Reg: 0.0293)
ℹ INFO: Epoch 16/50 - Train Loss: 0.0795 (Cls: 0.0538, Reg: 0.0257) - Val Loss: 
0.2086 (Cls: 0.1790, Reg: 0.0296)
ℹ INFO: Early stopping triggered.
🔧 WORKING ON: Visualizing predictions
Image ID: 565
Number of Proposals: 500
Predictions of potholes before NMS: 15
Predictions of potholes after NMS: 2
Image ID: 498
Number of Proposals: 500
Predictions of potholes before NMS: 2
Predictions of potholes after NMS: 1
Image ID: 11
Number of Proposals: 500
Predictions of potholes before NMS: 6
Predictions of potholes after NMS: 2
Image ID: 143
Number of Proposals: 500
Predictions of potholes before NMS: 5
Predictions of potholes after NMS: 3
Image ID: 65
Number of Proposals: 500
Predictions of potholes before NMS: 0
Predictions of potholes after NMS: 0
Image ID: 641
Number of Proposals: 500
Predictions of potholes before NMS: 0
Predictions of potholes after NMS: 0
Image ID: 627
Number of Proposals: 500
Predictions of potholes before NMS: 20
Predictions of potholes after NMS: 4
Image ID: 248
Number of Proposals: 500
Predictions of potholes before NMS: 5
Predictions of potholes after NMS: 4
Image ID: 611
Number of Proposals: 500
Predictions of potholes before NMS: 48
Predictions of potholes after NMS: 10
Image ID: 114
Number of Proposals: 500
Predictions of potholes before NMS: 11
Predictions of potholes after NMS: 5
Image Index: [96]
Number of Proposals: 8
Ground Truth Boxes: 2
Predictions Before NMS: 1
Predictions After NMS: 1
Image Index: [194]
Number of Proposals: 8
Ground Truth Boxes: 2
Predictions Before NMS: 0
Predictions After NMS: 0
Image Index: [354]
Number of Proposals: 8
Ground Truth Boxes: 2
Predictions Before NMS: 2
Predictions After NMS: 2
Image Index: [134]
Number of Proposals: 28
Ground Truth Boxes: 7
Predictions Before NMS: 4
Predictions After NMS: 1
Image Index: [309]
Number of Proposals: 32
Ground Truth Boxes: 8
Predictions Before NMS: 1
Predictions After NMS: 1
🔧 WORKING ON: Saving model
ℹ INFO: Model state_dict saved to 
saved_models/model_state_dict_EXPERIMENT5Reg1lowIoU.pth
ℹ INFO: Entire model saved to saved_models/model_full_EXPERIMENT5Reg1lowIoU.pth
🔧 WORKING ON: Evaluating model on Validation split
ℹ INFO: Precision-Recall curve saved as 
figures/png/EXPERIMENT5Reg1lowIoU/precision_recall_curve_val_EXPERIMENT5Reg1lowI
oU_20241119-172437.png and 
figures/svg/EXPERIMENT5Reg1lowIoU/precision_recall_curve_val_EXPERIMENT5Reg1lowI
oU_20241119-172437.svg
precision: [1.         1.         1.         1.         1.         1.
 1.         1.         1.         1.         1.         1.
 1.         1.         1.         1.         1.         1.
 1.         1.         1.         1.         1.         1.
 0.96       0.96153846 0.96296296 0.96428571 0.96551724 0.96666667
 0.93548387 0.9375     0.93939394 0.94117647 0.94285714 0.94444444
 0.91891892 0.92105263 0.92307692 0.925      0.90243902 0.9047619
 0.90697674 0.90909091 0.88888889 0.89130435 0.89361702 0.89583333
 0.89795918 0.88       0.88235294 0.88461538 0.88679245 0.88888889
 0.89090909 0.89285714 0.89473684 0.89655172 0.89830508 0.9
 0.90163934 0.90322581 0.88888889 0.890625   0.89230769 0.89393939
 0.88059701 0.88235294 0.88405797 0.88571429 0.87323944 0.875
 0.87671233 0.86486486 0.85333333 0.84210526 0.83116883 0.83333333
 0.82278481 0.825      0.82716049 0.81707317 0.80722892 0.80952381
 0.8        0.79069767 0.79310345 0.78409091 0.78651685 0.77777778
 0.78021978 0.7826087  0.77419355 0.76595745 0.76842105 0.76041667
 0.75257732 0.74489796 0.73737374 0.74       0.73267327 0.7254902
 0.7184466  0.71153846 0.7047619  0.69811321 0.69158879 0.69444444
 0.68807339 0.68181818 0.68468468 0.67857143 0.68141593 0.6754386
 0.66956522 0.67241379 0.66666667 0.66949153 0.67226891 0.66666667
 0.66942149 0.67213115 0.67479675 0.67741935 0.672      0.66666667
 0.66929134 0.6640625  0.66666667 0.66923077 0.67175573 0.67424242
 0.66917293 0.6641791  0.66666667 0.66911765 0.66423358 0.66666667
 0.66906475 0.66428571 0.65957447 0.66197183 0.66433566 0.66666667
 0.66896552 0.66438356 0.65986395 0.65540541 0.65100671 0.64666667
 0.64900662 0.65131579 0.65359477 0.64935065 0.6516129  0.6474359
 0.6433121  0.64556962 0.64779874 0.65       0.64596273 0.64197531
 0.63803681 0.63414634 0.63636364 0.63855422 0.63473054 0.63690476
 0.63905325 0.64117647 0.6374269  0.63953488 0.63583815 0.63793103
 0.64       0.63636364 0.63841808 0.63483146 0.63128492 0.63333333
 0.63535912 0.63186813 0.6284153  0.625      0.62162162 0.61827957
 0.61497326 0.61170213 0.60846561 0.61052632 0.60732984 0.60416667
 0.60621762 0.60309278 0.60512821 0.60714286 0.60913706 0.61111111
 0.61306533 0.61       0.60696517 0.6039604  0.60098522 0.59803922
 0.59512195 0.59223301 0.5942029  0.59134615 0.58851675 0.58571429
 0.58293839 0.58018868 0.57746479 0.57476636 0.57209302 0.57407407
 0.57142857 0.56880734 0.56621005 0.56363636 0.56108597 0.55855856
 0.55605381 0.55357143 0.55111111 0.54867257 0.54625551 0.54824561
 0.55021834 0.55217391 0.54978355 0.54741379 0.54506438 0.54700855
 0.54893617 0.55084746 0.54852321 0.54621849 0.54393305 0.54166667
 0.54356846 0.54132231 0.54320988 0.54098361 0.53877551 0.54065041
 0.53846154 0.53629032 0.53413655 0.532      0.52988048 0.52777778
 0.52964427 0.53149606 0.52941176 0.53125    0.53307393 0.53488372
 0.53281853 0.53076923 0.52873563 0.52671756 0.52851711 0.52651515
 0.5245283  0.52255639 0.52434457 0.52238806 0.5204461  0.51851852
 0.51660517 0.51838235 0.51648352 0.51459854 0.51636364 0.51449275
 0.51263538 0.51079137 0.50896057 0.50714286 0.50533808 0.5035461
 0.50176678 0.50352113 0.50526316 0.50699301 0.5087108  0.50694444
 0.50519031 0.50344828 0.50515464 0.50342466 0.50170648 0.5
 0.49830508 0.49662162 0.49494949 0.49328859 0.49498328 0.49333333
 0.49169435 0.49337748 0.49174917 0.49013158 0.49180328 0.49346405
 0.49185668 0.49350649 0.49514563 0.49354839 0.49196141 0.49038462
 0.48881789 0.48726115 0.48571429 0.48417722 0.48580442 0.48427673
 0.48275862 0.48125    0.47975078 0.47826087 0.47678019 0.47839506
 0.47692308 0.47546012 0.47400612 0.47256098 0.47112462 0.47272727
 0.47129909 0.46987952 0.47147147 0.47005988 0.46865672 0.4672619
 0.46587537 0.46449704 0.46312684 0.46176471 0.46334311 0.4619883
 0.4606414  0.45930233 0.45797101 0.4566474  0.45533141 0.45689655
 0.45558739 0.45714286 0.45584046 0.45454545 0.45325779 0.45480226
 0.45352113 0.45224719 0.45098039 0.44972067 0.44846797 0.45
 0.44875346 0.44751381 0.44628099 0.4478022  0.44657534 0.44808743
 0.44959128 0.45108696 0.4498645  0.44864865 0.44743935 0.44892473
 0.44772118 0.44919786 0.448      0.44946809 0.44827586 0.44708995
 0.44591029 0.44473684 0.44619423 0.44764398 0.4464752  0.4453125
 0.44415584 0.44559585 0.44444444 0.44587629 0.44473008 0.44358974
 0.44501279 0.44642857 0.44529262 0.44416244 0.44303797 0.44444444
 0.44332494 0.44221106 0.44110276 0.4425     0.44139651 0.44029851
 0.43920596 0.43811881 0.43703704 0.43842365 0.43734644 0.43627451
 0.43520782 0.43414634 0.43309002 0.43203883 0.43099274 0.43236715
 0.4313253  0.43028846 0.43165468 0.43062201 0.42959427 0.42857143
 0.42755344 0.42654028 0.42789598 0.42924528 0.42823529 0.42957746
 0.42857143 0.42990654 0.42890443 0.42790698 0.42691415 0.42592593
 0.42494226 0.42396313 0.42298851 0.42201835 0.42105263 0.42009132
 0.4214123  0.42045455 0.41950113 0.42081448 0.41986456 0.41891892
 0.41797753 0.41928251 0.42058166 0.41964286 0.41870824 0.41777778
 0.41685144 0.41814159 0.41721854 0.4185022  0.41758242 0.41885965
 0.41794311 0.41703057 0.416122   0.41521739 0.4143167  0.41341991
 0.412527   0.4137931  0.41290323 0.41201717 0.4111349  0.41025641
 0.40938166 0.40851064 0.40764331 0.40889831 0.41014799 0.4092827
 0.41052632 0.40966387 0.40880503 0.40794979 0.40709812 0.40625
 0.40540541 0.40456432 0.40372671 0.40289256 0.40206186 0.40123457
 0.40041068 0.40163934 0.400818   0.4        0.39918534 0.39837398
 0.39756592 0.39676113 0.3959596  0.39516129 0.3943662  0.39558233
 0.39679359 0.396      0.39720559 0.39840637 0.39761431 0.3968254
 0.3980198  0.3972332  0.3964497  0.3976378  0.39685658 0.39607843]
recall: [0.0049505  0.00990099 0.01485149 0.01980198 0.02475248 0.02970297
 0.03465347 0.03960396 0.04455446 0.04950495 0.05445545 0.05940594
 0.06435644 0.06930693 0.07425743 0.07920792 0.08415842 0.08910891
 0.09405941 0.0990099  0.1039604  0.10891089 0.11386139 0.11881188
 0.11881188 0.12376238 0.12871287 0.13366337 0.13861386 0.14356436
 0.14356436 0.14851485 0.15346535 0.15841584 0.16336634 0.16831683
 0.16831683 0.17326733 0.17821782 0.18316832 0.18316832 0.18811881
 0.19306931 0.1980198  0.1980198  0.2029703  0.20792079 0.21287129
 0.21782178 0.21782178 0.22277228 0.22772277 0.23267327 0.23762376
 0.24257426 0.24752475 0.25247525 0.25742574 0.26237624 0.26732673
 0.27227723 0.27722772 0.27722772 0.28217822 0.28712871 0.29207921
 0.29207921 0.2970297  0.3019802  0.30693069 0.30693069 0.31188119
 0.31683168 0.31683168 0.31683168 0.31683168 0.31683168 0.32178218
 0.32178218 0.32673267 0.33168317 0.33168317 0.33168317 0.33663366
 0.33663366 0.33663366 0.34158416 0.34158416 0.34653465 0.34653465
 0.35148515 0.35643564 0.35643564 0.35643564 0.36138614 0.36138614
 0.36138614 0.36138614 0.36138614 0.36633663 0.36633663 0.36633663
 0.36633663 0.36633663 0.36633663 0.36633663 0.36633663 0.37128713
 0.37128713 0.37128713 0.37623762 0.37623762 0.38118812 0.38118812
 0.38118812 0.38613861 0.38613861 0.39108911 0.3960396  0.3960396
 0.4009901  0.40594059 0.41089109 0.41584158 0.41584158 0.41584158
 0.42079208 0.42079208 0.42574257 0.43069307 0.43564356 0.44059406
 0.44059406 0.44059406 0.44554455 0.45049505 0.45049505 0.45544554
 0.46039604 0.46039604 0.46039604 0.46534653 0.47029703 0.47524752
 0.48019802 0.48019802 0.48019802 0.48019802 0.48019802 0.48019802
 0.48514851 0.49009901 0.4950495  0.4950495  0.5        0.5
 0.5        0.5049505  0.50990099 0.51485149 0.51485149 0.51485149
 0.51485149 0.51485149 0.51980198 0.52475248 0.52475248 0.52970297
 0.53465347 0.53960396 0.53960396 0.54455446 0.54455446 0.54950495
 0.55445545 0.55445545 0.55940594 0.55940594 0.55940594 0.56435644
 0.56930693 0.56930693 0.56930693 0.56930693 0.56930693 0.56930693
 0.56930693 0.56930693 0.56930693 0.57425743 0.57425743 0.57425743
 0.57920792 0.57920792 0.58415842 0.58910891 0.59405941 0.5990099
 0.6039604  0.6039604  0.6039604  0.6039604  0.6039604  0.6039604
 0.6039604  0.6039604  0.60891089 0.60891089 0.60891089 0.60891089
 0.60891089 0.60891089 0.60891089 0.60891089 0.60891089 0.61386139
 0.61386139 0.61386139 0.61386139 0.61386139 0.61386139 0.61386139
 0.61386139 0.61386139 0.61386139 0.61386139 0.61386139 0.61881188
 0.62376238 0.62871287 0.62871287 0.62871287 0.62871287 0.63366337
 0.63861386 0.64356436 0.64356436 0.64356436 0.64356436 0.64356436
 0.64851485 0.64851485 0.65346535 0.65346535 0.65346535 0.65841584
 0.65841584 0.65841584 0.65841584 0.65841584 0.65841584 0.65841584
 0.66336634 0.66831683 0.66831683 0.67326733 0.67821782 0.68316832
 0.68316832 0.68316832 0.68316832 0.68316832 0.68811881 0.68811881
 0.68811881 0.68811881 0.69306931 0.69306931 0.69306931 0.69306931
 0.69306931 0.6980198  0.6980198  0.6980198  0.7029703  0.7029703
 0.7029703  0.7029703  0.7029703  0.7029703  0.7029703  0.7029703
 0.7029703  0.70792079 0.71287129 0.71782178 0.72277228 0.72277228
 0.72277228 0.72277228 0.72772277 0.72772277 0.72772277 0.72772277
 0.72772277 0.72772277 0.72772277 0.72772277 0.73267327 0.73267327
 0.73267327 0.73762376 0.73762376 0.73762376 0.74257426 0.74752475
 0.74752475 0.75247525 0.75742574 0.75742574 0.75742574 0.75742574
 0.75742574 0.75742574 0.75742574 0.75742574 0.76237624 0.76237624
 0.76237624 0.76237624 0.76237624 0.76237624 0.76237624 0.76732673
 0.76732673 0.76732673 0.76732673 0.76732673 0.76732673 0.77227723
 0.77227723 0.77227723 0.77722772 0.77722772 0.77722772 0.77722772
 0.77722772 0.77722772 0.77722772 0.77722772 0.78217822 0.78217822
 0.78217822 0.78217822 0.78217822 0.78217822 0.78217822 0.78712871
 0.78712871 0.79207921 0.79207921 0.79207921 0.79207921 0.7970297
 0.7970297  0.7970297  0.7970297  0.7970297  0.7970297  0.8019802
 0.8019802  0.8019802  0.8019802  0.80693069 0.80693069 0.81188119
 0.81683168 0.82178218 0.82178218 0.82178218 0.82178218 0.82673267
 0.82673267 0.83168317 0.83168317 0.83663366 0.83663366 0.83663366
 0.83663366 0.83663366 0.84158416 0.84653465 0.84653465 0.84653465
 0.84653465 0.85148515 0.85148515 0.85643564 0.85643564 0.85643564
 0.86138614 0.86633663 0.86633663 0.86633663 0.86633663 0.87128713
 0.87128713 0.87128713 0.87128713 0.87623762 0.87623762 0.87623762
 0.87623762 0.87623762 0.87623762 0.88118812 0.88118812 0.88118812
 0.88118812 0.88118812 0.88118812 0.88118812 0.88118812 0.88613861
 0.88613861 0.88613861 0.89108911 0.89108911 0.89108911 0.89108911
 0.89108911 0.89108911 0.8960396  0.9009901  0.9009901  0.90594059
 0.90594059 0.91089109 0.91089109 0.91089109 0.91089109 0.91089109
 0.91089109 0.91089109 0.91089109 0.91089109 0.91089109 0.91089109
 0.91584158 0.91584158 0.91584158 0.92079208 0.92079208 0.92079208
 0.92079208 0.92574257 0.93069307 0.93069307 0.93069307 0.93069307
 0.93069307 0.93564356 0.93564356 0.94059406 0.94059406 0.94554455
 0.94554455 0.94554455 0.94554455 0.94554455 0.94554455 0.94554455
 0.94554455 0.95049505 0.95049505 0.95049505 0.95049505 0.95049505
 0.95049505 0.95049505 0.95049505 0.95544554 0.96039604 0.96039604
 0.96534653 0.96534653 0.96534653 0.96534653 0.96534653 0.96534653
 0.96534653 0.96534653 0.96534653 0.96534653 0.96534653 0.96534653
 0.96534653 0.97029703 0.97029703 0.97029703 0.97029703 0.97029703
 0.97029703 0.97029703 0.97029703 0.97029703 0.97029703 0.97524752
 0.98019802 0.98019802 0.98514851 0.99009901 0.99009901 0.99009901
 0.9950495  0.9950495  0.9950495  1.         1.         1.        ]
ℹ INFO: Experiment EXPERIMENT5Reg1lowIoU - mAP: 0.6815
🔧 WORKING ON: Evaluating model on Test split
ℹ INFO: Precision-Recall curve saved as 
figures/png/EXPERIMENT5Reg1lowIoU/precision_recall_curve_test_EXPERIMENT5Reg1low
IoU_20241119-172648.png and 
figures/svg/EXPERIMENT5Reg1lowIoU/precision_recall_curve_test_EXPERIMENT5Reg1low
IoU_20241119-172648.svg
precision: [1.         1.         1.         1.         1.         0.83333333
 0.85714286 0.875      0.88888889 0.9        0.90909091 0.91666667
 0.92307692 0.92857143 0.93333333 0.9375     0.94117647 0.94444444
 0.94736842 0.9        0.9047619  0.90909091 0.91304348 0.875
 0.88       0.84615385 0.85185185 0.85714286 0.86206897 0.83333333
 0.83870968 0.84375    0.84848485 0.85294118 0.85714286 0.83333333
 0.83783784 0.84210526 0.84615385 0.85       0.85365854 0.85714286
 0.8372093  0.84090909 0.84444444 0.84782609 0.85106383 0.85416667
 0.85714286 0.86       0.8627451  0.86538462 0.86792453 0.87037037
 0.87272727 0.875      0.85964912 0.84482759 0.83050847 0.81666667
 0.81967213 0.82258065 0.82539683 0.828125   0.83076923 0.83333333
 0.8358209  0.83823529 0.84057971 0.84285714 0.83098592 0.83333333
 0.83561644 0.83783784 0.84       0.84210526 0.83116883 0.83333333
 0.83544304 0.8375     0.83950617 0.84146341 0.8313253  0.82142857
 0.81176471 0.80232558 0.8045977  0.79545455 0.79775281 0.8
 0.8021978  0.80434783 0.80645161 0.80851064 0.8        0.80208333
 0.80412371 0.79591837 0.7979798  0.8        0.8019802  0.80392157
 0.80582524 0.79807692 0.8        0.80188679 0.80373832 0.7962963
 0.79816514 0.79090909 0.78378378 0.78571429 0.77876106 0.78070175
 0.7826087  0.77586207 0.76923077 0.77118644 0.77310924 0.76666667
 0.76033058 0.76229508 0.75609756 0.75806452 0.76       0.75396825
 0.7480315  0.7421875  0.74418605 0.74615385 0.7480916  0.75
 0.7443609  0.74626866 0.74814815 0.75       0.74452555 0.74637681
 0.74820144 0.74285714 0.74468085 0.74647887 0.74825175 0.74305556
 0.74482759 0.74657534 0.7414966  0.74324324 0.74496644 0.74
 0.73509934 0.73026316 0.7254902  0.72727273 0.72903226 0.72435897
 0.72611465 0.72151899 0.72327044 0.71875    0.72049689 0.72222222
 0.72392638 0.7195122  0.72121212 0.72289157 0.71856287 0.71428571
 0.71005917 0.70588235 0.70760234 0.70348837 0.69942197 0.70114943
 0.69714286 0.69318182 0.68926554 0.69101124 0.69273743 0.68888889
 0.69060773 0.68681319 0.68852459 0.68478261 0.68108108 0.67741935
 0.67914439 0.67553191 0.67724868 0.67894737 0.67539267 0.671875
 0.67357513 0.67010309 0.67179487 0.67346939 0.67005076 0.66666667
 0.66834171 0.67       0.66666667 0.66831683 0.66995074 0.66666667
 0.66341463 0.66019417 0.65700483 0.65384615 0.65550239 0.65238095
 0.6492891  0.64622642 0.64319249 0.64018692 0.64186047 0.64351852
 0.64516129 0.64220183 0.63926941 0.64090909 0.64253394 0.63963964
 0.64125561 0.63839286 0.63555556 0.63274336 0.62995595 0.63157895
 0.62882096 0.62608696 0.62770563 0.625      0.6223176  0.61965812
 0.61702128 0.61864407 0.62025316 0.62184874 0.62343096 0.62083333
 0.62240664 0.61983471 0.62139918 0.61885246 0.61632653 0.61382114
 0.61133603 0.60887097 0.6064257  0.604      0.60159363 0.59920635
 0.59683794 0.59448819 0.59607843 0.59375    0.59533074 0.59689922
 0.59459459 0.59230769 0.59003831 0.59160305 0.58935361 0.58712121
 0.58867925 0.58646617 0.58426966 0.58208955 0.57992565 0.57777778
 0.57564576 0.57720588 0.57509158 0.5729927  0.57090909 0.56884058
 0.566787   0.5647482  0.56630824 0.56428571 0.5658363  0.56737589
 0.56890459 0.56690141 0.56491228 0.56293706 0.56097561 0.55902778
 0.55709343 0.55517241 0.5532646  0.55479452 0.55290102 0.55102041
 0.54915254 0.5472973  0.54882155 0.54697987 0.5451505  0.54666667
 0.5448505  0.54635762 0.54785479 0.54934211 0.54754098 0.54575163
 0.54397394 0.54220779 0.54045307 0.53870968 0.53697749 0.53846154
 0.53674121 0.53503185 0.53333333 0.53164557 0.52996845 0.53144654
 0.53291536 0.534375   0.53271028 0.53416149 0.53250774 0.5308642
 0.52923077 0.52760736 0.52599388 0.52743902 0.52583587 0.52424242
 0.52265861 0.52409639 0.52252252 0.52095808 0.52238806 0.52380952
 0.52225519 0.52366864 0.52212389 0.52058824 0.52199413 0.52339181
 0.52186589 0.52034884 0.51884058 0.51734104 0.51585014 0.51436782
 0.51575931 0.51428571 0.51282051 0.51136364 0.51274788 0.51129944
 0.50985915 0.51123596 0.50980392 0.50837989 0.5097493  0.50833333
 0.50692521 0.50552486 0.50413223 0.50549451 0.50410959 0.50273224
 0.50408719 0.50271739 0.50135501 0.5027027  0.50134771 0.5
 0.49865952 0.4973262  0.496      0.49734043 0.49602122 0.49470899
 0.49340369 0.49473684 0.49343832 0.4921466  0.49086162 0.48958333
 0.48831169 0.48704663 0.48578811 0.48453608 0.48329049 0.48205128
 0.48337596 0.48214286 0.48346056 0.4822335  0.48101266 0.48232323
 0.48110831 0.4798995  0.47869674 0.4775     0.47630923 0.47512438
 0.4764268  0.47524752 0.47407407 0.4729064  0.47174447 0.47058824
 0.46943765 0.46829268 0.46958637 0.4684466  0.46973366 0.46859903
 0.46746988 0.46634615 0.46522782 0.46411483 0.46300716 0.46190476
 0.4631829  0.46208531 0.46099291 0.45990566 0.45882353 0.45774648
 0.45667447 0.45560748 0.45687646 0.45581395 0.45475638 0.4537037
 0.45265589 0.4516129  0.45057471 0.44954128 0.45080092 0.45205479
 0.45102506 0.45       0.44897959 0.4479638  0.4469526  0.4481982
 0.44719101 0.44618834 0.44519016 0.44642857 0.4454343  0.44444444
 0.44345898 0.44247788 0.4415011  0.44052863 0.44175824 0.44078947
 0.44201313 0.44104803 0.44008715 0.44130435 0.44034707 0.43939394
 0.43844492 0.4375     0.43655914 0.43776824 0.43683084 0.43589744
 0.43710021 0.43617021 0.43524416 0.43432203 0.43340381 0.43248945
 0.43368421 0.43277311 0.43186583 0.43096234 0.43006263 0.42916667
 0.42827443 0.42946058 0.42857143 0.42768595 0.42886598 0.42798354
 0.42710472 0.42827869 0.42740286 0.42653061 0.42566191 0.42682927
 0.42596349 0.42510121 0.42626263 0.42741935 0.42655936 0.42570281
 0.42685371 0.426      0.4251497  0.42430279 0.42544732 0.42460317
 0.42376238 0.4229249  0.42406312 0.42322835 0.42436149 0.42352941
 0.42465753 0.42382812 0.42300195 0.42217899 0.42135922 0.42248062
 0.42166344 0.42084942 0.42003854 0.42115385 0.42034549 0.41954023
 0.41873805 0.41793893 0.41714286 0.41634981 0.41745731 0.41856061
 0.41776938 0.41698113 0.4180791  0.41729323 0.41651032 0.41573034
 0.41495327 0.4141791  0.41340782 0.41263941 0.41187384 0.41111111
 0.4103512  0.41143911 0.41252302 0.41176471 0.41284404 0.41208791
 0.41133455 0.41058394 0.40983607 0.40909091 0.40834846 0.4076087
 0.40687161 0.40794224 0.40900901 0.40827338 0.40933573 0.41039427
 0.40966011 0.40892857 0.40998217 0.40925267 0.41030195 0.40957447
 0.41061947 0.40989399 0.40917108 0.4084507  0.40773286 0.40701754
 0.40630473 0.40559441 0.40488656 0.40418118 0.40521739 0.40451389
 0.40381282 0.40311419 0.40241796]
recall: [0.00429185 0.00858369 0.01287554 0.01716738 0.02145923 0.02145923
 0.02575107 0.03004292 0.03433476 0.03862661 0.04291845 0.0472103
 0.05150215 0.05579399 0.06008584 0.06437768 0.06866953 0.07296137
 0.07725322 0.07725322 0.08154506 0.08583691 0.09012876 0.09012876
 0.0944206  0.0944206  0.09871245 0.10300429 0.10729614 0.10729614
 0.11158798 0.11587983 0.12017167 0.12446352 0.12875536 0.12875536
 0.13304721 0.13733906 0.1416309  0.14592275 0.15021459 0.15450644
 0.15450644 0.15879828 0.16309013 0.16738197 0.17167382 0.17596567
 0.18025751 0.18454936 0.1888412  0.19313305 0.19742489 0.20171674
 0.20600858 0.21030043 0.21030043 0.21030043 0.21030043 0.21030043
 0.21459227 0.21888412 0.22317597 0.22746781 0.23175966 0.2360515
 0.24034335 0.24463519 0.24892704 0.25321888 0.25321888 0.25751073
 0.26180258 0.26609442 0.27038627 0.27467811 0.27467811 0.27896996
 0.2832618  0.28755365 0.29184549 0.29613734 0.29613734 0.29613734
 0.29613734 0.29613734 0.30042918 0.30042918 0.30472103 0.30901288
 0.31330472 0.31759657 0.32188841 0.32618026 0.32618026 0.3304721
 0.33476395 0.33476395 0.33905579 0.34334764 0.34763948 0.35193133
 0.35622318 0.35622318 0.36051502 0.36480687 0.36909871 0.36909871
 0.37339056 0.37339056 0.37339056 0.3776824  0.3776824  0.38197425
 0.38626609 0.38626609 0.38626609 0.39055794 0.39484979 0.39484979
 0.39484979 0.39914163 0.39914163 0.40343348 0.40772532 0.40772532
 0.40772532 0.40772532 0.41201717 0.41630901 0.42060086 0.4248927
 0.4248927  0.42918455 0.43347639 0.43776824 0.43776824 0.44206009
 0.44635193 0.44635193 0.45064378 0.45493562 0.45922747 0.45922747
 0.46351931 0.46781116 0.46781116 0.472103   0.47639485 0.47639485
 0.47639485 0.47639485 0.47639485 0.4806867  0.48497854 0.48497854
 0.48927039 0.48927039 0.49356223 0.49356223 0.49785408 0.50214592
 0.50643777 0.50643777 0.51072961 0.51502146 0.51502146 0.51502146
 0.51502146 0.51502146 0.5193133  0.5193133  0.5193133  0.52360515
 0.52360515 0.52360515 0.52360515 0.527897   0.53218884 0.53218884
 0.53648069 0.53648069 0.54077253 0.54077253 0.54077253 0.54077253
 0.54506438 0.54506438 0.54935622 0.55364807 0.55364807 0.55364807
 0.55793991 0.55793991 0.56223176 0.56652361 0.56652361 0.56652361
 0.57081545 0.5751073  0.5751073  0.57939914 0.58369099 0.58369099
 0.58369099 0.58369099 0.58369099 0.58369099 0.58798283 0.58798283
 0.58798283 0.58798283 0.58798283 0.58798283 0.59227468 0.59656652
 0.60085837 0.60085837 0.60085837 0.60515021 0.60944206 0.60944206
 0.61373391 0.61373391 0.61373391 0.61373391 0.61373391 0.61802575
 0.61802575 0.61802575 0.6223176  0.6223176  0.6223176  0.6223176
 0.6223176  0.62660944 0.63090129 0.63519313 0.63948498 0.63948498
 0.64377682 0.64377682 0.64806867 0.64806867 0.64806867 0.64806867
 0.64806867 0.64806867 0.64806867 0.64806867 0.64806867 0.64806867
 0.64806867 0.64806867 0.65236052 0.65236052 0.65665236 0.66094421
 0.66094421 0.66094421 0.66094421 0.66523605 0.66523605 0.66523605
 0.6695279  0.6695279  0.6695279  0.6695279  0.6695279  0.6695279
 0.6695279  0.67381974 0.67381974 0.67381974 0.67381974 0.67381974
 0.67381974 0.67381974 0.67811159 0.67811159 0.68240343 0.68669528
 0.69098712 0.69098712 0.69098712 0.69098712 0.69098712 0.69098712
 0.69098712 0.69098712 0.69098712 0.69527897 0.69527897 0.69527897
 0.69527897 0.69527897 0.69957082 0.69957082 0.69957082 0.70386266
 0.70386266 0.70815451 0.71244635 0.7167382  0.7167382  0.7167382
 0.7167382  0.7167382  0.7167382  0.7167382  0.7167382  0.72103004
 0.72103004 0.72103004 0.72103004 0.72103004 0.72103004 0.72532189
 0.72961373 0.73390558 0.73390558 0.73819742 0.73819742 0.73819742
 0.73819742 0.73819742 0.73819742 0.74248927 0.74248927 0.74248927
 0.74248927 0.74678112 0.74678112 0.74678112 0.75107296 0.75536481
 0.75536481 0.75965665 0.75965665 0.75965665 0.7639485  0.76824034
 0.76824034 0.76824034 0.76824034 0.76824034 0.76824034 0.76824034
 0.77253219 0.77253219 0.77253219 0.77253219 0.77682403 0.77682403
 0.77682403 0.78111588 0.78111588 0.78111588 0.78540773 0.78540773
 0.78540773 0.78540773 0.78540773 0.78969957 0.78969957 0.78969957
 0.79399142 0.79399142 0.79399142 0.79828326 0.79828326 0.79828326
 0.79828326 0.79828326 0.79828326 0.80257511 0.80257511 0.80257511
 0.80257511 0.80686695 0.80686695 0.80686695 0.80686695 0.80686695
 0.80686695 0.80686695 0.80686695 0.80686695 0.80686695 0.80686695
 0.8111588  0.8111588  0.81545064 0.81545064 0.81545064 0.81974249
 0.81974249 0.81974249 0.81974249 0.81974249 0.81974249 0.81974249
 0.82403433 0.82403433 0.82403433 0.82403433 0.82403433 0.82403433
 0.82403433 0.82403433 0.82832618 0.82832618 0.83261803 0.83261803
 0.83261803 0.83261803 0.83261803 0.83261803 0.83261803 0.83261803
 0.83690987 0.83690987 0.83690987 0.83690987 0.83690987 0.83690987
 0.83690987 0.83690987 0.84120172 0.84120172 0.84120172 0.84120172
 0.84120172 0.84120172 0.84120172 0.84120172 0.84549356 0.84978541
 0.84978541 0.84978541 0.84978541 0.84978541 0.84978541 0.85407725
 0.85407725 0.85407725 0.85407725 0.8583691  0.8583691  0.8583691
 0.8583691  0.8583691  0.8583691  0.8583691  0.86266094 0.86266094
 0.86695279 0.86695279 0.86695279 0.87124464 0.87124464 0.87124464
 0.87124464 0.87124464 0.87124464 0.87553648 0.87553648 0.87553648
 0.87982833 0.87982833 0.87982833 0.87982833 0.87982833 0.87982833
 0.88412017 0.88412017 0.88412017 0.88412017 0.88412017 0.88412017
 0.88412017 0.88841202 0.88841202 0.88841202 0.89270386 0.89270386
 0.89270386 0.89699571 0.89699571 0.89699571 0.89699571 0.90128755
 0.90128755 0.90128755 0.9055794  0.90987124 0.90987124 0.90987124
 0.91416309 0.91416309 0.91416309 0.91416309 0.91845494 0.91845494
 0.91845494 0.91845494 0.92274678 0.92274678 0.92703863 0.92703863
 0.93133047 0.93133047 0.93133047 0.93133047 0.93133047 0.93562232
 0.93562232 0.93562232 0.93562232 0.93991416 0.93991416 0.93991416
 0.93991416 0.93991416 0.93991416 0.93991416 0.94420601 0.94849785
 0.94849785 0.94849785 0.9527897  0.9527897  0.9527897  0.9527897
 0.9527897  0.9527897  0.9527897  0.9527897  0.9527897  0.9527897
 0.9527897  0.95708155 0.96137339 0.96137339 0.96566524 0.96566524
 0.96566524 0.96566524 0.96566524 0.96566524 0.96566524 0.96566524
 0.96566524 0.96995708 0.97424893 0.97424893 0.97854077 0.98283262
 0.98283262 0.98283262 0.98712446 0.98712446 0.99141631 0.99141631
 0.99570815 0.99570815 0.99570815 0.99570815 0.99570815 0.99570815
 0.99570815 0.99570815 0.99570815 0.99570815 1.         1.
 1.         1.         1.        ]
ℹ INFO: Experiment EXPERIMENT5Reg1lowIoU - mAP: 0.6892
✅ SUCCESS: Predictions saved to 'figures/'

------------------------------------------------------------
Sender: LSF System <lsfadmin@hpc.dtu.dk>
Subject: Job 23210339: <REG_1_CLF_1_iou> in cluster <dcc> Done

Job <REG_1_CLF_1_iou> was submitted from host <n-62-12-20> by user <s233498> in cluster <dcc> at Tue Nov 19 16:37:57 2024
Job was executed on host(s) <4*n-62-18-8>, in queue <c02516>, as user <s233498> in cluster <dcc> at Tue Nov 19 16:37:58 2024
</zhome/e3/f/203690> was used as the home directory.
</dtu/blackhole/0a/203690/02516-intro-to-dl-in-cv/poster-3-object-detection> was used as the working directory.
Started at Tue Nov 19 16:37:58 2024
Terminated at Tue Nov 19 17:26:50 2024
Results reported at Tue Nov 19 17:26:50 2024

Your job looked like:

------------------------------------------------------------
# LSBATCH: User input
#!/bin/bash
#BSUB -q c02516
#BSUB -n 4
#BSUB -gpu "num=1:mode=exclusive_process" 
#BSUB -J REG_1_CLF_1_iou
#BSUB -R "span[hosts=1]"
#BSUB -R "rusage[mem=20GB]"
#BSUB -W 12:00
#BSUB -o job_outputs/REG_1_CLF_1_iou%J.out
#BSUB -e job_outputs/REG_1_CLF_1_iou%J.err

EXPERIMENT="EXPERIMENT5Reg1lowIoU"
EPOCHS=50
LEARNING_RATE=1e-4
IOU_THRESHOLD=0.05
CONFIDENCE_THRESHOLD=0.5
WEIGHT_DECAY=1e-5
NUM_IMAGES=10

source /dtu/blackhole/0a/203690/miniconda3/bin/activate

conda activate project-3

python main.py \
    --experiment_name $EXPERIMENT \
    --num_images $NUM_IMAGES \
    --learning_rate $LEARNING_RATE \
    --num_epochs $EPOCHS \
    --iou_threshold $IOU_THRESHOLD \
    --confidence_threshold $CONFIDENCE_THRESHOLD \
    --weight_decay $WEIGHT_DECAY \
    --cls_weight 1.0 \
    --reg_weight 1.0
------------------------------------------------------------

Successfully completed.

Resource usage summary:

    CPU time :                                   3783.86 sec.
    Max Memory :                                 5316 MB
    Average Memory :                             3552.77 MB
    Total Requested Memory :                     81920.00 MB
    Delta Memory :                               76604.00 MB
    Max Swap :                                   -
    Max Processes :                              10
    Max Threads :                                40
    Run time :                                   2946 sec.
    Turnaround time :                            2933 sec.

The output (if any) is above this job summary.



PS:

Read file <job_outputs/REG_1_CLF_1_iou23210339.err> for stderr output of this job.

