🔧 WORKING ON: Loading Train data
🔧 WORKING ON: Loading Validation data
🔧 WORKING ON: Loading Test data
ℹ INFO: Using the entire dataset for training and validation.
🔧 WORKING ON: Training model
ℹ INFO: Epoch 1/50 - Train Loss: 0.3712 (Cls: 0.3244, Reg: 0.0468) - Val Loss: 
0.1327 (Cls: 0.0984, Reg: 0.0343)
ℹ INFO: Epoch 2/50 - Train Loss: 0.2847 (Cls: 0.2475, Reg: 0.0372) - Val Loss: 
0.1519 (Cls: 0.1183, Reg: 0.0336)
ℹ INFO: Epoch 3/50 - Train Loss: 0.2553 (Cls: 0.2201, Reg: 0.0352) - Val Loss: 
0.1345 (Cls: 0.1023, Reg: 0.0322)
ℹ INFO: Epoch 4/50 - Train Loss: 0.2277 (Cls: 0.1933, Reg: 0.0344) - Val Loss: 
0.1319 (Cls: 0.1000, Reg: 0.0319)
ℹ INFO: Epoch 5/50 - Train Loss: 0.2105 (Cls: 0.1773, Reg: 0.0332) - Val Loss: 
0.1614 (Cls: 0.1304, Reg: 0.0310)
ℹ INFO: Epoch 6/50 - Train Loss: 0.1880 (Cls: 0.1560, Reg: 0.0320) - Val Loss: 
0.1245 (Cls: 0.0939, Reg: 0.0305)
ℹ INFO: Epoch 7/50 - Train Loss: 0.1746 (Cls: 0.1432, Reg: 0.0314) - Val Loss: 
0.1376 (Cls: 0.1075, Reg: 0.0302)
ℹ INFO: Epoch 8/50 - Train Loss: 0.1539 (Cls: 0.1237, Reg: 0.0302) - Val Loss: 
0.1321 (Cls: 0.1022, Reg: 0.0299)
ℹ INFO: Epoch 9/50 - Train Loss: 0.1428 (Cls: 0.1126, Reg: 0.0302) - Val Loss: 
0.1449 (Cls: 0.1150, Reg: 0.0299)
ℹ INFO: Epoch 10/50 - Train Loss: 0.1307 (Cls: 0.1017, Reg: 0.0290) - Val Loss: 
0.1455 (Cls: 0.1152, Reg: 0.0303)
ℹ INFO: Epoch 11/50 - Train Loss: 0.1210 (Cls: 0.0924, Reg: 0.0286) - Val Loss: 
0.1962 (Cls: 0.1665, Reg: 0.0297)
ℹ INFO: Epoch 12/50 - Train Loss: 0.1055 (Cls: 0.0777, Reg: 0.0277) - Val Loss: 
0.1757 (Cls: 0.1460, Reg: 0.0297)
ℹ INFO: Epoch 13/50 - Train Loss: 0.0975 (Cls: 0.0703, Reg: 0.0272) - Val Loss: 
0.1902 (Cls: 0.1607, Reg: 0.0295)
ℹ INFO: Epoch 14/50 - Train Loss: 0.0967 (Cls: 0.0697, Reg: 0.0269) - Val Loss: 
0.1669 (Cls: 0.1372, Reg: 0.0297)
ℹ INFO: Epoch 15/50 - Train Loss: 0.0879 (Cls: 0.0619, Reg: 0.0260) - Val Loss: 
0.1581 (Cls: 0.1289, Reg: 0.0293)
ℹ INFO: Epoch 16/50 - Train Loss: 0.0795 (Cls: 0.0538, Reg: 0.0257) - Val Loss: 
0.2086 (Cls: 0.1790, Reg: 0.0296)
ℹ INFO: Early stopping triggered.
🔧 WORKING ON: Visualizing predictions
Image ID: 565
Number of Proposals: 500
Predictions of potholes before NMS: 15
Predictions of potholes after NMS: 4
Image ID: 498
Number of Proposals: 500
Predictions of potholes before NMS: 2
Predictions of potholes after NMS: 1
Image ID: 11
Number of Proposals: 500
Predictions of potholes before NMS: 6
Predictions of potholes after NMS: 4
Image ID: 143
Number of Proposals: 500
Predictions of potholes before NMS: 5
Predictions of potholes after NMS: 3
Image ID: 65
Number of Proposals: 500
Predictions of potholes before NMS: 0
Predictions of potholes after NMS: 0
Image ID: 641
Number of Proposals: 500
Predictions of potholes before NMS: 0
Predictions of potholes after NMS: 0
Image ID: 627
Number of Proposals: 500
Predictions of potholes before NMS: 20
Predictions of potholes after NMS: 9
Image ID: 248
Number of Proposals: 500
Predictions of potholes before NMS: 5
Predictions of potholes after NMS: 5
Image ID: 611
Number of Proposals: 500
Predictions of potholes before NMS: 48
Predictions of potholes after NMS: 16
Image ID: 114
Number of Proposals: 500
Predictions of potholes before NMS: 11
Predictions of potholes after NMS: 5
Image Index: [96]
Number of Proposals: 8
Ground Truth Boxes: 2
Predictions Before NMS: 1
Predictions After NMS: 1
Image Index: [194]
Number of Proposals: 8
Ground Truth Boxes: 2
Predictions Before NMS: 0
Predictions After NMS: 0
Image Index: [354]
Number of Proposals: 8
Ground Truth Boxes: 2
Predictions Before NMS: 2
Predictions After NMS: 2
Image Index: [134]
Number of Proposals: 28
Ground Truth Boxes: 7
Predictions Before NMS: 4
Predictions After NMS: 1
Image Index: [309]
Number of Proposals: 32
Ground Truth Boxes: 8
Predictions Before NMS: 1
Predictions After NMS: 1
🔧 WORKING ON: Saving model
ℹ INFO: Model state_dict saved to 
saved_models/model_state_dict_EXPERIMENT1Reg1.pth
ℹ INFO: Entire model saved to saved_models/model_full_EXPERIMENT1Reg1.pth
🔧 WORKING ON: Evaluating model on Validation split
ℹ INFO: Precision-Recall curve saved as 
figures/png/EXPERIMENT1Reg1/precision_recall_curve_val_EXPERIMENT1Reg1_20241119-
161738.png and 
figures/svg/EXPERIMENT1Reg1/precision_recall_curve_val_EXPERIMENT1Reg1_20241119-
161738.svg
precision: [1.         1.         1.         1.         1.         0.83333333
 0.71428571 0.75       0.77777778 0.8        0.72727273 0.75
 0.69230769 0.71428571 0.66666667 0.6875     0.70588235 0.66666667
 0.63157895 0.6        0.61904762 0.63636364 0.65217391 0.66666667
 0.68       0.69230769 0.66666667 0.64285714 0.65517241 0.63333333
 0.61290323 0.625      0.63636364 0.64705882 0.65714286 0.66666667
 0.64864865 0.65789474 0.64102564 0.625      0.63414634 0.64285714
 0.65116279 0.63636364 0.64444444 0.63043478 0.63829787 0.625
 0.6122449  0.6        0.58823529 0.57692308 0.56603774 0.55555556
 0.54545455 0.55357143 0.54385965 0.55172414 0.55932203 0.55
 0.54098361 0.53225806 0.53968254 0.53125    0.53846154 0.54545455
 0.53731343 0.54411765 0.55072464 0.54285714 0.53521127 0.52777778
 0.53424658 0.54054054 0.53333333 0.52631579 0.53246753 0.52564103
 0.53164557 0.525      0.5308642  0.52439024 0.51807229 0.51190476
 0.51764706 0.51162791 0.51724138 0.51136364 0.51685393 0.51111111
 0.50549451 0.5        0.49462366 0.4893617  0.49473684 0.5
 0.49484536 0.48979592 0.49494949 0.5        0.4950495  0.5
 0.49514563 0.49038462 0.48571429 0.48113208 0.48598131 0.48148148
 0.47706422 0.47272727 0.46846847 0.47321429 0.46902655 0.47368421
 0.46956522 0.46551724 0.47008547 0.46610169 0.46218487 0.45833333
 0.45454545 0.45081967 0.44715447 0.44354839 0.448      0.44444444
 0.44094488 0.4453125  0.44186047 0.43846154 0.4351145  0.43181818
 0.42857143 0.42537313 0.42962963 0.43382353 0.4379562  0.44202899
 0.44604317 0.44285714 0.43971631 0.43661972 0.43356643 0.43055556
 0.42758621 0.42465753 0.42176871 0.41891892 0.41610738 0.41333333
 0.41059603 0.40789474 0.40522876 0.4025974  0.4        0.3974359
 0.39490446 0.39240506 0.38993711 0.3875     0.38509317 0.38271605
 0.3803681  0.37804878 0.38181818 0.37951807 0.37724551 0.375
 0.37278107 0.37058824 0.36842105 0.36627907 0.36416185 0.36206897
 0.36571429 0.36363636 0.36723164 0.36516854 0.36312849 0.36111111
 0.36464088 0.36263736 0.36065574 0.35869565 0.35675676 0.35483871
 0.35294118 0.35106383 0.34920635 0.35263158 0.35078534 0.34895833
 0.34715026 0.34536082 0.34358974 0.34693878 0.34517766 0.34343434
 0.34170854 0.345      0.34328358 0.34653465 0.34482759 0.34313725
 0.34146341 0.33980583 0.33816425 0.34134615 0.33971292 0.34285714
 0.34123223 0.34433962 0.342723   0.3411215  0.34418605 0.34259259
 0.34101382 0.33944954 0.33789954 0.34090909 0.33936652 0.34234234
 0.34080717 0.33928571 0.33777778 0.33628319 0.33920705 0.3377193
 0.33624454 0.33913043 0.33766234 0.3362069  0.33476395 0.33333333
 0.33191489 0.33050847 0.33333333 0.33193277 0.33054393 0.32916667
 0.32780083 0.32644628 0.32510288 0.32786885 0.33061224 0.32926829
 0.32793522 0.3266129  0.3253012  0.328      0.32669323 0.32539683
 0.32806324 0.33070866 0.32941176 0.328125   0.32684825 0.3255814
 0.32432432 0.32307692 0.32183908 0.32061069 0.31939163 0.31818182
 0.31698113 0.31578947 0.31460674 0.31716418 0.3197026  0.31851852
 0.31734317 0.31617647 0.31501832 0.31386861 0.31272727 0.3115942
 0.31046931 0.30935252 0.30824373 0.30714286 0.30960854 0.30851064
 0.30742049 0.30633803 0.30526316 0.3041958  0.30313589 0.30208333
 0.30103806 0.3        0.3024055  0.30479452 0.30375427 0.30612245
 0.30508475 0.30405405 0.3030303  0.30201342 0.30100334 0.30333333
 0.30232558 0.3013245  0.30033003 0.29934211 0.29836066 0.29738562
 0.29641694 0.29545455 0.29449838 0.29354839 0.2926045  0.29166667
 0.29073482 0.28980892 0.28888889 0.28797468 0.28706625 0.28616352
 0.28526646 0.284375   0.2834891  0.2826087  0.28173375 0.2808642
 0.28307692 0.28220859 0.28134557 0.2804878  0.27963526 0.27878788
 0.27794562 0.27710843 0.27627628 0.2754491  0.27462687 0.27380952
 0.27299703 0.27218935 0.27138643 0.27058824 0.26979472 0.26900585
 0.26822157 0.26744186 0.26956522 0.26878613 0.26801153 0.26724138
 0.26647564 0.26571429 0.26780627 0.26704545 0.26628895 0.26553672
 0.26760563 0.26685393 0.26610644 0.26536313 0.26462396 0.26388889
 0.26315789 0.26519337 0.26446281 0.26373626 0.2630137  0.26229508
 0.26158038 0.26086957 0.2601626  0.25945946 0.25876011 0.25806452
 0.25737265 0.25668449 0.256      0.25531915 0.25464191 0.25661376
 0.2585752  0.25789474 0.25984252 0.2591623  0.25848564 0.2578125
 0.25714286 0.25647668 0.25581395 0.25515464 0.25449871 0.25384615
 0.25319693 0.25255102 0.2519084  0.25126904 0.25316456 0.25252525
 0.25188917 0.25125628 0.25062657 0.25       0.24937656 0.24875622
 0.25062035 0.25       0.25185185 0.25123153 0.25061425 0.25
 0.24938875 0.24878049 0.24817518 0.24757282 0.24697337 0.24637681
 0.24578313 0.24519231 0.24460432 0.24641148 0.24582339 0.2452381
 0.24465558 0.24407583 0.24349882 0.24292453 0.24235294 0.24413146
 0.24355972 0.24299065 0.24475524 0.24418605 0.24361949 0.24305556
 0.24249423 0.24193548 0.24137931 0.24082569 0.2402746  0.23972603
 0.23917995 0.23863636 0.23809524 0.23755656 0.23702032 0.23648649
 0.23820225 0.23766816 0.23713647 0.23883929 0.23830735 0.24
 0.23946785 0.23893805 0.2384106  0.23788546 0.23736264 0.23684211
 0.23632385 0.23799127 0.23747277 0.23695652 0.23644252 0.23809524
 0.23974082 0.23922414 0.23870968 0.23819742 0.23768737 0.23717949
 0.23667377 0.23617021 0.23566879 0.23516949 0.2346723  0.23417722
 0.23578947 0.23529412 0.23480084 0.23430962 0.23382046 0.23333333
 0.23284823 0.23236515 0.23188406 0.23140496 0.23092784 0.23045267
 0.22997947 0.2295082  0.22903885 0.22857143 0.23014257 0.2296748
 0.22920892 0.22874494 0.22828283 0.22782258 0.22736419 0.22690763
 0.22645291 0.226      0.2255489  0.2250996  0.22465209 0.22420635
 0.22376238 0.22332016 0.22287968 0.22244094 0.22396857 0.22352941
 0.22309198 0.22265625 0.22222222 0.22373541 0.22330097 0.22286822
 0.22243714 0.22200772 0.22157996 0.22115385 0.22072937 0.22222222
 0.22179732 0.22137405 0.22095238 0.22053232 0.22011385 0.21969697
 0.22117202 0.22075472 0.22222222 0.22180451 0.22138837 0.22097378
 0.22056075 0.22014925 0.21973929 0.21933086 0.21892393 0.21851852
 0.2181146  0.21771218 0.21731123 0.21691176 0.21651376 0.21611722
 0.21572212 0.21532847 0.21493625 0.21454545 0.21415608 0.21557971
 0.21518987 0.21480144 0.21441441 0.21402878 0.21364452 0.21326165
 0.21288014 0.2125     0.21212121 0.21174377 0.21136767 0.21099291
 0.21061947 0.21024735 0.20987654 0.20950704 0.20913884 0.20877193
 0.2084063  0.20804196 0.20767888 0.20731707 0.20695652 0.20659722
 0.20623917 0.20761246 0.208981   0.20862069 0.20826162 0.20790378
 0.20754717 0.20719178 0.20683761 0.20648464 0.20613288 0.20578231
 0.20543294 0.20508475 0.20473773 0.20439189 0.20404722 0.2037037
 0.20336134 0.20302013 0.20268007 0.20401338 0.20367279 0.20333333
 0.20299501 0.20265781 0.20232172 0.20198675 0.20165289 0.20132013
 0.20098847 0.20065789 0.20032841 0.2        0.19967267 0.19934641
 0.19902121 0.19869707 0.19837398 0.19805195 0.19773096 0.197411
 0.19709208 0.19677419 0.19645733 0.19614148 0.19582665 0.19551282
 0.1952     0.19488818 0.19457735 0.19426752 0.19395866 0.19365079
 0.1933439  0.19303797 0.19273302 0.19400631 0.19370079 0.19339623
 0.19309262 0.19278997 0.19248826 0.1921875  0.19344774 0.19314642
 0.19284603 0.19254658 0.19224806 0.19195046 0.19319938 0.19290123
 0.19260401 0.19384615 0.19354839 0.19325153 0.19295559 0.1941896
 0.19389313 0.19359756 0.19482496 0.19452888 0.19423369 0.19393939
 0.19364599 0.19335347 0.19306184 0.19277108 0.1924812  0.19219219
 0.19190405 0.19311377 0.19431988 0.19402985 0.19374069 0.19345238
 0.19316493 0.19287834 0.19259259 0.19230769 0.19202363 0.19174041
 0.19145803 0.19117647 0.19089574 0.19061584 0.19033675 0.19005848
 0.18978102 0.18950437 0.18922853 0.18895349 0.18867925 0.1884058
 0.18813314 0.18786127 0.18759019 0.18731988 0.18705036 0.18678161
 0.18651363 0.18624642 0.18597997 0.18571429 0.18544936 0.18518519
 0.18492176 0.18465909 0.18439716 0.18413598 0.18387553 0.18361582
 0.18335684 0.18309859 0.18424754 0.18398876 0.18373072 0.18347339
 0.18321678 0.18296089 0.18270572 0.18245125 0.1821975  0.18194444
 0.18169209 0.18144044 0.18257261 0.18232044 0.18206897 0.18319559
 0.1829436  0.18269231 0.1824417  0.18219178 0.18194254 0.18169399
 0.18144611 0.18119891 0.18231293 0.18206522 0.18181818 0.18157182
 0.18132612 0.18108108 0.18083671 0.18059299 0.18034993 0.18010753
 0.17986577 0.17962466 0.1793842  0.17914439 0.17890521 0.17866667
 0.17842876 0.17819149 0.17795485 0.17771883 0.17880795 0.17857143
 0.17833554 0.17810026 0.17786561 0.17763158 0.17871222 0.17847769
 0.17824377 0.17801047 0.17777778 0.17754569 0.17731421 0.17708333
 0.17815345 0.17792208 0.17769131 0.17746114 0.17723157 0.17700258
 0.17677419 0.17654639 0.17760618 0.17737789 0.17715019 0.17820513
 0.17797695 0.17774936 0.17879949 0.17857143 0.17834395 0.17811705
 0.17789072 0.17766497 0.1774398  0.17721519 0.17699115 0.17676768
 0.17654477 0.17632242 0.17610063 0.17713568 0.17691343 0.17669173
 0.17647059 0.17625    0.17602996 0.17581047 0.17559153 0.17537313
 0.17515528 0.17493797 0.17472119 0.17450495 0.17428925 0.17407407
 0.17385943 0.17487685 0.17466175 0.17444717 0.17423313 0.1752451
 0.17625459 0.17603912 0.17582418 0.17560976 0.17539586 0.17518248
 0.17496962 0.17475728 0.17454545 0.17433414 0.17412334 0.17391304
 0.17370326 0.17349398 0.1732852  0.17307692 0.17286915 0.17266187
 0.17245509 0.1722488  0.17204301 0.17183771 0.1716329  0.17142857
 0.17122473 0.17102138 0.17081851 0.17061611 0.1704142  0.17021277
 0.17001181 0.16981132 0.16961131 0.16941176 0.16921269 0.16901408
 0.16881594 0.16861827 0.16842105 0.1682243  0.168028   0.16783217
 0.16763679 0.16744186 0.16724739 0.16705336 0.16685979 0.16666667
 0.16647399 0.16743649 0.16724337 0.16705069 0.16685846 0.16666667
 0.16762342 0.16743119 0.1672394  0.16704805 0.16685714 0.16666667
 0.16647662 0.16628702 0.16609784 0.16590909 0.16572077 0.16553288
 0.16534541 0.16628959 0.16610169 0.16591422 0.16572717 0.16554054]
recall: [0.00680272 0.01360544 0.02040816 0.02721088 0.03401361 0.03401361
 0.03401361 0.04081633 0.04761905 0.05442177 0.05442177 0.06122449
 0.06122449 0.06802721 0.06802721 0.07482993 0.08163265 0.08163265
 0.08163265 0.08163265 0.08843537 0.0952381  0.10204082 0.10884354
 0.11564626 0.12244898 0.12244898 0.12244898 0.1292517  0.1292517
 0.1292517  0.13605442 0.14285714 0.14965986 0.15646259 0.16326531
 0.16326531 0.17006803 0.17006803 0.17006803 0.17687075 0.18367347
 0.19047619 0.19047619 0.19727891 0.19727891 0.20408163 0.20408163
 0.20408163 0.20408163 0.20408163 0.20408163 0.20408163 0.20408163
 0.20408163 0.21088435 0.21088435 0.21768707 0.2244898  0.2244898
 0.2244898  0.2244898  0.23129252 0.23129252 0.23809524 0.24489796
 0.24489796 0.25170068 0.2585034  0.2585034  0.2585034  0.2585034
 0.26530612 0.27210884 0.27210884 0.27210884 0.27891156 0.27891156
 0.28571429 0.28571429 0.29251701 0.29251701 0.29251701 0.29251701
 0.29931973 0.29931973 0.30612245 0.30612245 0.31292517 0.31292517
 0.31292517 0.31292517 0.31292517 0.31292517 0.31972789 0.32653061
 0.32653061 0.32653061 0.33333333 0.34013605 0.34013605 0.34693878
 0.34693878 0.34693878 0.34693878 0.34693878 0.3537415  0.3537415
 0.3537415  0.3537415  0.3537415  0.36054422 0.36054422 0.36734694
 0.36734694 0.36734694 0.37414966 0.37414966 0.37414966 0.37414966
 0.37414966 0.37414966 0.37414966 0.37414966 0.38095238 0.38095238
 0.38095238 0.3877551  0.3877551  0.3877551  0.3877551  0.3877551
 0.3877551  0.3877551  0.39455782 0.40136054 0.40816327 0.41496599
 0.42176871 0.42176871 0.42176871 0.42176871 0.42176871 0.42176871
 0.42176871 0.42176871 0.42176871 0.42176871 0.42176871 0.42176871
 0.42176871 0.42176871 0.42176871 0.42176871 0.42176871 0.42176871
 0.42176871 0.42176871 0.42176871 0.42176871 0.42176871 0.42176871
 0.42176871 0.42176871 0.42857143 0.42857143 0.42857143 0.42857143
 0.42857143 0.42857143 0.42857143 0.42857143 0.42857143 0.42857143
 0.43537415 0.43537415 0.44217687 0.44217687 0.44217687 0.44217687
 0.44897959 0.44897959 0.44897959 0.44897959 0.44897959 0.44897959
 0.44897959 0.44897959 0.44897959 0.45578231 0.45578231 0.45578231
 0.45578231 0.45578231 0.45578231 0.46258503 0.46258503 0.46258503
 0.46258503 0.46938776 0.46938776 0.47619048 0.47619048 0.47619048
 0.47619048 0.47619048 0.47619048 0.4829932  0.4829932  0.48979592
 0.48979592 0.49659864 0.49659864 0.49659864 0.50340136 0.50340136
 0.50340136 0.50340136 0.50340136 0.51020408 0.51020408 0.5170068
 0.5170068  0.5170068  0.5170068  0.5170068  0.52380952 0.52380952
 0.52380952 0.53061224 0.53061224 0.53061224 0.53061224 0.53061224
 0.53061224 0.53061224 0.53741497 0.53741497 0.53741497 0.53741497
 0.53741497 0.53741497 0.53741497 0.54421769 0.55102041 0.55102041
 0.55102041 0.55102041 0.55102041 0.55782313 0.55782313 0.55782313
 0.56462585 0.57142857 0.57142857 0.57142857 0.57142857 0.57142857
 0.57142857 0.57142857 0.57142857 0.57142857 0.57142857 0.57142857
 0.57142857 0.57142857 0.57142857 0.57823129 0.58503401 0.58503401
 0.58503401 0.58503401 0.58503401 0.58503401 0.58503401 0.58503401
 0.58503401 0.58503401 0.58503401 0.58503401 0.59183673 0.59183673
 0.59183673 0.59183673 0.59183673 0.59183673 0.59183673 0.59183673
 0.59183673 0.59183673 0.59863946 0.60544218 0.60544218 0.6122449
 0.6122449  0.6122449  0.6122449  0.6122449  0.6122449  0.61904762
 0.61904762 0.61904762 0.61904762 0.61904762 0.61904762 0.61904762
 0.61904762 0.61904762 0.61904762 0.61904762 0.61904762 0.61904762
 0.61904762 0.61904762 0.61904762 0.61904762 0.61904762 0.61904762
 0.61904762 0.61904762 0.61904762 0.61904762 0.61904762 0.61904762
 0.62585034 0.62585034 0.62585034 0.62585034 0.62585034 0.62585034
 0.62585034 0.62585034 0.62585034 0.62585034 0.62585034 0.62585034
 0.62585034 0.62585034 0.62585034 0.62585034 0.62585034 0.62585034
 0.62585034 0.62585034 0.63265306 0.63265306 0.63265306 0.63265306
 0.63265306 0.63265306 0.63945578 0.63945578 0.63945578 0.63945578
 0.6462585  0.6462585  0.6462585  0.6462585  0.6462585  0.6462585
 0.6462585  0.65306122 0.65306122 0.65306122 0.65306122 0.65306122
 0.65306122 0.65306122 0.65306122 0.65306122 0.65306122 0.65306122
 0.65306122 0.65306122 0.65306122 0.65306122 0.65306122 0.65986395
 0.66666667 0.66666667 0.67346939 0.67346939 0.67346939 0.67346939
 0.67346939 0.67346939 0.67346939 0.67346939 0.67346939 0.67346939
 0.67346939 0.67346939 0.67346939 0.67346939 0.68027211 0.68027211
 0.68027211 0.68027211 0.68027211 0.68027211 0.68027211 0.68027211
 0.68707483 0.68707483 0.69387755 0.69387755 0.69387755 0.69387755
 0.69387755 0.69387755 0.69387755 0.69387755 0.69387755 0.69387755
 0.69387755 0.69387755 0.69387755 0.70068027 0.70068027 0.70068027
 0.70068027 0.70068027 0.70068027 0.70068027 0.70068027 0.70748299
 0.70748299 0.70748299 0.71428571 0.71428571 0.71428571 0.71428571
 0.71428571 0.71428571 0.71428571 0.71428571 0.71428571 0.71428571
 0.71428571 0.71428571 0.71428571 0.71428571 0.71428571 0.71428571
 0.72108844 0.72108844 0.72108844 0.72789116 0.72789116 0.73469388
 0.73469388 0.73469388 0.73469388 0.73469388 0.73469388 0.73469388
 0.73469388 0.7414966  0.7414966  0.7414966  0.7414966  0.74829932
 0.75510204 0.75510204 0.75510204 0.75510204 0.75510204 0.75510204
 0.75510204 0.75510204 0.75510204 0.75510204 0.75510204 0.75510204
 0.76190476 0.76190476 0.76190476 0.76190476 0.76190476 0.76190476
 0.76190476 0.76190476 0.76190476 0.76190476 0.76190476 0.76190476
 0.76190476 0.76190476 0.76190476 0.76190476 0.76870748 0.76870748
 0.76870748 0.76870748 0.76870748 0.76870748 0.76870748 0.76870748
 0.76870748 0.76870748 0.76870748 0.76870748 0.76870748 0.76870748
 0.76870748 0.76870748 0.76870748 0.76870748 0.7755102  0.7755102
 0.7755102  0.7755102  0.7755102  0.78231293 0.78231293 0.78231293
 0.78231293 0.78231293 0.78231293 0.78231293 0.78231293 0.78911565
 0.78911565 0.78911565 0.78911565 0.78911565 0.78911565 0.78911565
 0.79591837 0.79591837 0.80272109 0.80272109 0.80272109 0.80272109
 0.80272109 0.80272109 0.80272109 0.80272109 0.80272109 0.80272109
 0.80272109 0.80272109 0.80272109 0.80272109 0.80272109 0.80272109
 0.80272109 0.80272109 0.80272109 0.80272109 0.80272109 0.80952381
 0.80952381 0.80952381 0.80952381 0.80952381 0.80952381 0.80952381
 0.80952381 0.80952381 0.80952381 0.80952381 0.80952381 0.80952381
 0.80952381 0.80952381 0.80952381 0.80952381 0.80952381 0.80952381
 0.80952381 0.80952381 0.80952381 0.80952381 0.80952381 0.80952381
 0.80952381 0.81632653 0.82312925 0.82312925 0.82312925 0.82312925
 0.82312925 0.82312925 0.82312925 0.82312925 0.82312925 0.82312925
 0.82312925 0.82312925 0.82312925 0.82312925 0.82312925 0.82312925
 0.82312925 0.82312925 0.82312925 0.82993197 0.82993197 0.82993197
 0.82993197 0.82993197 0.82993197 0.82993197 0.82993197 0.82993197
 0.82993197 0.82993197 0.82993197 0.82993197 0.82993197 0.82993197
 0.82993197 0.82993197 0.82993197 0.82993197 0.82993197 0.82993197
 0.82993197 0.82993197 0.82993197 0.82993197 0.82993197 0.82993197
 0.82993197 0.82993197 0.82993197 0.82993197 0.82993197 0.82993197
 0.82993197 0.82993197 0.82993197 0.83673469 0.83673469 0.83673469
 0.83673469 0.83673469 0.83673469 0.83673469 0.84353741 0.84353741
 0.84353741 0.84353741 0.84353741 0.84353741 0.85034014 0.85034014
 0.85034014 0.85714286 0.85714286 0.85714286 0.85714286 0.86394558
 0.86394558 0.86394558 0.8707483  0.8707483  0.8707483  0.8707483
 0.8707483  0.8707483  0.8707483  0.8707483  0.8707483  0.8707483
 0.8707483  0.87755102 0.88435374 0.88435374 0.88435374 0.88435374
 0.88435374 0.88435374 0.88435374 0.88435374 0.88435374 0.88435374
 0.88435374 0.88435374 0.88435374 0.88435374 0.88435374 0.88435374
 0.88435374 0.88435374 0.88435374 0.88435374 0.88435374 0.88435374
 0.88435374 0.88435374 0.88435374 0.88435374 0.88435374 0.88435374
 0.88435374 0.88435374 0.88435374 0.88435374 0.88435374 0.88435374
 0.88435374 0.88435374 0.88435374 0.88435374 0.88435374 0.88435374
 0.88435374 0.88435374 0.89115646 0.89115646 0.89115646 0.89115646
 0.89115646 0.89115646 0.89115646 0.89115646 0.89115646 0.89115646
 0.89115646 0.89115646 0.89795918 0.89795918 0.89795918 0.9047619
 0.9047619  0.9047619  0.9047619  0.9047619  0.9047619  0.9047619
 0.9047619  0.9047619  0.91156463 0.91156463 0.91156463 0.91156463
 0.91156463 0.91156463 0.91156463 0.91156463 0.91156463 0.91156463
 0.91156463 0.91156463 0.91156463 0.91156463 0.91156463 0.91156463
 0.91156463 0.91156463 0.91156463 0.91156463 0.91836735 0.91836735
 0.91836735 0.91836735 0.91836735 0.91836735 0.92517007 0.92517007
 0.92517007 0.92517007 0.92517007 0.92517007 0.92517007 0.92517007
 0.93197279 0.93197279 0.93197279 0.93197279 0.93197279 0.93197279
 0.93197279 0.93197279 0.93877551 0.93877551 0.93877551 0.94557823
 0.94557823 0.94557823 0.95238095 0.95238095 0.95238095 0.95238095
 0.95238095 0.95238095 0.95238095 0.95238095 0.95238095 0.95238095
 0.95238095 0.95238095 0.95238095 0.95918367 0.95918367 0.95918367
 0.95918367 0.95918367 0.95918367 0.95918367 0.95918367 0.95918367
 0.95918367 0.95918367 0.95918367 0.95918367 0.95918367 0.95918367
 0.95918367 0.96598639 0.96598639 0.96598639 0.96598639 0.97278912
 0.97959184 0.97959184 0.97959184 0.97959184 0.97959184 0.97959184
 0.97959184 0.97959184 0.97959184 0.97959184 0.97959184 0.97959184
 0.97959184 0.97959184 0.97959184 0.97959184 0.97959184 0.97959184
 0.97959184 0.97959184 0.97959184 0.97959184 0.97959184 0.97959184
 0.97959184 0.97959184 0.97959184 0.97959184 0.97959184 0.97959184
 0.97959184 0.97959184 0.97959184 0.97959184 0.97959184 0.97959184
 0.97959184 0.97959184 0.97959184 0.97959184 0.97959184 0.97959184
 0.97959184 0.97959184 0.97959184 0.97959184 0.97959184 0.97959184
 0.97959184 0.98639456 0.98639456 0.98639456 0.98639456 0.98639456
 0.99319728 0.99319728 0.99319728 0.99319728 0.99319728 0.99319728
 0.99319728 0.99319728 0.99319728 0.99319728 0.99319728 0.99319728
 0.99319728 1.         1.         1.         1.         1.        ]
ℹ INFO: Experiment EXPERIMENT1Reg1 - mAP: 0.4104
🔧 WORKING ON: Evaluating model on Test split
ℹ INFO: Precision-Recall curve saved as 
figures/png/EXPERIMENT1Reg1/precision_recall_curve_test_EXPERIMENT1Reg1_20241119
-161950.png and 
figures/svg/EXPERIMENT1Reg1/precision_recall_curve_test_EXPERIMENT1Reg1_20241119
-161950.svg
precision: [1.         1.         1.         1.         1.         0.83333333
 0.71428571 0.75       0.66666667 0.7        0.63636364 0.66666667
 0.69230769 0.71428571 0.73333333 0.75       0.70588235 0.72222222
 0.68421053 0.65       0.66666667 0.63636364 0.60869565 0.58333333
 0.6        0.61538462 0.62962963 0.60714286 0.5862069  0.6
 0.58064516 0.5625     0.54545455 0.52941176 0.51428571 0.52777778
 0.51351351 0.5        0.48717949 0.5        0.51219512 0.5
 0.48837209 0.5        0.48888889 0.47826087 0.46808511 0.47916667
 0.46938776 0.48       0.47058824 0.46153846 0.47169811 0.46296296
 0.47272727 0.48214286 0.47368421 0.48275862 0.49152542 0.5
 0.49180328 0.5        0.50793651 0.5        0.50769231 0.51515152
 0.52238806 0.51470588 0.50724638 0.51428571 0.50704225 0.51388889
 0.52054795 0.51351351 0.50666667 0.5        0.49350649 0.48717949
 0.49367089 0.4875     0.48148148 0.47560976 0.48192771 0.48809524
 0.49411765 0.48837209 0.49425287 0.5        0.49438202 0.48888889
 0.49450549 0.48913043 0.49462366 0.5        0.49473684 0.5
 0.50515464 0.5        0.49494949 0.5        0.4950495  0.49019608
 0.49514563 0.49038462 0.48571429 0.48113208 0.47663551 0.47222222
 0.47706422 0.47272727 0.47747748 0.47321429 0.46902655 0.46491228
 0.46086957 0.45689655 0.45299145 0.44915254 0.45378151 0.45
 0.44628099 0.44262295 0.43902439 0.43548387 0.432      0.42857143
 0.43307087 0.4375     0.43410853 0.43846154 0.44274809 0.4469697
 0.44360902 0.44029851 0.43703704 0.43382353 0.43065693 0.43478261
 0.43884892 0.43571429 0.43262411 0.43661972 0.43356643 0.4375
 0.43448276 0.43150685 0.42857143 0.42567568 0.42281879 0.42
 0.42384106 0.42105263 0.4248366  0.42207792 0.42580645 0.42307692
 0.42038217 0.41772152 0.42138365 0.41875    0.41614907 0.41358025
 0.41717791 0.41463415 0.41212121 0.41566265 0.41317365 0.41071429
 0.40828402 0.41176471 0.40935673 0.40697674 0.40462428 0.40229885
 0.4        0.39772727 0.39548023 0.3988764  0.39664804 0.39444444
 0.39226519 0.39010989 0.38797814 0.38586957 0.38918919 0.38709677
 0.38502674 0.38829787 0.39153439 0.38947368 0.38743455 0.38541667
 0.38341969 0.38659794 0.38461538 0.38265306 0.38071066 0.38383838
 0.38190955 0.38       0.37810945 0.38118812 0.38423645 0.38235294
 0.3804878  0.37864078 0.38164251 0.37980769 0.38277512 0.38095238
 0.37914692 0.37735849 0.37558685 0.37383178 0.37674419 0.375
 0.37327189 0.37155963 0.36986301 0.36818182 0.36651584 0.36936937
 0.37219731 0.37053571 0.36888889 0.36725664 0.36563877 0.36842105
 0.37117904 0.36956522 0.37229437 0.37068966 0.36909871 0.36752137
 0.36595745 0.36440678 0.3628692  0.36134454 0.35983264 0.35833333
 0.35684647 0.3553719  0.35390947 0.35245902 0.35102041 0.35365854
 0.35222672 0.35080645 0.34939759 0.352      0.35059761 0.3531746
 0.35177866 0.3503937  0.34901961 0.34765625 0.35019455 0.34883721
 0.34749035 0.34615385 0.34482759 0.34351145 0.34220532 0.34469697
 0.34339623 0.34210526 0.34082397 0.33955224 0.33828996 0.33703704
 0.33579336 0.33455882 0.33699634 0.33576642 0.33454545 0.33333333
 0.33212996 0.33093525 0.3297491  0.33214286 0.33096085 0.32978723
 0.32862191 0.32746479 0.32631579 0.32517483 0.32404181 0.32291667
 0.32179931 0.32068966 0.31958763 0.31849315 0.31740614 0.31972789
 0.31864407 0.31756757 0.31649832 0.31543624 0.31438127 0.31333333
 0.31229236 0.31456954 0.31353135 0.3125     0.3147541  0.31372549
 0.31270358 0.31168831 0.31067961 0.30967742 0.30868167 0.31089744
 0.30990415 0.3089172  0.30793651 0.30696203 0.30599369 0.30503145
 0.30407524 0.303125   0.30218069 0.30124224 0.3003096  0.30246914
 0.30461538 0.30368098 0.30275229 0.30182927 0.30091185 0.3
 0.29909366 0.29819277 0.3003003  0.2994012  0.29850746 0.29761905
 0.29673591 0.29585799 0.2979351  0.29705882 0.29618768 0.29532164
 0.29446064 0.29360465 0.29275362 0.29190751 0.29106628 0.29022989
 0.28939828 0.28857143 0.28774929 0.28693182 0.28895184 0.28813559
 0.28732394 0.28651685 0.28571429 0.2877095  0.28690808 0.28611111
 0.28808864 0.28729282 0.28650138 0.28571429 0.28493151 0.28415301
 0.28337875 0.2826087  0.28184282 0.28108108 0.28032345 0.27956989
 0.27882038 0.27807487 0.27733333 0.27659574 0.27586207 0.27513228
 0.27440633 0.27368421 0.27296588 0.27486911 0.2767624  0.27604167
 0.27532468 0.2746114  0.27390181 0.27319588 0.27506427 0.27692308
 0.27621483 0.2755102  0.27480916 0.27664975 0.27594937 0.27777778
 0.27707809 0.27638191 0.27568922 0.275      0.27431421 0.27363184
 0.27295285 0.27227723 0.27160494 0.27093596 0.27027027 0.26960784
 0.26894866 0.27073171 0.27007299 0.26941748 0.26876513 0.26811594
 0.26987952 0.26923077 0.26858513 0.26794258 0.26968974 0.26904762
 0.26840855 0.26777251 0.26950355 0.26886792 0.26823529 0.26995305
 0.26932084 0.26869159 0.26806527 0.26744186 0.26682135 0.2662037
 0.26558891 0.26497696 0.26436782 0.26376147 0.26544622 0.26484018
 0.2642369  0.26363636 0.26303855 0.26244344 0.26185102 0.26126126
 0.26067416 0.26008969 0.25950783 0.25892857 0.25835189 0.25777778
 0.25720621 0.25884956 0.25827815 0.25770925 0.25714286 0.25657895
 0.25601751 0.25545852 0.25490196 0.25434783 0.2537961  0.25324675
 0.25485961 0.25431034 0.25376344 0.25321888 0.25267666 0.2542735
 0.25373134 0.25319149 0.25265393 0.25211864 0.25158562 0.25105485
 0.25263158 0.25210084 0.25157233 0.25313808 0.2526096  0.25208333
 0.25155925 0.25103734 0.2505176  0.25206612 0.25360825 0.25308642
 0.25256674 0.25204918 0.25153374 0.25306122 0.25254582 0.25203252
 0.2515213  0.25101215 0.25050505 0.25       0.24949698 0.24899598
 0.250501   0.25       0.249501   0.24900398 0.24850895 0.24801587
 0.24752475 0.24703557 0.24654832 0.24606299 0.24557957 0.24509804
 0.2446184  0.24414062 0.24366472 0.24319066 0.24271845 0.24224806
 0.2417795  0.24131274 0.24084778 0.24038462 0.23992322 0.2394636
 0.23900574 0.23854962 0.23809524 0.23764259 0.23719165 0.23674242
 0.2362949  0.23773585 0.23917137 0.2406015  0.24015009 0.23970037
 0.23925234 0.23880597 0.23836127 0.23791822 0.23747681 0.23703704
 0.23659889 0.23616236 0.23572744 0.23529412 0.23669725 0.23626374
 0.23583181 0.23540146 0.23497268 0.23454545 0.23411978 0.23369565
 0.23327306 0.23285199 0.23243243 0.23201439 0.23159785 0.2311828
 0.23076923 0.23035714 0.23172906 0.23131673 0.23090586 0.23049645
 0.23185841 0.23321555 0.2345679  0.23591549 0.23550088 0.23508772
 0.23467601 0.23426573 0.23385689 0.23344948 0.23304348 0.234375
 0.2339688  0.23356401 0.23488774 0.23448276 0.23407917 0.23367698
 0.23327616 0.23287671 0.23247863 0.23208191 0.23168654 0.23129252
 0.23089983 0.23050847 0.23181049 0.23141892 0.23102867 0.23063973
 0.2302521  0.23154362 0.23115578 0.23244147 0.23205342 0.23166667
 0.2312812  0.23255814 0.23217247 0.23178808 0.23140496 0.2310231
 0.2306425  0.23026316 0.22988506 0.2295082  0.22913257 0.22875817
 0.22838499 0.22801303 0.22764228 0.2288961  0.22852512 0.22815534
 0.22778675 0.22741935 0.22705314 0.22829582 0.22953451 0.22916667
 0.2304     0.23003195 0.22966507 0.22929936 0.22893482 0.22857143
 0.22820919 0.2278481  0.22748815 0.22870662 0.22834646 0.22798742
 0.22762951 0.22884013 0.228482   0.228125   0.22932917 0.22897196
 0.22861586 0.22826087 0.22790698 0.22910217 0.22874807 0.22839506
 0.22804314 0.22769231 0.22887865 0.22852761 0.22817764 0.2293578
 0.22900763 0.22865854 0.2283105  0.22948328 0.2306525  0.23030303
 0.22995461 0.22960725 0.22926094 0.22891566 0.22857143 0.22822823
 0.22788606 0.22754491 0.22720478 0.22835821 0.22801788 0.22767857
 0.22734027 0.22700297 0.22666667 0.22633136 0.22599705 0.22566372
 0.22680412 0.22647059 0.22613803 0.22580645 0.22693997 0.22660819
 0.22627737 0.22594752 0.22561863 0.22674419 0.22641509 0.22608696
 0.22720695 0.22687861 0.22655123 0.22622478 0.22589928 0.22557471
 0.22525108 0.22492837 0.22460658 0.22428571 0.22396576 0.22364672
 0.22332859 0.22301136 0.22269504 0.2223796  0.22206506 0.22175141
 0.22143865 0.22112676 0.22081575 0.22050562 0.22019635 0.21988796
 0.21958042 0.21927374 0.21896792 0.22005571 0.21974965 0.21944444
 0.21914008 0.21883657 0.21853389 0.21823204 0.21931034 0.21900826
 0.21870702 0.21840659 0.218107   0.21780822 0.21751026 0.21721311
 0.21691678 0.21662125 0.21632653 0.2173913  0.21709634 0.21680217
 0.2165088  0.21621622 0.21592443 0.21563342 0.2166891  0.21639785
 0.21610738 0.21581769 0.21552878 0.21524064 0.21495327 0.21466667
 0.21438083 0.21409574 0.21381142 0.21352785 0.21324503 0.21296296
 0.21268164 0.21240106 0.21212121 0.21184211 0.21156373 0.21128609
 0.21100917 0.21073298 0.21045752 0.21018277 0.20990874 0.20963542
 0.20936281 0.20909091 0.20881971 0.20854922 0.20827943 0.20801034
 0.20774194 0.20747423 0.20849421 0.20822622 0.20795892 0.20769231
 0.20742638 0.20716113 0.20689655 0.20663265 0.20636943 0.20610687
 0.20584498 0.20558376 0.20532319 0.20506329 0.20480405 0.20454545
 0.20428752 0.20403023 0.20377358 0.20351759 0.20326223 0.20300752
 0.20275344 0.2025     0.20224719 0.20199501 0.20174346 0.20273632
 0.20248447 0.20223325 0.20198265 0.2029703  0.20271941 0.20246914
 0.20345253 0.20320197 0.20295203 0.2027027  0.20245399 0.20343137
 0.20318237 0.20293399 0.2026862  0.20243902 0.20219245 0.20194647
 0.20170109 0.20145631 0.20121212 0.20096852 0.20072551 0.20048309
 0.20024125 0.2        0.19975933 0.19951923 0.19927971 0.20023981
 0.2        0.19976077 0.1995221  0.19928401 0.19904648 0.19880952
 0.19857313 0.19833729 0.19810202 0.1978673  0.19763314 0.19739953
 0.19716647 0.19693396 0.196702   0.19647059 0.19623972 0.1971831
 0.19695193 0.19672131 0.19649123 0.19626168 0.19603267 0.1958042
 0.19557625 0.19534884 0.19512195 0.19489559 0.19466976 0.19444444
 0.19537572 0.19515012 0.19492503 0.19470046 0.19447641 0.19425287
 0.19402985 0.19380734 0.19358534 0.19450801 0.19428571 0.19406393
 0.19384265 0.19362187 0.19340159 0.19318182 0.19296254 0.19274376
 0.19252548 0.19230769 0.1920904  0.19187359 0.19165727 0.19144144
 0.1912261  0.19101124 0.19079686 0.19058296 0.19036954 0.19127517
 0.19106145 0.19084821 0.19175028 0.19153675 0.19243604 0.19222222
 0.19200888 0.19179601 0.19158361 0.19137168 0.19116022 0.19205298
 0.19184123 0.19162996 0.19141914 0.19120879 0.1909989  0.19078947
 0.1905805  0.19146608 0.19125683 0.19213974 0.19193021 0.19172113
 0.19151251 0.1923913  0.19218241 0.19197397 0.19176598 0.19155844
 0.19135135 0.19114471 0.19093851 0.19073276 0.19052745 0.19032258
 0.19011815 0.18991416 0.18971061 0.18950749 0.18930481 0.18910256
 0.18890075 0.18869936 0.1884984  0.18829787 0.18809777 0.18789809
 0.18875928 0.18855932 0.18835979 0.18816068 0.18796199 0.18776371
 0.18756586 0.18736842 0.1871714  0.18802521 0.18782791 0.18763103
 0.18743455 0.18723849 0.18704284 0.1868476  0.18665276 0.18645833
 0.18626431 0.18607069 0.18587747 0.18568465 0.18549223 0.18530021
 0.18510858 0.18491736 0.18472652 0.18453608 0.1853759  0.18518519
 0.18499486 0.18480493 0.18461538 0.18442623 0.18423746 0.18404908
 0.18386108]
recall: [0.00555556 0.01111111 0.01666667 0.02222222 0.02777778 0.02777778
 0.02777778 0.03333333 0.03333333 0.03888889 0.03888889 0.04444444
 0.05       0.05555556 0.06111111 0.06666667 0.06666667 0.07222222
 0.07222222 0.07222222 0.07777778 0.07777778 0.07777778 0.07777778
 0.08333333 0.08888889 0.09444444 0.09444444 0.09444444 0.1
 0.1        0.1        0.1        0.1        0.1        0.10555556
 0.10555556 0.10555556 0.10555556 0.11111111 0.11666667 0.11666667
 0.11666667 0.12222222 0.12222222 0.12222222 0.12222222 0.12777778
 0.12777778 0.13333333 0.13333333 0.13333333 0.13888889 0.13888889
 0.14444444 0.15       0.15       0.15555556 0.16111111 0.16666667
 0.16666667 0.17222222 0.17777778 0.17777778 0.18333333 0.18888889
 0.19444444 0.19444444 0.19444444 0.2        0.2        0.20555556
 0.21111111 0.21111111 0.21111111 0.21111111 0.21111111 0.21111111
 0.21666667 0.21666667 0.21666667 0.21666667 0.22222222 0.22777778
 0.23333333 0.23333333 0.23888889 0.24444444 0.24444444 0.24444444
 0.25       0.25       0.25555556 0.26111111 0.26111111 0.26666667
 0.27222222 0.27222222 0.27222222 0.27777778 0.27777778 0.27777778
 0.28333333 0.28333333 0.28333333 0.28333333 0.28333333 0.28333333
 0.28888889 0.28888889 0.29444444 0.29444444 0.29444444 0.29444444
 0.29444444 0.29444444 0.29444444 0.29444444 0.3        0.3
 0.3        0.3        0.3        0.3        0.3        0.3
 0.30555556 0.31111111 0.31111111 0.31666667 0.32222222 0.32777778
 0.32777778 0.32777778 0.32777778 0.32777778 0.32777778 0.33333333
 0.33888889 0.33888889 0.33888889 0.34444444 0.34444444 0.35
 0.35       0.35       0.35       0.35       0.35       0.35
 0.35555556 0.35555556 0.36111111 0.36111111 0.36666667 0.36666667
 0.36666667 0.36666667 0.37222222 0.37222222 0.37222222 0.37222222
 0.37777778 0.37777778 0.37777778 0.38333333 0.38333333 0.38333333
 0.38333333 0.38888889 0.38888889 0.38888889 0.38888889 0.38888889
 0.38888889 0.38888889 0.38888889 0.39444444 0.39444444 0.39444444
 0.39444444 0.39444444 0.39444444 0.39444444 0.4        0.4
 0.4        0.40555556 0.41111111 0.41111111 0.41111111 0.41111111
 0.41111111 0.41666667 0.41666667 0.41666667 0.41666667 0.42222222
 0.42222222 0.42222222 0.42222222 0.42777778 0.43333333 0.43333333
 0.43333333 0.43333333 0.43888889 0.43888889 0.44444444 0.44444444
 0.44444444 0.44444444 0.44444444 0.44444444 0.45       0.45
 0.45       0.45       0.45       0.45       0.45       0.45555556
 0.46111111 0.46111111 0.46111111 0.46111111 0.46111111 0.46666667
 0.47222222 0.47222222 0.47777778 0.47777778 0.47777778 0.47777778
 0.47777778 0.47777778 0.47777778 0.47777778 0.47777778 0.47777778
 0.47777778 0.47777778 0.47777778 0.47777778 0.47777778 0.48333333
 0.48333333 0.48333333 0.48333333 0.48888889 0.48888889 0.49444444
 0.49444444 0.49444444 0.49444444 0.49444444 0.5        0.5
 0.5        0.5        0.5        0.5        0.5        0.50555556
 0.50555556 0.50555556 0.50555556 0.50555556 0.50555556 0.50555556
 0.50555556 0.50555556 0.51111111 0.51111111 0.51111111 0.51111111
 0.51111111 0.51111111 0.51111111 0.51666667 0.51666667 0.51666667
 0.51666667 0.51666667 0.51666667 0.51666667 0.51666667 0.51666667
 0.51666667 0.51666667 0.51666667 0.51666667 0.51666667 0.52222222
 0.52222222 0.52222222 0.52222222 0.52222222 0.52222222 0.52222222
 0.52222222 0.52777778 0.52777778 0.52777778 0.53333333 0.53333333
 0.53333333 0.53333333 0.53333333 0.53333333 0.53333333 0.53888889
 0.53888889 0.53888889 0.53888889 0.53888889 0.53888889 0.53888889
 0.53888889 0.53888889 0.53888889 0.53888889 0.53888889 0.54444444
 0.55       0.55       0.55       0.55       0.55       0.55
 0.55       0.55       0.55555556 0.55555556 0.55555556 0.55555556
 0.55555556 0.55555556 0.56111111 0.56111111 0.56111111 0.56111111
 0.56111111 0.56111111 0.56111111 0.56111111 0.56111111 0.56111111
 0.56111111 0.56111111 0.56111111 0.56111111 0.56666667 0.56666667
 0.56666667 0.56666667 0.56666667 0.57222222 0.57222222 0.57222222
 0.57777778 0.57777778 0.57777778 0.57777778 0.57777778 0.57777778
 0.57777778 0.57777778 0.57777778 0.57777778 0.57777778 0.57777778
 0.57777778 0.57777778 0.57777778 0.57777778 0.57777778 0.57777778
 0.57777778 0.57777778 0.57777778 0.58333333 0.58888889 0.58888889
 0.58888889 0.58888889 0.58888889 0.58888889 0.59444444 0.6
 0.6        0.6        0.6        0.60555556 0.60555556 0.61111111
 0.61111111 0.61111111 0.61111111 0.61111111 0.61111111 0.61111111
 0.61111111 0.61111111 0.61111111 0.61111111 0.61111111 0.61111111
 0.61111111 0.61666667 0.61666667 0.61666667 0.61666667 0.61666667
 0.62222222 0.62222222 0.62222222 0.62222222 0.62777778 0.62777778
 0.62777778 0.62777778 0.63333333 0.63333333 0.63333333 0.63888889
 0.63888889 0.63888889 0.63888889 0.63888889 0.63888889 0.63888889
 0.63888889 0.63888889 0.63888889 0.63888889 0.64444444 0.64444444
 0.64444444 0.64444444 0.64444444 0.64444444 0.64444444 0.64444444
 0.64444444 0.64444444 0.64444444 0.64444444 0.64444444 0.64444444
 0.64444444 0.65       0.65       0.65       0.65       0.65
 0.65       0.65       0.65       0.65       0.65       0.65
 0.65555556 0.65555556 0.65555556 0.65555556 0.65555556 0.66111111
 0.66111111 0.66111111 0.66111111 0.66111111 0.66111111 0.66111111
 0.66666667 0.66666667 0.66666667 0.67222222 0.67222222 0.67222222
 0.67222222 0.67222222 0.67222222 0.67777778 0.68333333 0.68333333
 0.68333333 0.68333333 0.68333333 0.68888889 0.68888889 0.68888889
 0.68888889 0.68888889 0.68888889 0.68888889 0.68888889 0.68888889
 0.69444444 0.69444444 0.69444444 0.69444444 0.69444444 0.69444444
 0.69444444 0.69444444 0.69444444 0.69444444 0.69444444 0.69444444
 0.69444444 0.69444444 0.69444444 0.69444444 0.69444444 0.69444444
 0.69444444 0.69444444 0.69444444 0.69444444 0.69444444 0.69444444
 0.69444444 0.69444444 0.69444444 0.69444444 0.69444444 0.69444444
 0.69444444 0.7        0.70555556 0.71111111 0.71111111 0.71111111
 0.71111111 0.71111111 0.71111111 0.71111111 0.71111111 0.71111111
 0.71111111 0.71111111 0.71111111 0.71111111 0.71666667 0.71666667
 0.71666667 0.71666667 0.71666667 0.71666667 0.71666667 0.71666667
 0.71666667 0.71666667 0.71666667 0.71666667 0.71666667 0.71666667
 0.71666667 0.71666667 0.72222222 0.72222222 0.72222222 0.72222222
 0.72777778 0.73333333 0.73888889 0.74444444 0.74444444 0.74444444
 0.74444444 0.74444444 0.74444444 0.74444444 0.74444444 0.75
 0.75       0.75       0.75555556 0.75555556 0.75555556 0.75555556
 0.75555556 0.75555556 0.75555556 0.75555556 0.75555556 0.75555556
 0.75555556 0.75555556 0.76111111 0.76111111 0.76111111 0.76111111
 0.76111111 0.76666667 0.76666667 0.77222222 0.77222222 0.77222222
 0.77222222 0.77777778 0.77777778 0.77777778 0.77777778 0.77777778
 0.77777778 0.77777778 0.77777778 0.77777778 0.77777778 0.77777778
 0.77777778 0.77777778 0.77777778 0.78333333 0.78333333 0.78333333
 0.78333333 0.78333333 0.78333333 0.78888889 0.79444444 0.79444444
 0.8        0.8        0.8        0.8        0.8        0.8
 0.8        0.8        0.8        0.80555556 0.80555556 0.80555556
 0.80555556 0.81111111 0.81111111 0.81111111 0.81666667 0.81666667
 0.81666667 0.81666667 0.81666667 0.82222222 0.82222222 0.82222222
 0.82222222 0.82222222 0.82777778 0.82777778 0.82777778 0.83333333
 0.83333333 0.83333333 0.83333333 0.83888889 0.84444444 0.84444444
 0.84444444 0.84444444 0.84444444 0.84444444 0.84444444 0.84444444
 0.84444444 0.84444444 0.84444444 0.85       0.85       0.85
 0.85       0.85       0.85       0.85       0.85       0.85
 0.85555556 0.85555556 0.85555556 0.85555556 0.86111111 0.86111111
 0.86111111 0.86111111 0.86111111 0.86666667 0.86666667 0.86666667
 0.87222222 0.87222222 0.87222222 0.87222222 0.87222222 0.87222222
 0.87222222 0.87222222 0.87222222 0.87222222 0.87222222 0.87222222
 0.87222222 0.87222222 0.87222222 0.87222222 0.87222222 0.87222222
 0.87222222 0.87222222 0.87222222 0.87222222 0.87222222 0.87222222
 0.87222222 0.87222222 0.87222222 0.87777778 0.87777778 0.87777778
 0.87777778 0.87777778 0.87777778 0.87777778 0.88333333 0.88333333
 0.88333333 0.88333333 0.88333333 0.88333333 0.88333333 0.88333333
 0.88333333 0.88333333 0.88333333 0.88888889 0.88888889 0.88888889
 0.88888889 0.88888889 0.88888889 0.88888889 0.89444444 0.89444444
 0.89444444 0.89444444 0.89444444 0.89444444 0.89444444 0.89444444
 0.89444444 0.89444444 0.89444444 0.89444444 0.89444444 0.89444444
 0.89444444 0.89444444 0.89444444 0.89444444 0.89444444 0.89444444
 0.89444444 0.89444444 0.89444444 0.89444444 0.89444444 0.89444444
 0.89444444 0.89444444 0.89444444 0.89444444 0.89444444 0.89444444
 0.89444444 0.89444444 0.9        0.9        0.9        0.9
 0.9        0.9        0.9        0.9        0.9        0.9
 0.9        0.9        0.9        0.9        0.9        0.9
 0.9        0.9        0.9        0.9        0.9        0.9
 0.9        0.9        0.9        0.9        0.9        0.90555556
 0.90555556 0.90555556 0.90555556 0.91111111 0.91111111 0.91111111
 0.91666667 0.91666667 0.91666667 0.91666667 0.91666667 0.92222222
 0.92222222 0.92222222 0.92222222 0.92222222 0.92222222 0.92222222
 0.92222222 0.92222222 0.92222222 0.92222222 0.92222222 0.92222222
 0.92222222 0.92222222 0.92222222 0.92222222 0.92222222 0.92777778
 0.92777778 0.92777778 0.92777778 0.92777778 0.92777778 0.92777778
 0.92777778 0.92777778 0.92777778 0.92777778 0.92777778 0.92777778
 0.92777778 0.92777778 0.92777778 0.92777778 0.92777778 0.93333333
 0.93333333 0.93333333 0.93333333 0.93333333 0.93333333 0.93333333
 0.93333333 0.93333333 0.93333333 0.93333333 0.93333333 0.93333333
 0.93888889 0.93888889 0.93888889 0.93888889 0.93888889 0.93888889
 0.93888889 0.93888889 0.93888889 0.94444444 0.94444444 0.94444444
 0.94444444 0.94444444 0.94444444 0.94444444 0.94444444 0.94444444
 0.94444444 0.94444444 0.94444444 0.94444444 0.94444444 0.94444444
 0.94444444 0.94444444 0.94444444 0.94444444 0.94444444 0.95
 0.95       0.95       0.95555556 0.95555556 0.96111111 0.96111111
 0.96111111 0.96111111 0.96111111 0.96111111 0.96111111 0.96666667
 0.96666667 0.96666667 0.96666667 0.96666667 0.96666667 0.96666667
 0.96666667 0.97222222 0.97222222 0.97777778 0.97777778 0.97777778
 0.97777778 0.98333333 0.98333333 0.98333333 0.98333333 0.98333333
 0.98333333 0.98333333 0.98333333 0.98333333 0.98333333 0.98333333
 0.98333333 0.98333333 0.98333333 0.98333333 0.98333333 0.98333333
 0.98333333 0.98333333 0.98333333 0.98333333 0.98333333 0.98333333
 0.98888889 0.98888889 0.98888889 0.98888889 0.98888889 0.98888889
 0.98888889 0.98888889 0.98888889 0.99444444 0.99444444 0.99444444
 0.99444444 0.99444444 0.99444444 0.99444444 0.99444444 0.99444444
 0.99444444 0.99444444 0.99444444 0.99444444 0.99444444 0.99444444
 0.99444444 0.99444444 0.99444444 0.99444444 1.         1.
 1.         1.         1.         1.         1.         1.
 1.        ]
ℹ INFO: Experiment EXPERIMENT1Reg1 - mAP: 0.3830
✅ SUCCESS: Predictions saved to 'figures/'

------------------------------------------------------------
Sender: LSF System <lsfadmin@hpc.dtu.dk>
Subject: Job 23209895: <REG_1_CLF_1> in cluster <dcc> Done

Job <REG_1_CLF_1> was submitted from host <n-62-12-20> by user <s233498> in cluster <dcc> at Tue Nov 19 15:31:22 2024
Job was executed on host(s) <4*n-62-18-8>, in queue <c02516>, as user <s233498> in cluster <dcc> at Tue Nov 19 15:31:24 2024
</zhome/e3/f/203690> was used as the home directory.
</dtu/blackhole/0a/203690/02516-intro-to-dl-in-cv/poster-3-object-detection> was used as the working directory.
Started at Tue Nov 19 15:31:24 2024
Terminated at Tue Nov 19 16:19:55 2024
Results reported at Tue Nov 19 16:19:55 2024

Your job looked like:

------------------------------------------------------------
# LSBATCH: User input
#!/bin/bash
#BSUB -q c02516
#BSUB -n 4
#BSUB -gpu "num=1:mode=exclusive_process" 
#BSUB -J REG_1_CLF_1
#BSUB -R "span[hosts=1]"
#BSUB -R "rusage[mem=20GB]"
#BSUB -W 12:00
#BSUB -o job_outputs/REG_1_CLF_1_experiment%J.out
#BSUB -e job_outputs/REG_1_CLF_1_experiment%J.err

EXPERIMENT="EXPERIMENT1Reg1"
EPOCHS=50
LEARNING_RATE=1e-4
IOU_THRESHOLD=0.3
CONFIDENCE_THRESHOLD=0.5
WEIGHT_DECAY=1e-5
NUM_IMAGES=10

source /dtu/blackhole/0a/203690/miniconda3/bin/activate

conda activate project-3

python main.py \
    --experiment_name $EXPERIMENT \
    --num_images $NUM_IMAGES \
    --learning_rate $LEARNING_RATE \
    --num_epochs $EPOCHS \
    --iou_threshold $IOU_THRESHOLD \
    --confidence_threshold $CONFIDENCE_THRESHOLD \
    --weight_decay $WEIGHT_DECAY \
    --cls_weight 1.0 \
    --reg_weight 1.0



------------------------------------------------------------

Successfully completed.

Resource usage summary:

    CPU time :                                   3736.42 sec.
    Max Memory :                                 5254 MB
    Average Memory :                             3173.83 MB
    Total Requested Memory :                     81920.00 MB
    Delta Memory :                               76666.00 MB
    Max Swap :                                   -
    Max Processes :                              10
    Max Threads :                                40
    Run time :                                   2999 sec.
    Turnaround time :                            2913 sec.

The output (if any) is above this job summary.



PS:

Read file <job_outputs/REG_1_CLF_1_experiment23209895.err> for stderr output of this job.

