Traceback (most recent call last):
  File "/dtu/blackhole/0a/203690/02516-intro-to-dl-in-cv/poster-3-object-detection/main.py", line 35, in <module>
    train_model(model, dataloader, criterion_cls, criterion_bbox, optimizer, num_epochs=10)
  File "/dtu/blackhole/0a/203690/02516-intro-to-dl-in-cv/poster-3-object-detection/models/train.py", line 31, in train_model
    outputs_cls, outputs_bbox_transforms = model(images)
  File "/zhome/e3/f/203690/.local/lib/python3.9/site-packages/torch/nn/modules/module.py", line 1736, in _wrapped_call_impl
    return self._call_impl(*args, **kwargs)
  File "/zhome/e3/f/203690/.local/lib/python3.9/site-packages/torch/nn/modules/module.py", line 1747, in _call_impl
    return forward_call(*args, **kwargs)
  File "/dtu/blackhole/0a/203690/02516-intro-to-dl-in-cv/poster-3-object-detection/models/models.py", line 28, in forward
    features = self.backbone(x)
  File "/zhome/e3/f/203690/.local/lib/python3.9/site-packages/torch/nn/modules/module.py", line 1736, in _wrapped_call_impl
    return self._call_impl(*args, **kwargs)
  File "/zhome/e3/f/203690/.local/lib/python3.9/site-packages/torch/nn/modules/module.py", line 1747, in _call_impl
    return forward_call(*args, **kwargs)
  File "/zhome/e3/f/203690/.local/lib/python3.9/site-packages/torchvision/models/resnet.py", line 285, in forward
    return self._forward_impl(x)
  File "/zhome/e3/f/203690/.local/lib/python3.9/site-packages/torchvision/models/resnet.py", line 274, in _forward_impl
    x = self.layer2(x)
  File "/zhome/e3/f/203690/.local/lib/python3.9/site-packages/torch/nn/modules/module.py", line 1736, in _wrapped_call_impl
    return self._call_impl(*args, **kwargs)
  File "/zhome/e3/f/203690/.local/lib/python3.9/site-packages/torch/nn/modules/module.py", line 1747, in _call_impl
    return forward_call(*args, **kwargs)
  File "/zhome/e3/f/203690/.local/lib/python3.9/site-packages/torch/nn/modules/container.py", line 250, in forward
    input = module(input)
  File "/zhome/e3/f/203690/.local/lib/python3.9/site-packages/torch/nn/modules/module.py", line 1736, in _wrapped_call_impl
    return self._call_impl(*args, **kwargs)
  File "/zhome/e3/f/203690/.local/lib/python3.9/site-packages/torch/nn/modules/module.py", line 1747, in _call_impl
    return forward_call(*args, **kwargs)
  File "/zhome/e3/f/203690/.local/lib/python3.9/site-packages/torchvision/models/resnet.py", line 158, in forward
    identity = self.downsample(x)
  File "/zhome/e3/f/203690/.local/lib/python3.9/site-packages/torch/nn/modules/module.py", line 1736, in _wrapped_call_impl
    return self._call_impl(*args, **kwargs)
  File "/zhome/e3/f/203690/.local/lib/python3.9/site-packages/torch/nn/modules/module.py", line 1747, in _call_impl
    return forward_call(*args, **kwargs)
  File "/zhome/e3/f/203690/.local/lib/python3.9/site-packages/torch/nn/modules/container.py", line 250, in forward
    input = module(input)
  File "/zhome/e3/f/203690/.local/lib/python3.9/site-packages/torch/nn/modules/module.py", line 1736, in _wrapped_call_impl
    return self._call_impl(*args, **kwargs)
  File "/zhome/e3/f/203690/.local/lib/python3.9/site-packages/torch/nn/modules/module.py", line 1747, in _call_impl
    return forward_call(*args, **kwargs)
  File "/zhome/e3/f/203690/.local/lib/python3.9/site-packages/torch/nn/modules/batchnorm.py", line 193, in forward
    return F.batch_norm(
  File "/zhome/e3/f/203690/.local/lib/python3.9/site-packages/torch/nn/functional.py", line 2812, in batch_norm
    return torch.batch_norm(
torch.OutOfMemoryError: CUDA out of memory. Tried to allocate 288.00 MiB. GPU 0 has a total capacity of 9.50 GiB of which 202.00 MiB is free. Process 127626 has 88.00 MiB memory in use. Including non-PyTorch memory, this process has 9.28 GiB memory in use. Of the allocated memory 8.92 GiB is allocated by PyTorch, and 284.56 MiB is reserved by PyTorch but unallocated. If reserved but unallocated memory is large try setting PYTORCH_CUDA_ALLOC_CONF=expandable_segments:True to avoid fragmentation.  See documentation for Memory Management  (https://pytorch.org/docs/stable/notes/cuda.html#environment-variables)
